[0.010s] Invoking command in '/home/antonio/Documents/GitHub/Jimbot/build/realsense2_camera_msgs': CMAKE_PREFIX_PATH=/opt/ros/humble /usr/bin/cmake --build /home/antonio/Documents/GitHub/Jimbot/build/realsense2_camera_msgs -- -j16 -l16
[0.029s] [35m[1mConsolidate compiler generated dependencies of target realsense2_camera_msgs__rosidl_generator_c[0m
[0.033s] [  1%] Built target realsense2_camera_msgs__cpp
[0.034s] [ 12%] Built target realsense2_camera_msgs__rosidl_generator_c
[0.038s] [ 12%] Built target ament_cmake_python_copy_realsense2_camera_msgs
[0.038s] [35m[1mConsolidate compiler generated dependencies of target realsense2_camera_msgs__rosidl_typesupport_cpp[0m
[0.038s] [35m[1mConsolidate compiler generated dependencies of target realsense2_camera_msgs__rosidl_typesupport_fastrtps_cpp[0m
[0.039s] [35m[1mConsolidate compiler generated dependencies of target realsense2_camera_msgs__rosidl_typesupport_introspection_cpp[0m
[0.041s] [35m[1mConsolidate compiler generated dependencies of target realsense2_camera_msgs__rosidl_typesupport_c[0m
[0.042s] [35m[1mConsolidate compiler generated dependencies of target realsense2_camera_msgs__rosidl_typesupport_introspection_c[0m
[0.043s] [35m[1mConsolidate compiler generated dependencies of target realsense2_camera_msgs__rosidl_typesupport_fastrtps_c[0m
[0.047s] [ 23%] Built target realsense2_camera_msgs__rosidl_typesupport_c
[0.047s] [ 34%] Built target realsense2_camera_msgs__rosidl_typesupport_cpp
[0.048s] [ 45%] Built target realsense2_camera_msgs__rosidl_typesupport_fastrtps_cpp
[0.051s] [ 56%] Built target realsense2_camera_msgs__rosidl_typesupport_introspection_cpp
[0.052s] [ 67%] Built target realsense2_camera_msgs__rosidl_typesupport_introspection_c
[0.054s] [ 78%] Built target realsense2_camera_msgs__rosidl_typesupport_fastrtps_c
[0.064s] [ 78%] Built target realsense2_camera_msgs
[0.073s] [ 80%] Built target realsense2_camera_msgs__py
[0.078s] [35m[1mConsolidate compiler generated dependencies of target realsense2_camera_msgs__rosidl_generator_py[0m
[0.087s] [ 89%] Built target realsense2_camera_msgs__rosidl_generator_py
[0.092s] [35m[1mConsolidate compiler generated dependencies of target realsense2_camera_msgs__rosidl_typesupport_fastrtps_c__pyext[0m
[0.092s] [35m[1mConsolidate compiler generated dependencies of target realsense2_camera_msgs__rosidl_typesupport_introspection_c__pyext[0m
[0.092s] [35m[1mConsolidate compiler generated dependencies of target realsense2_camera_msgs__rosidl_typesupport_c__pyext[0m
[0.099s] [ 98%] Built target realsense2_camera_msgs__rosidl_typesupport_fastrtps_c__pyext
[0.099s] [100%] Built target realsense2_camera_msgs__rosidl_typesupport_introspection_c__pyext
[0.099s] [100%] Built target realsense2_camera_msgs__rosidl_typesupport_c__pyext
[0.156s] running egg_info
[0.157s] writing realsense2_camera_msgs.egg-info/PKG-INFO
[0.157s] writing dependency_links to realsense2_camera_msgs.egg-info/dependency_links.txt
[0.157s] writing top-level names to realsense2_camera_msgs.egg-info/top_level.txt
[0.158s] reading manifest file 'realsense2_camera_msgs.egg-info/SOURCES.txt'
[0.158s] writing manifest file 'realsense2_camera_msgs.egg-info/SOURCES.txt'
[0.172s] [100%] Built target ament_cmake_python_build_realsense2_camera_msgs_egg
[0.177s] Invoked command in '/home/antonio/Documents/GitHub/Jimbot/build/realsense2_camera_msgs' returned '0': CMAKE_PREFIX_PATH=/opt/ros/humble /usr/bin/cmake --build /home/antonio/Documents/GitHub/Jimbot/build/realsense2_camera_msgs -- -j16 -l16
[0.223s] Invoking command in '/home/antonio/Documents/GitHub/Jimbot/build/realsense2_camera_msgs': CMAKE_PREFIX_PATH=/opt/ros/humble /usr/bin/cmake --install /home/antonio/Documents/GitHub/Jimbot/build/realsense2_camera_msgs
[0.226s] -- Install configuration: ""
[0.227s] -- Up-to-date: /home/antonio/Documents/GitHub/Jimbot/install/realsense2_camera_msgs/share/ament_index/resource_index/rosidl_interfaces/realsense2_camera_msgs
[0.227s] -- Up-to-date: /home/antonio/Documents/GitHub/Jimbot/install/realsense2_camera_msgs/include/realsense2_camera_msgs/realsense2_camera_msgs
[0.227s] -- Up-to-date: /home/antonio/Documents/GitHub/Jimbot/install/realsense2_camera_msgs/include/realsense2_camera_msgs/realsense2_camera_msgs/msg
[0.227s] -- Up-to-date: /home/antonio/Documents/GitHub/Jimbot/install/realsense2_camera_msgs/include/realsense2_camera_msgs/realsense2_camera_msgs/msg/metadata.h
[0.227s] -- Up-to-date: /home/antonio/Documents/GitHub/Jimbot/install/realsense2_camera_msgs/include/realsense2_camera_msgs/realsense2_camera_msgs/msg/detail
[0.227s] -- Up-to-date: /home/antonio/Documents/GitHub/Jimbot/install/realsense2_camera_msgs/include/realsense2_camera_msgs/realsense2_camera_msgs/msg/detail/extrinsics__struct.h
[0.227s] -- Up-to-date: /home/antonio/Documents/GitHub/Jimbot/install/realsense2_camera_msgs/include/realsense2_camera_msgs/realsense2_camera_msgs/msg/detail/imu_info__struct.h
[0.227s] -- Up-to-date: /home/antonio/Documents/GitHub/Jimbot/install/realsense2_camera_msgs/include/realsense2_camera_msgs/realsense2_camera_msgs/msg/detail/metadata__struct.h
[0.227s] -- Up-to-date: /home/antonio/Documents/GitHub/Jimbot/install/realsense2_camera_msgs/include/realsense2_camera_msgs/realsense2_camera_msgs/msg/detail/imu_info__functions.c
[0.228s] -- Up-to-date: /home/antonio/Documents/GitHub/Jimbot/install/realsense2_camera_msgs/include/realsense2_camera_msgs/realsense2_camera_msgs/msg/detail/metadata__functions.c
[0.228s] -- Up-to-date: /home/antonio/Documents/GitHub/Jimbot/install/realsense2_camera_msgs/include/realsense2_camera_msgs/realsense2_camera_msgs/msg/detail/extrinsics__functions.h
[0.228s] -- Up-to-date: /home/antonio/Documents/GitHub/Jimbot/install/realsense2_camera_msgs/include/realsense2_camera_msgs/realsense2_camera_msgs/msg/detail/metadata__type_support.h
[0.228s] -- Up-to-date: /home/antonio/Documents/GitHub/Jimbot/install/realsense2_camera_msgs/include/realsense2_camera_msgs/realsense2_camera_msgs/msg/detail/imu_info__type_support.h
[0.228s] -- Up-to-date: /home/antonio/Documents/GitHub/Jimbot/install/realsense2_camera_msgs/include/realsense2_camera_msgs/realsense2_camera_msgs/msg/detail/extrinsics__functions.c
[0.228s] -- Up-to-date: /home/antonio/Documents/GitHub/Jimbot/install/realsense2_camera_msgs/include/realsense2_camera_msgs/realsense2_camera_msgs/msg/detail/imu_info__functions.h
[0.228s] -- Up-to-date: /home/antonio/Documents/GitHub/Jimbot/install/realsense2_camera_msgs/include/realsense2_camera_msgs/realsense2_camera_msgs/msg/detail/extrinsics__type_support.h
[0.228s] -- Up-to-date: /home/antonio/Documents/GitHub/Jimbot/install/realsense2_camera_msgs/include/realsense2_camera_msgs/realsense2_camera_msgs/msg/detail/metadata__functions.h
[0.228s] -- Up-to-date: /home/antonio/Documents/GitHub/Jimbot/install/realsense2_camera_msgs/include/realsense2_camera_msgs/realsense2_camera_msgs/msg/extrinsics.h
[0.228s] -- Up-to-date: /home/antonio/Documents/GitHub/Jimbot/install/realsense2_camera_msgs/include/realsense2_camera_msgs/realsense2_camera_msgs/msg/imu_info.h
[0.229s] -- Up-to-date: /home/antonio/Documents/GitHub/Jimbot/install/realsense2_camera_msgs/include/realsense2_camera_msgs/realsense2_camera_msgs/msg/rosidl_generator_c__visibility_control.h
[0.229s] -- Up-to-date: /home/antonio/Documents/GitHub/Jimbot/install/realsense2_camera_msgs/include/realsense2_camera_msgs/realsense2_camera_msgs/srv
[0.229s] -- Up-to-date: /home/antonio/Documents/GitHub/Jimbot/install/realsense2_camera_msgs/include/realsense2_camera_msgs/realsense2_camera_msgs/srv/detail
[0.229s] -- Up-to-date: /home/antonio/Documents/GitHub/Jimbot/install/realsense2_camera_msgs/include/realsense2_camera_msgs/realsense2_camera_msgs/srv/detail/device_info__functions.h
[0.229s] -- Up-to-date: /home/antonio/Documents/GitHub/Jimbot/install/realsense2_camera_msgs/include/realsense2_camera_msgs/realsense2_camera_msgs/srv/detail/device_info__type_support.h
[0.229s] -- Up-to-date: /home/antonio/Documents/GitHub/Jimbot/install/realsense2_camera_msgs/include/realsense2_camera_msgs/realsense2_camera_msgs/srv/detail/device_info__struct.h
[0.229s] -- Up-to-date: /home/antonio/Documents/GitHub/Jimbot/install/realsense2_camera_msgs/include/realsense2_camera_msgs/realsense2_camera_msgs/srv/detail/device_info__functions.c
[0.229s] -- Up-to-date: /home/antonio/Documents/GitHub/Jimbot/install/realsense2_camera_msgs/include/realsense2_camera_msgs/realsense2_camera_msgs/srv/device_info.h
[0.229s] -- Up-to-date: /home/antonio/Documents/GitHub/Jimbot/install/realsense2_camera_msgs/share/realsense2_camera_msgs/environment/library_path.sh
[0.229s] -- Up-to-date: /home/antonio/Documents/GitHub/Jimbot/install/realsense2_camera_msgs/share/realsense2_camera_msgs/environment/library_path.dsv
[0.229s] -- Up-to-date: /home/antonio/Documents/GitHub/Jimbot/install/realsense2_camera_msgs/lib/librealsense2_camera_msgs__rosidl_generator_c.so
[0.230s] -- Up-to-date: /home/antonio/Documents/GitHub/Jimbot/install/realsense2_camera_msgs/include/realsense2_camera_msgs/realsense2_camera_msgs
[0.230s] -- Up-to-date: /home/antonio/Documents/GitHub/Jimbot/install/realsense2_camera_msgs/include/realsense2_camera_msgs/realsense2_camera_msgs/msg
[0.230s] -- Up-to-date: /home/antonio/Documents/GitHub/Jimbot/install/realsense2_camera_msgs/include/realsense2_camera_msgs/realsense2_camera_msgs/msg/detail
[0.230s] -- Up-to-date: /home/antonio/Documents/GitHub/Jimbot/install/realsense2_camera_msgs/include/realsense2_camera_msgs/realsense2_camera_msgs/msg/detail/imu_info__rosidl_typesupport_fastrtps_c.h
[0.230s] -- Up-to-date: /home/antonio/Documents/GitHub/Jimbot/install/realsense2_camera_msgs/include/realsense2_camera_msgs/realsense2_camera_msgs/msg/detail/extrinsics__rosidl_typesupport_fastrtps_c.h
[0.230s] -- Up-to-date: /home/antonio/Documents/GitHub/Jimbot/install/realsense2_camera_msgs/include/realsense2_camera_msgs/realsense2_camera_msgs/msg/detail/metadata__rosidl_typesupport_fastrtps_c.h
[0.230s] -- Up-to-date: /home/antonio/Documents/GitHub/Jimbot/install/realsense2_camera_msgs/include/realsense2_camera_msgs/realsense2_camera_msgs/msg/rosidl_typesupport_fastrtps_c__visibility_control.h
[0.230s] -- Up-to-date: /home/antonio/Documents/GitHub/Jimbot/install/realsense2_camera_msgs/include/realsense2_camera_msgs/realsense2_camera_msgs/srv
[0.230s] -- Up-to-date: /home/antonio/Documents/GitHub/Jimbot/install/realsense2_camera_msgs/include/realsense2_camera_msgs/realsense2_camera_msgs/srv/detail
[0.230s] -- Up-to-date: /home/antonio/Documents/GitHub/Jimbot/install/realsense2_camera_msgs/include/realsense2_camera_msgs/realsense2_camera_msgs/srv/detail/device_info__rosidl_typesupport_fastrtps_c.h
[0.230s] -- Up-to-date: /home/antonio/Documents/GitHub/Jimbot/install/realsense2_camera_msgs/lib/librealsense2_camera_msgs__rosidl_typesupport_fastrtps_c.so
[0.230s] -- Up-to-date: /home/antonio/Documents/GitHub/Jimbot/install/realsense2_camera_msgs/include/realsense2_camera_msgs/realsense2_camera_msgs
[0.230s] -- Up-to-date: /home/antonio/Documents/GitHub/Jimbot/install/realsense2_camera_msgs/include/realsense2_camera_msgs/realsense2_camera_msgs/msg
[0.230s] -- Up-to-date: /home/antonio/Documents/GitHub/Jimbot/install/realsense2_camera_msgs/include/realsense2_camera_msgs/realsense2_camera_msgs/msg/detail
[0.230s] -- Up-to-date: /home/antonio/Documents/GitHub/Jimbot/install/realsense2_camera_msgs/include/realsense2_camera_msgs/realsense2_camera_msgs/msg/detail/imu_info__rosidl_typesupport_introspection_c.h
[0.231s] -- Up-to-date: /home/antonio/Documents/GitHub/Jimbot/install/realsense2_camera_msgs/include/realsense2_camera_msgs/realsense2_camera_msgs/msg/detail/extrinsics__type_support.c
[0.231s] -- Up-to-date: /home/antonio/Documents/GitHub/Jimbot/install/realsense2_camera_msgs/include/realsense2_camera_msgs/realsense2_camera_msgs/msg/detail/metadata__rosidl_typesupport_introspection_c.h
[0.231s] -- Up-to-date: /home/antonio/Documents/GitHub/Jimbot/install/realsense2_camera_msgs/include/realsense2_camera_msgs/realsense2_camera_msgs/msg/detail/extrinsics__rosidl_typesupport_introspection_c.h
[0.231s] -- Up-to-date: /home/antonio/Documents/GitHub/Jimbot/install/realsense2_camera_msgs/include/realsense2_camera_msgs/realsense2_camera_msgs/msg/detail/imu_info__type_support.c
[0.231s] -- Up-to-date: /home/antonio/Documents/GitHub/Jimbot/install/realsense2_camera_msgs/include/realsense2_camera_msgs/realsense2_camera_msgs/msg/detail/metadata__type_support.c
[0.231s] -- Up-to-date: /home/antonio/Documents/GitHub/Jimbot/install/realsense2_camera_msgs/include/realsense2_camera_msgs/realsense2_camera_msgs/msg/rosidl_typesupport_introspection_c__visibility_control.h
[0.231s] -- Up-to-date: /home/antonio/Documents/GitHub/Jimbot/install/realsense2_camera_msgs/include/realsense2_camera_msgs/realsense2_camera_msgs/srv
[0.231s] -- Up-to-date: /home/antonio/Documents/GitHub/Jimbot/install/realsense2_camera_msgs/include/realsense2_camera_msgs/realsense2_camera_msgs/srv/detail
[0.231s] -- Up-to-date: /home/antonio/Documents/GitHub/Jimbot/install/realsense2_camera_msgs/include/realsense2_camera_msgs/realsense2_camera_msgs/srv/detail/device_info__rosidl_typesupport_introspection_c.h
[0.231s] -- Up-to-date: /home/antonio/Documents/GitHub/Jimbot/install/realsense2_camera_msgs/include/realsense2_camera_msgs/realsense2_camera_msgs/srv/detail/device_info__type_support.c
[0.231s] -- Up-to-date: /home/antonio/Documents/GitHub/Jimbot/install/realsense2_camera_msgs/lib/librealsense2_camera_msgs__rosidl_typesupport_introspection_c.so
[0.231s] -- Up-to-date: /home/antonio/Documents/GitHub/Jimbot/install/realsense2_camera_msgs/lib/librealsense2_camera_msgs__rosidl_typesupport_c.so
[0.231s] -- Up-to-date: /home/antonio/Documents/GitHub/Jimbot/install/realsense2_camera_msgs/include/realsense2_camera_msgs/realsense2_camera_msgs
[0.231s] -- Up-to-date: /home/antonio/Documents/GitHub/Jimbot/install/realsense2_camera_msgs/include/realsense2_camera_msgs/realsense2_camera_msgs/msg
[0.232s] -- Up-to-date: /home/antonio/Documents/GitHub/Jimbot/install/realsense2_camera_msgs/include/realsense2_camera_msgs/realsense2_camera_msgs/msg/extrinsics.hpp
[0.232s] -- Up-to-date: /home/antonio/Documents/GitHub/Jimbot/install/realsense2_camera_msgs/include/realsense2_camera_msgs/realsense2_camera_msgs/msg/imu_info.hpp
[0.232s] -- Up-to-date: /home/antonio/Documents/GitHub/Jimbot/install/realsense2_camera_msgs/include/realsense2_camera_msgs/realsense2_camera_msgs/msg/detail
[0.232s] -- Up-to-date: /home/antonio/Documents/GitHub/Jimbot/install/realsense2_camera_msgs/include/realsense2_camera_msgs/realsense2_camera_msgs/msg/detail/metadata__traits.hpp
[0.232s] -- Up-to-date: /home/antonio/Documents/GitHub/Jimbot/install/realsense2_camera_msgs/include/realsense2_camera_msgs/realsense2_camera_msgs/msg/detail/extrinsics__traits.hpp
[0.232s] -- Up-to-date: /home/antonio/Documents/GitHub/Jimbot/install/realsense2_camera_msgs/include/realsense2_camera_msgs/realsense2_camera_msgs/msg/detail/metadata__builder.hpp
[0.232s] -- Up-to-date: /home/antonio/Documents/GitHub/Jimbot/install/realsense2_camera_msgs/include/realsense2_camera_msgs/realsense2_camera_msgs/msg/detail/imu_info__traits.hpp
[0.232s] -- Up-to-date: /home/antonio/Documents/GitHub/Jimbot/install/realsense2_camera_msgs/include/realsense2_camera_msgs/realsense2_camera_msgs/msg/detail/extrinsics__struct.hpp
[0.232s] -- Up-to-date: /home/antonio/Documents/GitHub/Jimbot/install/realsense2_camera_msgs/include/realsense2_camera_msgs/realsense2_camera_msgs/msg/detail/imu_info__builder.hpp
[0.232s] -- Up-to-date: /home/antonio/Documents/GitHub/Jimbot/install/realsense2_camera_msgs/include/realsense2_camera_msgs/realsense2_camera_msgs/msg/detail/imu_info__struct.hpp
[0.232s] -- Up-to-date: /home/antonio/Documents/GitHub/Jimbot/install/realsense2_camera_msgs/include/realsense2_camera_msgs/realsense2_camera_msgs/msg/detail/metadata__struct.hpp
[0.232s] -- Up-to-date: /home/antonio/Documents/GitHub/Jimbot/install/realsense2_camera_msgs/include/realsense2_camera_msgs/realsense2_camera_msgs/msg/detail/extrinsics__builder.hpp
[0.232s] -- Up-to-date: /home/antonio/Documents/GitHub/Jimbot/install/realsense2_camera_msgs/include/realsense2_camera_msgs/realsense2_camera_msgs/msg/metadata.hpp
[0.232s] -- Up-to-date: /home/antonio/Documents/GitHub/Jimbot/install/realsense2_camera_msgs/include/realsense2_camera_msgs/realsense2_camera_msgs/srv
[0.232s] -- Up-to-date: /home/antonio/Documents/GitHub/Jimbot/install/realsense2_camera_msgs/include/realsense2_camera_msgs/realsense2_camera_msgs/srv/detail
[0.233s] -- Up-to-date: /home/antonio/Documents/GitHub/Jimbot/install/realsense2_camera_msgs/include/realsense2_camera_msgs/realsense2_camera_msgs/srv/detail/device_info__traits.hpp
[0.233s] -- Up-to-date: /home/antonio/Documents/GitHub/Jimbot/install/realsense2_camera_msgs/include/realsense2_camera_msgs/realsense2_camera_msgs/srv/detail/device_info__builder.hpp
[0.233s] -- Up-to-date: /home/antonio/Documents/GitHub/Jimbot/install/realsense2_camera_msgs/include/realsense2_camera_msgs/realsense2_camera_msgs/srv/detail/device_info__struct.hpp
[0.233s] -- Up-to-date: /home/antonio/Documents/GitHub/Jimbot/install/realsense2_camera_msgs/include/realsense2_camera_msgs/realsense2_camera_msgs/srv/device_info.hpp
[0.233s] -- Up-to-date: /home/antonio/Documents/GitHub/Jimbot/install/realsense2_camera_msgs/include/realsense2_camera_msgs/realsense2_camera_msgs
[0.233s] -- Up-to-date: /home/antonio/Documents/GitHub/Jimbot/install/realsense2_camera_msgs/include/realsense2_camera_msgs/realsense2_camera_msgs/msg
[0.233s] -- Up-to-date: /home/antonio/Documents/GitHub/Jimbot/install/realsense2_camera_msgs/include/realsense2_camera_msgs/realsense2_camera_msgs/msg/detail
[0.233s] -- Up-to-date: /home/antonio/Documents/GitHub/Jimbot/install/realsense2_camera_msgs/include/realsense2_camera_msgs/realsense2_camera_msgs/msg/detail/metadata__rosidl_typesupport_fastrtps_cpp.hpp
[0.233s] -- Up-to-date: /home/antonio/Documents/GitHub/Jimbot/install/realsense2_camera_msgs/include/realsense2_camera_msgs/realsense2_camera_msgs/msg/detail/imu_info__rosidl_typesupport_fastrtps_cpp.hpp
[0.233s] -- Up-to-date: /home/antonio/Documents/GitHub/Jimbot/install/realsense2_camera_msgs/include/realsense2_camera_msgs/realsense2_camera_msgs/msg/detail/dds_fastrtps
[0.233s] -- Up-to-date: /home/antonio/Documents/GitHub/Jimbot/install/realsense2_camera_msgs/include/realsense2_camera_msgs/realsense2_camera_msgs/msg/detail/extrinsics__rosidl_typesupport_fastrtps_cpp.hpp
[0.233s] -- Up-to-date: /home/antonio/Documents/GitHub/Jimbot/install/realsense2_camera_msgs/include/realsense2_camera_msgs/realsense2_camera_msgs/msg/rosidl_typesupport_fastrtps_cpp__visibility_control.h
[0.233s] -- Up-to-date: /home/antonio/Documents/GitHub/Jimbot/install/realsense2_camera_msgs/include/realsense2_camera_msgs/realsense2_camera_msgs/srv
[0.233s] -- Up-to-date: /home/antonio/Documents/GitHub/Jimbot/install/realsense2_camera_msgs/include/realsense2_camera_msgs/realsense2_camera_msgs/srv/detail
[0.234s] -- Up-to-date: /home/antonio/Documents/GitHub/Jimbot/install/realsense2_camera_msgs/include/realsense2_camera_msgs/realsense2_camera_msgs/srv/detail/device_info__rosidl_typesupport_fastrtps_cpp.hpp
[0.234s] -- Up-to-date: /home/antonio/Documents/GitHub/Jimbot/install/realsense2_camera_msgs/include/realsense2_camera_msgs/realsense2_camera_msgs/srv/detail/dds_fastrtps
[0.234s] -- Up-to-date: /home/antonio/Documents/GitHub/Jimbot/install/realsense2_camera_msgs/lib/librealsense2_camera_msgs__rosidl_typesupport_fastrtps_cpp.so
[0.234s] -- Up-to-date: /home/antonio/Documents/GitHub/Jimbot/install/realsense2_camera_msgs/include/realsense2_camera_msgs/realsense2_camera_msgs
[0.234s] -- Up-to-date: /home/antonio/Documents/GitHub/Jimbot/install/realsense2_camera_msgs/include/realsense2_camera_msgs/realsense2_camera_msgs/msg
[0.234s] -- Up-to-date: /home/antonio/Documents/GitHub/Jimbot/install/realsense2_camera_msgs/include/realsense2_camera_msgs/realsense2_camera_msgs/msg/detail
[0.234s] -- Up-to-date: /home/antonio/Documents/GitHub/Jimbot/install/realsense2_camera_msgs/include/realsense2_camera_msgs/realsense2_camera_msgs/msg/detail/metadata__rosidl_typesupport_introspection_cpp.hpp
[0.234s] -- Up-to-date: /home/antonio/Documents/GitHub/Jimbot/install/realsense2_camera_msgs/include/realsense2_camera_msgs/realsense2_camera_msgs/msg/detail/imu_info__rosidl_typesupport_introspection_cpp.hpp
[0.234s] -- Up-to-date: /home/antonio/Documents/GitHub/Jimbot/install/realsense2_camera_msgs/include/realsense2_camera_msgs/realsense2_camera_msgs/msg/detail/imu_info__type_support.cpp
[0.234s] -- Up-to-date: /home/antonio/Documents/GitHub/Jimbot/install/realsense2_camera_msgs/include/realsense2_camera_msgs/realsense2_camera_msgs/msg/detail/extrinsics__rosidl_typesupport_introspection_cpp.hpp
[0.234s] -- Up-to-date: /home/antonio/Documents/GitHub/Jimbot/install/realsense2_camera_msgs/include/realsense2_camera_msgs/realsense2_camera_msgs/msg/detail/metadata__type_support.cpp
[0.234s] -- Up-to-date: /home/antonio/Documents/GitHub/Jimbot/install/realsense2_camera_msgs/include/realsense2_camera_msgs/realsense2_camera_msgs/msg/detail/extrinsics__type_support.cpp
[0.234s] -- Up-to-date: /home/antonio/Documents/GitHub/Jimbot/install/realsense2_camera_msgs/include/realsense2_camera_msgs/realsense2_camera_msgs/srv
[0.234s] -- Up-to-date: /home/antonio/Documents/GitHub/Jimbot/install/realsense2_camera_msgs/include/realsense2_camera_msgs/realsense2_camera_msgs/srv/detail
[0.234s] -- Up-to-date: /home/antonio/Documents/GitHub/Jimbot/install/realsense2_camera_msgs/include/realsense2_camera_msgs/realsense2_camera_msgs/srv/detail/device_info__type_support.cpp
[0.234s] -- Up-to-date: /home/antonio/Documents/GitHub/Jimbot/install/realsense2_camera_msgs/include/realsense2_camera_msgs/realsense2_camera_msgs/srv/detail/device_info__rosidl_typesupport_introspection_cpp.hpp
[0.234s] -- Up-to-date: /home/antonio/Documents/GitHub/Jimbot/install/realsense2_camera_msgs/lib/librealsense2_camera_msgs__rosidl_typesupport_introspection_cpp.so
[0.234s] -- Up-to-date: /home/antonio/Documents/GitHub/Jimbot/install/realsense2_camera_msgs/lib/librealsense2_camera_msgs__rosidl_typesupport_cpp.so
[0.235s] -- Up-to-date: /home/antonio/Documents/GitHub/Jimbot/install/realsense2_camera_msgs/share/realsense2_camera_msgs/environment/pythonpath.sh
[0.235s] -- Up-to-date: /home/antonio/Documents/GitHub/Jimbot/install/realsense2_camera_msgs/share/realsense2_camera_msgs/environment/pythonpath.dsv
[0.235s] -- Up-to-date: /home/antonio/Documents/GitHub/Jimbot/install/realsense2_camera_msgs/local/lib/python3.10/dist-packages/realsense2_camera_msgs-4.51.1-py3.10.egg-info
[0.235s] -- Installing: /home/antonio/Documents/GitHub/Jimbot/install/realsense2_camera_msgs/local/lib/python3.10/dist-packages/realsense2_camera_msgs-4.51.1-py3.10.egg-info/PKG-INFO
[0.235s] -- Installing: /home/antonio/Documents/GitHub/Jimbot/install/realsense2_camera_msgs/local/lib/python3.10/dist-packages/realsense2_camera_msgs-4.51.1-py3.10.egg-info/top_level.txt
[0.235s] -- Installing: /home/antonio/Documents/GitHub/Jimbot/install/realsense2_camera_msgs/local/lib/python3.10/dist-packages/realsense2_camera_msgs-4.51.1-py3.10.egg-info/SOURCES.txt
[0.235s] -- Installing: /home/antonio/Documents/GitHub/Jimbot/install/realsense2_camera_msgs/local/lib/python3.10/dist-packages/realsense2_camera_msgs-4.51.1-py3.10.egg-info/dependency_links.txt
[0.235s] -- Up-to-date: /home/antonio/Documents/GitHub/Jimbot/install/realsense2_camera_msgs/local/lib/python3.10/dist-packages/realsense2_camera_msgs
[0.235s] -- Up-to-date: /home/antonio/Documents/GitHub/Jimbot/install/realsense2_camera_msgs/local/lib/python3.10/dist-packages/realsense2_camera_msgs/librealsense2_camera_msgs__rosidl_generator_py.so
[0.235s] -- Up-to-date: /home/antonio/Documents/GitHub/Jimbot/install/realsense2_camera_msgs/local/lib/python3.10/dist-packages/realsense2_camera_msgs/__init__.py
[0.235s] -- Up-to-date: /home/antonio/Documents/GitHub/Jimbot/install/realsense2_camera_msgs/local/lib/python3.10/dist-packages/realsense2_camera_msgs/msg
[0.235s] -- Up-to-date: /home/antonio/Documents/GitHub/Jimbot/install/realsense2_camera_msgs/local/lib/python3.10/dist-packages/realsense2_camera_msgs/msg/__init__.py
[0.235s] -- Up-to-date: /home/antonio/Documents/GitHub/Jimbot/install/realsense2_camera_msgs/local/lib/python3.10/dist-packages/realsense2_camera_msgs/msg/_extrinsics.py
[0.235s] -- Up-to-date: /home/antonio/Documents/GitHub/Jimbot/install/realsense2_camera_msgs/local/lib/python3.10/dist-packages/realsense2_camera_msgs/msg/_extrinsics_s.c
[0.235s] -- Up-to-date: /home/antonio/Documents/GitHub/Jimbot/install/realsense2_camera_msgs/local/lib/python3.10/dist-packages/realsense2_camera_msgs/msg/_imu_info.py
[0.235s] -- Up-to-date: /home/antonio/Documents/GitHub/Jimbot/install/realsense2_camera_msgs/local/lib/python3.10/dist-packages/realsense2_camera_msgs/msg/_imu_info_s.c
[0.235s] -- Up-to-date: /home/antonio/Documents/GitHub/Jimbot/install/realsense2_camera_msgs/local/lib/python3.10/dist-packages/realsense2_camera_msgs/msg/_metadata_s.c
[0.235s] -- Up-to-date: /home/antonio/Documents/GitHub/Jimbot/install/realsense2_camera_msgs/local/lib/python3.10/dist-packages/realsense2_camera_msgs/msg/_metadata.py
[0.235s] -- Up-to-date: /home/antonio/Documents/GitHub/Jimbot/install/realsense2_camera_msgs/local/lib/python3.10/dist-packages/realsense2_camera_msgs/realsense2_camera_msgs_s__rosidl_typesupport_introspection_c.cpython-310-x86_64-linux-gnu.so
[0.235s] -- Up-to-date: /home/antonio/Documents/GitHub/Jimbot/install/realsense2_camera_msgs/local/lib/python3.10/dist-packages/realsense2_camera_msgs/realsense2_camera_msgs_s__rosidl_typesupport_c.cpython-310-x86_64-linux-gnu.so
[0.235s] -- Up-to-date: /home/antonio/Documents/GitHub/Jimbot/install/realsense2_camera_msgs/local/lib/python3.10/dist-packages/realsense2_camera_msgs/_realsense2_camera_msgs_s.ep.rosidl_typesupport_c.c
[0.235s] -- Up-to-date: /home/antonio/Documents/GitHub/Jimbot/install/realsense2_camera_msgs/local/lib/python3.10/dist-packages/realsense2_camera_msgs/realsense2_camera_msgs_s__rosidl_typesupport_fastrtps_c.cpython-310-x86_64-linux-gnu.so
[0.235s] -- Up-to-date: /home/antonio/Documents/GitHub/Jimbot/install/realsense2_camera_msgs/local/lib/python3.10/dist-packages/realsense2_camera_msgs/srv
[0.235s] -- Up-to-date: /home/antonio/Documents/GitHub/Jimbot/install/realsense2_camera_msgs/local/lib/python3.10/dist-packages/realsense2_camera_msgs/srv/__init__.py
[0.235s] -- Up-to-date: /home/antonio/Documents/GitHub/Jimbot/install/realsense2_camera_msgs/local/lib/python3.10/dist-packages/realsense2_camera_msgs/srv/_device_info.py
[0.235s] -- Up-to-date: /home/antonio/Documents/GitHub/Jimbot/install/realsense2_camera_msgs/local/lib/python3.10/dist-packages/realsense2_camera_msgs/srv/_device_info_s.c
[0.235s] -- Up-to-date: /home/antonio/Documents/GitHub/Jimbot/install/realsense2_camera_msgs/local/lib/python3.10/dist-packages/realsense2_camera_msgs/_realsense2_camera_msgs_s.ep.rosidl_typesupport_fastrtps_c.c
[0.235s] -- Up-to-date: /home/antonio/Documents/GitHub/Jimbot/install/realsense2_camera_msgs/local/lib/python3.10/dist-packages/realsense2_camera_msgs/_realsense2_camera_msgs_s.ep.rosidl_typesupport_introspection_c.c
[0.245s] Listing '/home/antonio/Documents/GitHub/Jimbot/install/realsense2_camera_msgs/local/lib/python3.10/dist-packages/realsense2_camera_msgs'...
[0.245s] Listing '/home/antonio/Documents/GitHub/Jimbot/install/realsense2_camera_msgs/local/lib/python3.10/dist-packages/realsense2_camera_msgs/msg'...
[0.245s] Listing '/home/antonio/Documents/GitHub/Jimbot/install/realsense2_camera_msgs/local/lib/python3.10/dist-packages/realsense2_camera_msgs/srv'...
[0.247s] -- Up-to-date: /home/antonio/Documents/GitHub/Jimbot/install/realsense2_camera_msgs/local/lib/python3.10/dist-packages/realsense2_camera_msgs/realsense2_camera_msgs_s__rosidl_typesupport_fastrtps_c.cpython-310-x86_64-linux-gnu.so
[0.247s] -- Up-to-date: /home/antonio/Documents/GitHub/Jimbot/install/realsense2_camera_msgs/local/lib/python3.10/dist-packages/realsense2_camera_msgs/realsense2_camera_msgs_s__rosidl_typesupport_introspection_c.cpython-310-x86_64-linux-gnu.so
[0.248s] -- Up-to-date: /home/antonio/Documents/GitHub/Jimbot/install/realsense2_camera_msgs/local/lib/python3.10/dist-packages/realsense2_camera_msgs/realsense2_camera_msgs_s__rosidl_typesupport_c.cpython-310-x86_64-linux-gnu.so
[0.248s] -- Up-to-date: /home/antonio/Documents/GitHub/Jimbot/install/realsense2_camera_msgs/lib/librealsense2_camera_msgs__rosidl_generator_py.so
[0.248s] -- Up-to-date: /home/antonio/Documents/GitHub/Jimbot/install/realsense2_camera_msgs/share/realsense2_camera_msgs/msg/IMUInfo.idl
[0.248s] -- Up-to-date: /home/antonio/Documents/GitHub/Jimbot/install/realsense2_camera_msgs/share/realsense2_camera_msgs/msg/Extrinsics.idl
[0.248s] -- Up-to-date: /home/antonio/Documents/GitHub/Jimbot/install/realsense2_camera_msgs/share/realsense2_camera_msgs/msg/Metadata.idl
[0.248s] -- Up-to-date: /home/antonio/Documents/GitHub/Jimbot/install/realsense2_camera_msgs/share/realsense2_camera_msgs/srv/DeviceInfo.idl
[0.248s] -- Up-to-date: /home/antonio/Documents/GitHub/Jimbot/install/realsense2_camera_msgs/share/realsense2_camera_msgs/msg/IMUInfo.msg
[0.248s] -- Up-to-date: /home/antonio/Documents/GitHub/Jimbot/install/realsense2_camera_msgs/share/realsense2_camera_msgs/msg/Extrinsics.msg
[0.248s] -- Up-to-date: /home/antonio/Documents/GitHub/Jimbot/install/realsense2_camera_msgs/share/realsense2_camera_msgs/msg/Metadata.msg
[0.248s] -- Up-to-date: /home/antonio/Documents/GitHub/Jimbot/install/realsense2_camera_msgs/share/realsense2_camera_msgs/srv/DeviceInfo.srv
[0.249s] -- Up-to-date: /home/antonio/Documents/GitHub/Jimbot/install/realsense2_camera_msgs/share/realsense2_camera_msgs/srv/DeviceInfo_Request.msg
[0.249s] -- Up-to-date: /home/antonio/Documents/GitHub/Jimbot/install/realsense2_camera_msgs/share/realsense2_camera_msgs/srv/DeviceInfo_Response.msg
[0.249s] -- Up-to-date: /home/antonio/Documents/GitHub/Jimbot/install/realsense2_camera_msgs/share/ament_index/resource_index/package_run_dependencies/realsense2_camera_msgs
[0.249s] -- Up-to-date: /home/antonio/Documents/GitHub/Jimbot/install/realsense2_camera_msgs/share/ament_index/resource_index/parent_prefix_path/realsense2_camera_msgs
[0.249s] -- Up-to-date: /home/antonio/Documents/GitHub/Jimbot/install/realsense2_camera_msgs/share/realsense2_camera_msgs/environment/ament_prefix_path.sh
[0.249s] -- Up-to-date: /home/antonio/Documents/GitHub/Jimbot/install/realsense2_camera_msgs/share/realsense2_camera_msgs/environment/ament_prefix_path.dsv
[0.249s] -- Up-to-date: /home/antonio/Documents/GitHub/Jimbot/install/realsense2_camera_msgs/share/realsense2_camera_msgs/environment/path.sh
[0.249s] -- Up-to-date: /home/antonio/Documents/GitHub/Jimbot/install/realsense2_camera_msgs/share/realsense2_camera_msgs/environment/path.dsv
[0.249s] -- Up-to-date: /home/antonio/Documents/GitHub/Jimbot/install/realsense2_camera_msgs/share/realsense2_camera_msgs/local_setup.bash
[0.249s] -- Up-to-date: /home/antonio/Documents/GitHub/Jimbot/install/realsense2_camera_msgs/share/realsense2_camera_msgs/local_setup.sh
[0.249s] -- Up-to-date: /home/antonio/Documents/GitHub/Jimbot/install/realsense2_camera_msgs/share/realsense2_camera_msgs/local_setup.zsh
[0.249s] -- Up-to-date: /home/antonio/Documents/GitHub/Jimbot/install/realsense2_camera_msgs/share/realsense2_camera_msgs/local_setup.dsv
[0.250s] -- Installing: /home/antonio/Documents/GitHub/Jimbot/install/realsense2_camera_msgs/share/realsense2_camera_msgs/package.dsv
[0.250s] -- Up-to-date: /home/antonio/Documents/GitHub/Jimbot/install/realsense2_camera_msgs/share/ament_index/resource_index/packages/realsense2_camera_msgs
[0.250s] -- Up-to-date: /home/antonio/Documents/GitHub/Jimbot/install/realsense2_camera_msgs/share/realsense2_camera_msgs/cmake/export_realsense2_camera_msgs__rosidl_generator_cExport.cmake
[0.250s] -- Up-to-date: /home/antonio/Documents/GitHub/Jimbot/install/realsense2_camera_msgs/share/realsense2_camera_msgs/cmake/export_realsense2_camera_msgs__rosidl_generator_cExport-noconfig.cmake
[0.250s] -- Up-to-date: /home/antonio/Documents/GitHub/Jimbot/install/realsense2_camera_msgs/share/realsense2_camera_msgs/cmake/export_realsense2_camera_msgs__rosidl_typesupport_fastrtps_cExport.cmake
[0.250s] -- Up-to-date: /home/antonio/Documents/GitHub/Jimbot/install/realsense2_camera_msgs/share/realsense2_camera_msgs/cmake/export_realsense2_camera_msgs__rosidl_typesupport_fastrtps_cExport-noconfig.cmake
[0.251s] -- Up-to-date: /home/antonio/Documents/GitHub/Jimbot/install/realsense2_camera_msgs/share/realsense2_camera_msgs/cmake/realsense2_camera_msgs__rosidl_typesupport_introspection_cExport.cmake
[0.251s] -- Up-to-date: /home/antonio/Documents/GitHub/Jimbot/install/realsense2_camera_msgs/share/realsense2_camera_msgs/cmake/realsense2_camera_msgs__rosidl_typesupport_introspection_cExport-noconfig.cmake
[0.252s] -- Up-to-date: /home/antonio/Documents/GitHub/Jimbot/install/realsense2_camera_msgs/share/realsense2_camera_msgs/cmake/realsense2_camera_msgs__rosidl_typesupport_cExport.cmake
[0.252s] -- Up-to-date: /home/antonio/Documents/GitHub/Jimbot/install/realsense2_camera_msgs/share/realsense2_camera_msgs/cmake/realsense2_camera_msgs__rosidl_typesupport_cExport-noconfig.cmake
[0.252s] -- Up-to-date: /home/antonio/Documents/GitHub/Jimbot/install/realsense2_camera_msgs/share/realsense2_camera_msgs/cmake/export_realsense2_camera_msgs__rosidl_generator_cppExport.cmake
[0.252s] -- Up-to-date: /home/antonio/Documents/GitHub/Jimbot/install/realsense2_camera_msgs/share/realsense2_camera_msgs/cmake/export_realsense2_camera_msgs__rosidl_typesupport_fastrtps_cppExport.cmake
[0.252s] -- Up-to-date: /home/antonio/Documents/GitHub/Jimbot/install/realsense2_camera_msgs/share/realsense2_camera_msgs/cmake/export_realsense2_camera_msgs__rosidl_typesupport_fastrtps_cppExport-noconfig.cmake
[0.253s] -- Up-to-date: /home/antonio/Documents/GitHub/Jimbot/install/realsense2_camera_msgs/share/realsense2_camera_msgs/cmake/realsense2_camera_msgs__rosidl_typesupport_introspection_cppExport.cmake
[0.253s] -- Up-to-date: /home/antonio/Documents/GitHub/Jimbot/install/realsense2_camera_msgs/share/realsense2_camera_msgs/cmake/realsense2_camera_msgs__rosidl_typesupport_introspection_cppExport-noconfig.cmake
[0.253s] -- Up-to-date: /home/antonio/Documents/GitHub/Jimbot/install/realsense2_camera_msgs/share/realsense2_camera_msgs/cmake/realsense2_camera_msgs__rosidl_typesupport_cppExport.cmake
[0.253s] -- Up-to-date: /home/antonio/Documents/GitHub/Jimbot/install/realsense2_camera_msgs/share/realsense2_camera_msgs/cmake/realsense2_camera_msgs__rosidl_typesupport_cppExport-noconfig.cmake
[0.253s] -- Up-to-date: /home/antonio/Documents/GitHub/Jimbot/install/realsense2_camera_msgs/share/realsense2_camera_msgs/cmake/export_realsense2_camera_msgs__rosidl_generator_pyExport.cmake
[0.254s] -- Up-to-date: /home/antonio/Documents/GitHub/Jimbot/install/realsense2_camera_msgs/share/realsense2_camera_msgs/cmake/export_realsense2_camera_msgs__rosidl_generator_pyExport-noconfig.cmake
[0.254s] -- Up-to-date: /home/antonio/Documents/GitHub/Jimbot/install/realsense2_camera_msgs/share/realsense2_camera_msgs/cmake/rosidl_cmake-extras.cmake
[0.254s] -- Up-to-date: /home/antonio/Documents/GitHub/Jimbot/install/realsense2_camera_msgs/share/realsense2_camera_msgs/cmake/ament_cmake_export_dependencies-extras.cmake
[0.254s] -- Up-to-date: /home/antonio/Documents/GitHub/Jimbot/install/realsense2_camera_msgs/share/realsense2_camera_msgs/cmake/ament_cmake_export_include_directories-extras.cmake
[0.254s] -- Up-to-date: /home/antonio/Documents/GitHub/Jimbot/install/realsense2_camera_msgs/share/realsense2_camera_msgs/cmake/ament_cmake_export_libraries-extras.cmake
[0.254s] -- Up-to-date: /home/antonio/Documents/GitHub/Jimbot/install/realsense2_camera_msgs/share/realsense2_camera_msgs/cmake/ament_cmake_export_targets-extras.cmake
[0.254s] -- Up-to-date: /home/antonio/Documents/GitHub/Jimbot/install/realsense2_camera_msgs/share/realsense2_camera_msgs/cmake/rosidl_cmake_export_typesupport_targets-extras.cmake
[0.255s] -- Up-to-date: /home/antonio/Documents/GitHub/Jimbot/install/realsense2_camera_msgs/share/realsense2_camera_msgs/cmake/rosidl_cmake_export_typesupport_libraries-extras.cmake
[0.256s] -- Up-to-date: /home/antonio/Documents/GitHub/Jimbot/install/realsense2_camera_msgs/share/realsense2_camera_msgs/cmake/realsense2_camera_msgsConfig.cmake
[0.256s] -- Up-to-date: /home/antonio/Documents/GitHub/Jimbot/install/realsense2_camera_msgs/share/realsense2_camera_msgs/cmake/realsense2_camera_msgsConfig-version.cmake
[0.256s] -- Up-to-date: /home/antonio/Documents/GitHub/Jimbot/install/realsense2_camera_msgs/share/realsense2_camera_msgs/package.xml
[0.256s] Invoked command in '/home/antonio/Documents/GitHub/Jimbot/build/realsense2_camera_msgs' returned '0': CMAKE_PREFIX_PATH=/opt/ros/humble /usr/bin/cmake --install /home/antonio/Documents/GitHub/Jimbot/build/realsense2_camera_msgs
