[0.133s] DEBUG:colcon:Command line arguments: ['/usr/bin/colcon', 'build']
[0.133s] DEBUG:colcon:Parsed command line arguments: Namespace(log_base=None, log_level=None, verb_name='build', build_base='build', install_base='install', merge_install=False, symlink_install=False, test_result_base=None, continue_on_error=False, executor='parallel', parallel_workers=16, event_handlers=None, ignore_user_meta=False, metas=['./colcon.meta'], base_paths=['.'], packages_ignore=None, packages_ignore_regex=None, paths=None, packages_up_to=None, packages_up_to_regex=None, packages_above=None, packages_above_and_dependencies=None, packages_above_depth=None, packages_select_by_dep=None, packages_skip_by_dep=None, packages_skip_up_to=None, packages_select_build_failed=False, packages_skip_build_finished=False, packages_select_test_failures=False, packages_skip_test_passed=False, packages_select=None, packages_skip=None, packages_select_regex=None, packages_skip_regex=None, packages_start=None, packages_end=None, allow_overriding=[], cmake_args=None, cmake_target=None, cmake_target_skip_unavailable=False, cmake_clean_cache=False, cmake_clean_first=False, cmake_force_configure=False, ament_cmake_args=None, catkin_cmake_args=None, catkin_skip_building_tests=False, verb_parser=<colcon_defaults.argument_parser.defaults.DefaultArgumentsDecorator object at 0x7f0e128dee60>, verb_extension=<colcon_core.verb.build.BuildVerb object at 0x7f0e12bdf700>, main=<bound method BuildVerb.main of <colcon_core.verb.build.BuildVerb object at 0x7f0e12bdf700>>)
[0.143s] Level 1:colcon.colcon_core.package_discovery:discover_packages(colcon_meta) check parameters
[0.143s] Level 1:colcon.colcon_core.package_discovery:discover_packages(recursive) check parameters
[0.143s] Level 1:colcon.colcon_core.package_discovery:discover_packages(ignore) check parameters
[0.143s] Level 1:colcon.colcon_core.package_discovery:discover_packages(path) check parameters
[0.143s] Level 1:colcon.colcon_core.package_discovery:discover_packages(colcon_meta) discover
[0.143s] Level 1:colcon.colcon_core.package_discovery:discover_packages(recursive) discover
[0.143s] INFO:colcon.colcon_core.package_discovery:Crawling recursively for packages in '/home/antonio/Documents/GitHub/Jimbot'
[0.143s] Level 1:colcon.colcon_core.package_identification:_identify(.) by extensions ['ignore', 'ignore_ament_install']
[0.143s] Level 1:colcon.colcon_core.package_identification:_identify(.) by extension 'ignore'
[0.143s] Level 1:colcon.colcon_core.package_identification:_identify(.) by extension 'ignore_ament_install'
[0.143s] Level 1:colcon.colcon_core.package_identification:_identify(.) by extensions ['colcon_pkg']
[0.144s] Level 1:colcon.colcon_core.package_identification:_identify(.) by extension 'colcon_pkg'
[0.144s] Level 1:colcon.colcon_core.package_identification:_identify(.) by extensions ['colcon_meta']
[0.144s] Level 1:colcon.colcon_core.package_identification:_identify(.) by extension 'colcon_meta'
[0.144s] Level 1:colcon.colcon_core.package_identification:_identify(.) by extensions ['ros']
[0.144s] Level 1:colcon.colcon_core.package_identification:_identify(.) by extension 'ros'
[0.154s] Level 1:colcon.colcon_core.package_identification:_identify(.) by extensions ['cmake', 'python']
[0.154s] Level 1:colcon.colcon_core.package_identification:_identify(.) by extension 'cmake'
[0.154s] Level 1:colcon.colcon_core.package_identification:_identify(.) by extension 'python'
[0.154s] Level 1:colcon.colcon_core.package_identification:_identify(.) by extensions ['python_setup_py']
[0.154s] Level 1:colcon.colcon_core.package_identification:_identify(.) by extension 'python_setup_py'
[0.154s] Level 1:colcon.colcon_core.package_identification:_identify(build) by extensions ['ignore', 'ignore_ament_install']
[0.154s] Level 1:colcon.colcon_core.package_identification:_identify(build) by extension 'ignore'
[0.154s] Level 1:colcon.colcon_core.package_identification:_identify(build) ignored
[0.154s] Level 1:colcon.colcon_core.package_identification:_identify(install) by extensions ['ignore', 'ignore_ament_install']
[0.154s] Level 1:colcon.colcon_core.package_identification:_identify(install) by extension 'ignore'
[0.154s] Level 1:colcon.colcon_core.package_identification:_identify(install) ignored
[0.154s] Level 1:colcon.colcon_core.package_identification:_identify(log) by extensions ['ignore', 'ignore_ament_install']
[0.154s] Level 1:colcon.colcon_core.package_identification:_identify(log) by extension 'ignore'
[0.154s] Level 1:colcon.colcon_core.package_identification:_identify(log) ignored
[0.154s] Level 1:colcon.colcon_core.package_identification:_identify(src) by extensions ['ignore', 'ignore_ament_install']
[0.154s] Level 1:colcon.colcon_core.package_identification:_identify(src) by extension 'ignore'
[0.154s] Level 1:colcon.colcon_core.package_identification:_identify(src) by extension 'ignore_ament_install'
[0.154s] Level 1:colcon.colcon_core.package_identification:_identify(src) by extensions ['colcon_pkg']
[0.154s] Level 1:colcon.colcon_core.package_identification:_identify(src) by extension 'colcon_pkg'
[0.154s] Level 1:colcon.colcon_core.package_identification:_identify(src) by extensions ['colcon_meta']
[0.154s] Level 1:colcon.colcon_core.package_identification:_identify(src) by extension 'colcon_meta'
[0.154s] Level 1:colcon.colcon_core.package_identification:_identify(src) by extensions ['ros']
[0.154s] Level 1:colcon.colcon_core.package_identification:_identify(src) by extension 'ros'
[0.154s] Level 1:colcon.colcon_core.package_identification:_identify(src) by extensions ['cmake', 'python']
[0.154s] Level 1:colcon.colcon_core.package_identification:_identify(src) by extension 'cmake'
[0.154s] Level 1:colcon.colcon_core.package_identification:_identify(src) by extension 'python'
[0.154s] Level 1:colcon.colcon_core.package_identification:_identify(src) by extensions ['python_setup_py']
[0.154s] Level 1:colcon.colcon_core.package_identification:_identify(src) by extension 'python_setup_py'
[0.155s] Level 1:colcon.colcon_core.package_identification:_identify(src/realsense-ros) by extensions ['ignore', 'ignore_ament_install']
[0.155s] Level 1:colcon.colcon_core.package_identification:_identify(src/realsense-ros) by extension 'ignore'
[0.155s] Level 1:colcon.colcon_core.package_identification:_identify(src/realsense-ros) by extension 'ignore_ament_install'
[0.155s] Level 1:colcon.colcon_core.package_identification:_identify(src/realsense-ros) by extensions ['colcon_pkg']
[0.155s] Level 1:colcon.colcon_core.package_identification:_identify(src/realsense-ros) by extension 'colcon_pkg'
[0.155s] Level 1:colcon.colcon_core.package_identification:_identify(src/realsense-ros) by extensions ['colcon_meta']
[0.155s] Level 1:colcon.colcon_core.package_identification:_identify(src/realsense-ros) by extension 'colcon_meta'
[0.155s] Level 1:colcon.colcon_core.package_identification:_identify(src/realsense-ros) by extensions ['ros']
[0.155s] Level 1:colcon.colcon_core.package_identification:_identify(src/realsense-ros) by extension 'ros'
[0.155s] Level 1:colcon.colcon_core.package_identification:_identify(src/realsense-ros) by extensions ['cmake', 'python']
[0.155s] Level 1:colcon.colcon_core.package_identification:_identify(src/realsense-ros) by extension 'cmake'
[0.155s] Level 1:colcon.colcon_core.package_identification:_identify(src/realsense-ros) by extension 'python'
[0.155s] Level 1:colcon.colcon_core.package_identification:_identify(src/realsense-ros) by extensions ['python_setup_py']
[0.155s] Level 1:colcon.colcon_core.package_identification:_identify(src/realsense-ros) by extension 'python_setup_py'
[0.155s] Level 1:colcon.colcon_core.package_identification:_identify(src/realsense-ros/realsense2_camera) by extensions ['ignore', 'ignore_ament_install']
[0.155s] Level 1:colcon.colcon_core.package_identification:_identify(src/realsense-ros/realsense2_camera) by extension 'ignore'
[0.155s] Level 1:colcon.colcon_core.package_identification:_identify(src/realsense-ros/realsense2_camera) by extension 'ignore_ament_install'
[0.155s] Level 1:colcon.colcon_core.package_identification:_identify(src/realsense-ros/realsense2_camera) by extensions ['colcon_pkg']
[0.155s] Level 1:colcon.colcon_core.package_identification:_identify(src/realsense-ros/realsense2_camera) by extension 'colcon_pkg'
[0.155s] Level 1:colcon.colcon_core.package_identification:_identify(src/realsense-ros/realsense2_camera) by extensions ['colcon_meta']
[0.155s] Level 1:colcon.colcon_core.package_identification:_identify(src/realsense-ros/realsense2_camera) by extension 'colcon_meta'
[0.155s] Level 1:colcon.colcon_core.package_identification:_identify(src/realsense-ros/realsense2_camera) by extensions ['ros']
[0.155s] Level 1:colcon.colcon_core.package_identification:_identify(src/realsense-ros/realsense2_camera) by extension 'ros'
[0.157s] DEBUG:colcon.colcon_core.package_identification:Package 'src/realsense-ros/realsense2_camera' with type 'ros.ament_cmake' and name 'realsense2_camera'
[0.157s] Level 1:colcon.colcon_core.package_identification:_identify(src/realsense-ros/realsense2_camera_msgs) by extensions ['ignore', 'ignore_ament_install']
[0.157s] Level 1:colcon.colcon_core.package_identification:_identify(src/realsense-ros/realsense2_camera_msgs) by extension 'ignore'
[0.157s] Level 1:colcon.colcon_core.package_identification:_identify(src/realsense-ros/realsense2_camera_msgs) by extension 'ignore_ament_install'
[0.157s] Level 1:colcon.colcon_core.package_identification:_identify(src/realsense-ros/realsense2_camera_msgs) by extensions ['colcon_pkg']
[0.157s] Level 1:colcon.colcon_core.package_identification:_identify(src/realsense-ros/realsense2_camera_msgs) by extension 'colcon_pkg'
[0.157s] Level 1:colcon.colcon_core.package_identification:_identify(src/realsense-ros/realsense2_camera_msgs) by extensions ['colcon_meta']
[0.157s] Level 1:colcon.colcon_core.package_identification:_identify(src/realsense-ros/realsense2_camera_msgs) by extension 'colcon_meta'
[0.157s] Level 1:colcon.colcon_core.package_identification:_identify(src/realsense-ros/realsense2_camera_msgs) by extensions ['ros']
[0.157s] Level 1:colcon.colcon_core.package_identification:_identify(src/realsense-ros/realsense2_camera_msgs) by extension 'ros'
[0.158s] DEBUG:colcon.colcon_core.package_identification:Package 'src/realsense-ros/realsense2_camera_msgs' with type 'ros.ament_cmake' and name 'realsense2_camera_msgs'
[0.158s] Level 1:colcon.colcon_core.package_identification:_identify(src/realsense-ros/realsense2_description) by extensions ['ignore', 'ignore_ament_install']
[0.158s] Level 1:colcon.colcon_core.package_identification:_identify(src/realsense-ros/realsense2_description) by extension 'ignore'
[0.158s] Level 1:colcon.colcon_core.package_identification:_identify(src/realsense-ros/realsense2_description) by extension 'ignore_ament_install'
[0.158s] Level 1:colcon.colcon_core.package_identification:_identify(src/realsense-ros/realsense2_description) by extensions ['colcon_pkg']
[0.158s] Level 1:colcon.colcon_core.package_identification:_identify(src/realsense-ros/realsense2_description) by extension 'colcon_pkg'
[0.158s] Level 1:colcon.colcon_core.package_identification:_identify(src/realsense-ros/realsense2_description) by extensions ['colcon_meta']
[0.158s] Level 1:colcon.colcon_core.package_identification:_identify(src/realsense-ros/realsense2_description) by extension 'colcon_meta'
[0.158s] Level 1:colcon.colcon_core.package_identification:_identify(src/realsense-ros/realsense2_description) by extensions ['ros']
[0.158s] Level 1:colcon.colcon_core.package_identification:_identify(src/realsense-ros/realsense2_description) by extension 'ros'
[0.158s] DEBUG:colcon.colcon_core.package_identification:Package 'src/realsense-ros/realsense2_description' with type 'ros.ament_cmake' and name 'realsense2_description'
[0.158s] Level 1:colcon.colcon_core.package_identification:_identify(src/realsense-ros/scripts) by extensions ['ignore', 'ignore_ament_install']
[0.158s] Level 1:colcon.colcon_core.package_identification:_identify(src/realsense-ros/scripts) by extension 'ignore'
[0.158s] Level 1:colcon.colcon_core.package_identification:_identify(src/realsense-ros/scripts) by extension 'ignore_ament_install'
[0.158s] Level 1:colcon.colcon_core.package_identification:_identify(src/realsense-ros/scripts) by extensions ['colcon_pkg']
[0.158s] Level 1:colcon.colcon_core.package_identification:_identify(src/realsense-ros/scripts) by extension 'colcon_pkg'
[0.158s] Level 1:colcon.colcon_core.package_identification:_identify(src/realsense-ros/scripts) by extensions ['colcon_meta']
[0.158s] Level 1:colcon.colcon_core.package_identification:_identify(src/realsense-ros/scripts) by extension 'colcon_meta'
[0.158s] Level 1:colcon.colcon_core.package_identification:_identify(src/realsense-ros/scripts) by extensions ['ros']
[0.158s] Level 1:colcon.colcon_core.package_identification:_identify(src/realsense-ros/scripts) by extension 'ros'
[0.158s] Level 1:colcon.colcon_core.package_identification:_identify(src/realsense-ros/scripts) by extensions ['cmake', 'python']
[0.158s] Level 1:colcon.colcon_core.package_identification:_identify(src/realsense-ros/scripts) by extension 'cmake'
[0.158s] Level 1:colcon.colcon_core.package_identification:_identify(src/realsense-ros/scripts) by extension 'python'
[0.158s] Level 1:colcon.colcon_core.package_identification:_identify(src/realsense-ros/scripts) by extensions ['python_setup_py']
[0.158s] Level 1:colcon.colcon_core.package_identification:_identify(src/realsense-ros/scripts) by extension 'python_setup_py'
[0.159s] Level 1:colcon.colcon_core.package_discovery:discover_packages(recursive) using defaults
[0.159s] Level 1:colcon.colcon_core.package_discovery:discover_packages(ignore) discover
[0.159s] Level 1:colcon.colcon_core.package_discovery:discover_packages(ignore) using defaults
[0.159s] Level 1:colcon.colcon_core.package_discovery:discover_packages(path) discover
[0.159s] Level 1:colcon.colcon_core.package_discovery:discover_packages(path) using defaults
[0.172s] Level 1:colcon.colcon_core.package_discovery:discover_packages(prefix_path) check parameters
[0.172s] Level 1:colcon.colcon_core.package_discovery:discover_packages(prefix_path) discover
[0.173s] DEBUG:colcon.colcon_installed_package_information.package_discovery:Found 272 installed packages in /opt/ros/humble
[0.174s] Level 1:colcon.colcon_core.package_discovery:discover_packages(prefix_path) using defaults
[0.201s] Level 5:colcon.colcon_core.verb:set package 'realsense2_camera_msgs' build argument 'cmake_args' from command line to 'None'
[0.201s] Level 5:colcon.colcon_core.verb:set package 'realsense2_camera_msgs' build argument 'cmake_target' from command line to 'None'
[0.201s] Level 5:colcon.colcon_core.verb:set package 'realsense2_camera_msgs' build argument 'cmake_target_skip_unavailable' from command line to 'False'
[0.201s] Level 5:colcon.colcon_core.verb:set package 'realsense2_camera_msgs' build argument 'cmake_clean_cache' from command line to 'False'
[0.201s] Level 5:colcon.colcon_core.verb:set package 'realsense2_camera_msgs' build argument 'cmake_clean_first' from command line to 'False'
[0.201s] Level 5:colcon.colcon_core.verb:set package 'realsense2_camera_msgs' build argument 'cmake_force_configure' from command line to 'False'
[0.201s] Level 5:colcon.colcon_core.verb:set package 'realsense2_camera_msgs' build argument 'ament_cmake_args' from command line to 'None'
[0.201s] Level 5:colcon.colcon_core.verb:set package 'realsense2_camera_msgs' build argument 'catkin_cmake_args' from command line to 'None'
[0.201s] Level 5:colcon.colcon_core.verb:set package 'realsense2_camera_msgs' build argument 'catkin_skip_building_tests' from command line to 'False'
[0.201s] DEBUG:colcon.colcon_core.verb:Building package 'realsense2_camera_msgs' with the following arguments: {'ament_cmake_args': None, 'build_base': '/home/antonio/Documents/GitHub/Jimbot/build/realsense2_camera_msgs', 'catkin_cmake_args': None, 'catkin_skip_building_tests': False, 'cmake_args': None, 'cmake_clean_cache': False, 'cmake_clean_first': False, 'cmake_force_configure': False, 'cmake_target': None, 'cmake_target_skip_unavailable': False, 'install_base': '/home/antonio/Documents/GitHub/Jimbot/install/realsense2_camera_msgs', 'merge_install': False, 'path': '/home/antonio/Documents/GitHub/Jimbot/src/realsense-ros/realsense2_camera_msgs', 'symlink_install': False, 'test_result_base': None}
[0.202s] Level 5:colcon.colcon_core.verb:set package 'realsense2_camera' build argument 'cmake_args' from command line to 'None'
[0.202s] Level 5:colcon.colcon_core.verb:set package 'realsense2_camera' build argument 'cmake_target' from command line to 'None'
[0.202s] Level 5:colcon.colcon_core.verb:set package 'realsense2_camera' build argument 'cmake_target_skip_unavailable' from command line to 'False'
[0.202s] Level 5:colcon.colcon_core.verb:set package 'realsense2_camera' build argument 'cmake_clean_cache' from command line to 'False'
[0.202s] Level 5:colcon.colcon_core.verb:set package 'realsense2_camera' build argument 'cmake_clean_first' from command line to 'False'
[0.202s] Level 5:colcon.colcon_core.verb:set package 'realsense2_camera' build argument 'cmake_force_configure' from command line to 'False'
[0.202s] Level 5:colcon.colcon_core.verb:set package 'realsense2_camera' build argument 'ament_cmake_args' from command line to 'None'
[0.202s] Level 5:colcon.colcon_core.verb:set package 'realsense2_camera' build argument 'catkin_cmake_args' from command line to 'None'
[0.202s] Level 5:colcon.colcon_core.verb:set package 'realsense2_camera' build argument 'catkin_skip_building_tests' from command line to 'False'
[0.202s] DEBUG:colcon.colcon_core.verb:Building package 'realsense2_camera' with the following arguments: {'ament_cmake_args': None, 'build_base': '/home/antonio/Documents/GitHub/Jimbot/build/realsense2_camera', 'catkin_cmake_args': None, 'catkin_skip_building_tests': False, 'cmake_args': None, 'cmake_clean_cache': False, 'cmake_clean_first': False, 'cmake_force_configure': False, 'cmake_target': None, 'cmake_target_skip_unavailable': False, 'install_base': '/home/antonio/Documents/GitHub/Jimbot/install/realsense2_camera', 'merge_install': False, 'path': '/home/antonio/Documents/GitHub/Jimbot/src/realsense-ros/realsense2_camera', 'symlink_install': False, 'test_result_base': None}
[0.202s] Level 5:colcon.colcon_core.verb:set package 'realsense2_description' build argument 'cmake_args' from command line to 'None'
[0.202s] Level 5:colcon.colcon_core.verb:set package 'realsense2_description' build argument 'cmake_target' from command line to 'None'
[0.202s] Level 5:colcon.colcon_core.verb:set package 'realsense2_description' build argument 'cmake_target_skip_unavailable' from command line to 'False'
[0.202s] Level 5:colcon.colcon_core.verb:set package 'realsense2_description' build argument 'cmake_clean_cache' from command line to 'False'
[0.203s] Level 5:colcon.colcon_core.verb:set package 'realsense2_description' build argument 'cmake_clean_first' from command line to 'False'
[0.203s] Level 5:colcon.colcon_core.verb:set package 'realsense2_description' build argument 'cmake_force_configure' from command line to 'False'
[0.203s] Level 5:colcon.colcon_core.verb:set package 'realsense2_description' build argument 'ament_cmake_args' from command line to 'None'
[0.203s] Level 5:colcon.colcon_core.verb:set package 'realsense2_description' build argument 'catkin_cmake_args' from command line to 'None'
[0.203s] Level 5:colcon.colcon_core.verb:set package 'realsense2_description' build argument 'catkin_skip_building_tests' from command line to 'False'
[0.203s] DEBUG:colcon.colcon_core.verb:Building package 'realsense2_description' with the following arguments: {'ament_cmake_args': None, 'build_base': '/home/antonio/Documents/GitHub/Jimbot/build/realsense2_description', 'catkin_cmake_args': None, 'catkin_skip_building_tests': False, 'cmake_args': None, 'cmake_clean_cache': False, 'cmake_clean_first': False, 'cmake_force_configure': False, 'cmake_target': None, 'cmake_target_skip_unavailable': False, 'install_base': '/home/antonio/Documents/GitHub/Jimbot/install/realsense2_description', 'merge_install': False, 'path': '/home/antonio/Documents/GitHub/Jimbot/src/realsense-ros/realsense2_description', 'symlink_install': False, 'test_result_base': None}
[0.203s] INFO:colcon.colcon_core.executor:Executing jobs using 'parallel' executor
[0.204s] DEBUG:colcon.colcon_parallel_executor.executor.parallel:run_until_complete
[0.205s] INFO:colcon.colcon_ros.task.ament_cmake.build:Building ROS package in '/home/antonio/Documents/GitHub/Jimbot/src/realsense-ros/realsense2_camera_msgs' with build type 'ament_cmake'
[0.205s] INFO:colcon.colcon_cmake.task.cmake.build:Building CMake package in '/home/antonio/Documents/GitHub/Jimbot/src/realsense-ros/realsense2_camera_msgs'
[0.207s] INFO:colcon.colcon_core.plugin_system:Skipping extension 'colcon_core.shell.bat': Not used on non-Windows systems
[0.207s] INFO:colcon.colcon_core.shell:Skip shell extension 'powershell' for command environment: Not usable outside of PowerShell
[0.207s] DEBUG:colcon.colcon_core.shell:Skip shell extension 'dsv' for command environment
[0.212s] DEBUG:colcon.colcon_core.event_handler.log_command:Invoking command in '/home/antonio/Documents/GitHub/Jimbot/build/realsense2_camera_msgs': CMAKE_PREFIX_PATH=/opt/ros/humble /usr/bin/cmake /home/antonio/Documents/GitHub/Jimbot/src/realsense-ros/realsense2_camera_msgs -DCMAKE_INSTALL_PREFIX=/home/antonio/Documents/GitHub/Jimbot/install/realsense2_camera_msgs
[1.127s] DEBUG:colcon.colcon_core.event_handler.log_command:Invoked command in '/home/antonio/Documents/GitHub/Jimbot/build/realsense2_camera_msgs' returned '0': CMAKE_PREFIX_PATH=/opt/ros/humble /usr/bin/cmake /home/antonio/Documents/GitHub/Jimbot/src/realsense-ros/realsense2_camera_msgs -DCMAKE_INSTALL_PREFIX=/home/antonio/Documents/GitHub/Jimbot/install/realsense2_camera_msgs
[1.128s] DEBUG:colcon.colcon_core.event_handler.log_command:Invoking command in '/home/antonio/Documents/GitHub/Jimbot/build/realsense2_camera_msgs': CMAKE_PREFIX_PATH=/opt/ros/humble /usr/bin/cmake --build /home/antonio/Documents/GitHub/Jimbot/build/realsense2_camera_msgs -- -j16 -l16
[2.519s] DEBUG:colcon.colcon_core.event_handler.log_command:Invoked command in '/home/antonio/Documents/GitHub/Jimbot/build/realsense2_camera_msgs' returned '0': CMAKE_PREFIX_PATH=/opt/ros/humble /usr/bin/cmake --build /home/antonio/Documents/GitHub/Jimbot/build/realsense2_camera_msgs -- -j16 -l16
[2.590s] DEBUG:colcon.colcon_core.event_handler.log_command:Invoking command in '/home/antonio/Documents/GitHub/Jimbot/build/realsense2_camera_msgs': CMAKE_PREFIX_PATH=/opt/ros/humble /usr/bin/cmake --install /home/antonio/Documents/GitHub/Jimbot/build/realsense2_camera_msgs
[2.640s] Level 1:colcon.colcon_core.environment:create_environment_scripts_only(realsense2_camera_msgs)
[2.640s] DEBUG:colcon.colcon_core.event_handler.log_command:Invoked command in '/home/antonio/Documents/GitHub/Jimbot/build/realsense2_camera_msgs' returned '0': CMAKE_PREFIX_PATH=/opt/ros/humble /usr/bin/cmake --install /home/antonio/Documents/GitHub/Jimbot/build/realsense2_camera_msgs
[2.642s] Level 1:colcon.colcon_core.environment:checking '/home/antonio/Documents/GitHub/Jimbot/install/realsense2_camera_msgs' for CMake module files
[2.643s] Level 1:colcon.colcon_core.environment:checking '/home/antonio/Documents/GitHub/Jimbot/install/realsense2_camera_msgs' for CMake config files
[2.643s] Level 1:colcon.colcon_core.shell:create_environment_hook('realsense2_camera_msgs', 'cmake_prefix_path')
[2.643s] INFO:colcon.colcon_core.shell:Creating environment hook '/home/antonio/Documents/GitHub/Jimbot/install/realsense2_camera_msgs/share/realsense2_camera_msgs/hook/cmake_prefix_path.ps1'
[2.644s] INFO:colcon.colcon_core.shell:Creating environment descriptor '/home/antonio/Documents/GitHub/Jimbot/install/realsense2_camera_msgs/share/realsense2_camera_msgs/hook/cmake_prefix_path.dsv'
[2.644s] INFO:colcon.colcon_core.shell:Creating environment hook '/home/antonio/Documents/GitHub/Jimbot/install/realsense2_camera_msgs/share/realsense2_camera_msgs/hook/cmake_prefix_path.sh'
[2.644s] Level 1:colcon.colcon_core.environment:checking '/home/antonio/Documents/GitHub/Jimbot/install/realsense2_camera_msgs/lib'
[2.644s] Level 1:colcon.colcon_core.shell:create_environment_hook('realsense2_camera_msgs', 'ld_library_path_lib')
[2.645s] INFO:colcon.colcon_core.shell:Creating environment hook '/home/antonio/Documents/GitHub/Jimbot/install/realsense2_camera_msgs/share/realsense2_camera_msgs/hook/ld_library_path_lib.ps1'
[2.645s] INFO:colcon.colcon_core.shell:Creating environment descriptor '/home/antonio/Documents/GitHub/Jimbot/install/realsense2_camera_msgs/share/realsense2_camera_msgs/hook/ld_library_path_lib.dsv'
[2.645s] INFO:colcon.colcon_core.shell:Creating environment hook '/home/antonio/Documents/GitHub/Jimbot/install/realsense2_camera_msgs/share/realsense2_camera_msgs/hook/ld_library_path_lib.sh'
[2.645s] Level 1:colcon.colcon_core.environment:checking '/home/antonio/Documents/GitHub/Jimbot/install/realsense2_camera_msgs/bin'
[2.645s] Level 1:colcon.colcon_core.environment:checking '/home/antonio/Documents/GitHub/Jimbot/install/realsense2_camera_msgs/lib/pkgconfig/realsense2_camera_msgs.pc'
[2.646s] Level 1:colcon.colcon_core.environment:checking '/home/antonio/Documents/GitHub/Jimbot/install/realsense2_camera_msgs/lib/python3.10/site-packages'
[2.646s] Level 1:colcon.colcon_core.environment:checking '/home/antonio/Documents/GitHub/Jimbot/install/realsense2_camera_msgs/bin'
[2.646s] INFO:colcon.colcon_core.shell:Creating package script '/home/antonio/Documents/GitHub/Jimbot/install/realsense2_camera_msgs/share/realsense2_camera_msgs/package.ps1'
[2.647s] INFO:colcon.colcon_core.shell:Creating package descriptor '/home/antonio/Documents/GitHub/Jimbot/install/realsense2_camera_msgs/share/realsense2_camera_msgs/package.dsv'
[2.647s] INFO:colcon.colcon_core.shell:Creating package script '/home/antonio/Documents/GitHub/Jimbot/install/realsense2_camera_msgs/share/realsense2_camera_msgs/package.sh'
[2.647s] INFO:colcon.colcon_core.shell:Creating package script '/home/antonio/Documents/GitHub/Jimbot/install/realsense2_camera_msgs/share/realsense2_camera_msgs/package.bash'
[2.648s] INFO:colcon.colcon_core.shell:Creating package script '/home/antonio/Documents/GitHub/Jimbot/install/realsense2_camera_msgs/share/realsense2_camera_msgs/package.zsh'
[2.648s] Level 1:colcon.colcon_core.environment:create_file_with_runtime_dependencies(/home/antonio/Documents/GitHub/Jimbot/install/realsense2_camera_msgs/share/colcon-core/packages/realsense2_camera_msgs)
[2.785s] Level 1:colcon.colcon_core.environment:create_environment_scripts_only(realsense2_camera_msgs)
[2.791s] Level 1:colcon.colcon_core.environment:checking '/home/antonio/Documents/GitHub/Jimbot/install/realsense2_camera_msgs' for CMake module files
[2.793s] Level 1:colcon.colcon_core.environment:checking '/home/antonio/Documents/GitHub/Jimbot/install/realsense2_camera_msgs' for CMake config files
[2.793s] Level 1:colcon.colcon_core.shell:create_environment_hook('realsense2_camera_msgs', 'cmake_prefix_path')
[2.796s] INFO:colcon.colcon_core.shell:Creating environment hook '/home/antonio/Documents/GitHub/Jimbot/install/realsense2_camera_msgs/share/realsense2_camera_msgs/hook/cmake_prefix_path.ps1'
[2.797s] INFO:colcon.colcon_core.shell:Creating environment descriptor '/home/antonio/Documents/GitHub/Jimbot/install/realsense2_camera_msgs/share/realsense2_camera_msgs/hook/cmake_prefix_path.dsv'
[2.798s] INFO:colcon.colcon_core.shell:Creating environment hook '/home/antonio/Documents/GitHub/Jimbot/install/realsense2_camera_msgs/share/realsense2_camera_msgs/hook/cmake_prefix_path.sh'
[2.799s] Level 1:colcon.colcon_core.environment:checking '/home/antonio/Documents/GitHub/Jimbot/install/realsense2_camera_msgs/lib'
[2.799s] Level 1:colcon.colcon_core.shell:create_environment_hook('realsense2_camera_msgs', 'ld_library_path_lib')
[2.801s] INFO:colcon.colcon_core.shell:Creating environment hook '/home/antonio/Documents/GitHub/Jimbot/install/realsense2_camera_msgs/share/realsense2_camera_msgs/hook/ld_library_path_lib.ps1'
[2.802s] INFO:colcon.colcon_core.shell:Creating environment descriptor '/home/antonio/Documents/GitHub/Jimbot/install/realsense2_camera_msgs/share/realsense2_camera_msgs/hook/ld_library_path_lib.dsv'
[2.802s] INFO:colcon.colcon_core.shell:Creating environment hook '/home/antonio/Documents/GitHub/Jimbot/install/realsense2_camera_msgs/share/realsense2_camera_msgs/hook/ld_library_path_lib.sh'
[2.803s] Level 1:colcon.colcon_core.environment:checking '/home/antonio/Documents/GitHub/Jimbot/install/realsense2_camera_msgs/bin'
[2.803s] Level 1:colcon.colcon_core.environment:checking '/home/antonio/Documents/GitHub/Jimbot/install/realsense2_camera_msgs/lib/pkgconfig/realsense2_camera_msgs.pc'
[2.803s] Level 1:colcon.colcon_core.environment:checking '/home/antonio/Documents/GitHub/Jimbot/install/realsense2_camera_msgs/lib/python3.10/site-packages'
[2.804s] Level 1:colcon.colcon_core.environment:checking '/home/antonio/Documents/GitHub/Jimbot/install/realsense2_camera_msgs/bin'
[2.805s] INFO:colcon.colcon_core.shell:Creating package script '/home/antonio/Documents/GitHub/Jimbot/install/realsense2_camera_msgs/share/realsense2_camera_msgs/package.ps1'
[2.806s] INFO:colcon.colcon_core.shell:Creating package descriptor '/home/antonio/Documents/GitHub/Jimbot/install/realsense2_camera_msgs/share/realsense2_camera_msgs/package.dsv'
[2.806s] INFO:colcon.colcon_core.shell:Creating package script '/home/antonio/Documents/GitHub/Jimbot/install/realsense2_camera_msgs/share/realsense2_camera_msgs/package.sh'
[2.806s] INFO:colcon.colcon_core.shell:Creating package script '/home/antonio/Documents/GitHub/Jimbot/install/realsense2_camera_msgs/share/realsense2_camera_msgs/package.bash'
[2.807s] INFO:colcon.colcon_core.shell:Creating package script '/home/antonio/Documents/GitHub/Jimbot/install/realsense2_camera_msgs/share/realsense2_camera_msgs/package.zsh'
[2.807s] Level 1:colcon.colcon_core.environment:create_file_with_runtime_dependencies(/home/antonio/Documents/GitHub/Jimbot/install/realsense2_camera_msgs/share/colcon-core/packages/realsense2_camera_msgs)
[2.807s] INFO:colcon.colcon_ros.task.ament_cmake.build:Building ROS package in '/home/antonio/Documents/GitHub/Jimbot/src/realsense-ros/realsense2_camera' with build type 'ament_cmake'
[2.807s] INFO:colcon.colcon_cmake.task.cmake.build:Building CMake package in '/home/antonio/Documents/GitHub/Jimbot/src/realsense-ros/realsense2_camera'
[2.808s] INFO:colcon.colcon_core.shell:Skip shell extension 'powershell' for command environment: Not usable outside of PowerShell
[2.808s] DEBUG:colcon.colcon_core.shell:Skip shell extension 'dsv' for command environment
[2.811s] INFO:colcon.colcon_ros.task.ament_cmake.build:Building ROS package in '/home/antonio/Documents/GitHub/Jimbot/src/realsense-ros/realsense2_description' with build type 'ament_cmake'
[2.811s] INFO:colcon.colcon_cmake.task.cmake.build:Building CMake package in '/home/antonio/Documents/GitHub/Jimbot/src/realsense-ros/realsense2_description'
[2.811s] INFO:colcon.colcon_core.shell:Skip shell extension 'powershell' for command environment: Not usable outside of PowerShell
[2.811s] DEBUG:colcon.colcon_core.shell:Skip shell extension 'dsv' for command environment
[2.814s] DEBUG:colcon.colcon_core.event_handler.log_command:Invoking command in '/home/antonio/Documents/GitHub/Jimbot/build/realsense2_camera': AMENT_PREFIX_PATH=/home/antonio/Documents/GitHub/Jimbot/install/realsense2_camera_msgs:${AMENT_PREFIX_PATH} CMAKE_PREFIX_PATH=/home/antonio/Documents/GitHub/Jimbot/install/realsense2_camera_msgs:/opt/ros/humble LD_LIBRARY_PATH=/home/antonio/Documents/GitHub/Jimbot/install/realsense2_camera_msgs/lib:${LD_LIBRARY_PATH} PYTHONPATH=/home/antonio/Documents/GitHub/Jimbot/install/realsense2_camera_msgs/local/lib/python3.10/dist-packages:${PYTHONPATH} /usr/bin/cmake /home/antonio/Documents/GitHub/Jimbot/src/realsense-ros/realsense2_camera -DCMAKE_INSTALL_PREFIX=/home/antonio/Documents/GitHub/Jimbot/install/realsense2_camera
[2.817s] DEBUG:colcon.colcon_core.event_handler.log_command:Invoking command in '/home/antonio/Documents/GitHub/Jimbot/build/realsense2_description': AMENT_PREFIX_PATH=/home/antonio/Documents/GitHub/Jimbot/install/realsense2_camera_msgs:${AMENT_PREFIX_PATH} CMAKE_PREFIX_PATH=/home/antonio/Documents/GitHub/Jimbot/install/realsense2_camera_msgs:/opt/ros/humble LD_LIBRARY_PATH=/home/antonio/Documents/GitHub/Jimbot/install/realsense2_camera_msgs/lib:${LD_LIBRARY_PATH} PYTHONPATH=/home/antonio/Documents/GitHub/Jimbot/install/realsense2_camera_msgs/local/lib/python3.10/dist-packages:${PYTHONPATH} /usr/bin/cmake /home/antonio/Documents/GitHub/Jimbot/src/realsense-ros/realsense2_description -DCMAKE_INSTALL_PREFIX=/home/antonio/Documents/GitHub/Jimbot/install/realsense2_description
[3.133s] DEBUG:colcon.colcon_core.event_handler.log_command:Invoked command in '/home/antonio/Documents/GitHub/Jimbot/build/realsense2_description' returned '0': AMENT_PREFIX_PATH=/home/antonio/Documents/GitHub/Jimbot/install/realsense2_camera_msgs:${AMENT_PREFIX_PATH} CMAKE_PREFIX_PATH=/home/antonio/Documents/GitHub/Jimbot/install/realsense2_camera_msgs:/opt/ros/humble LD_LIBRARY_PATH=/home/antonio/Documents/GitHub/Jimbot/install/realsense2_camera_msgs/lib:${LD_LIBRARY_PATH} PYTHONPATH=/home/antonio/Documents/GitHub/Jimbot/install/realsense2_camera_msgs/local/lib/python3.10/dist-packages:${PYTHONPATH} /usr/bin/cmake /home/antonio/Documents/GitHub/Jimbot/src/realsense-ros/realsense2_description -DCMAKE_INSTALL_PREFIX=/home/antonio/Documents/GitHub/Jimbot/install/realsense2_description
[3.134s] DEBUG:colcon.colcon_core.event_handler.log_command:Invoking command in '/home/antonio/Documents/GitHub/Jimbot/build/realsense2_description': AMENT_PREFIX_PATH=/home/antonio/Documents/GitHub/Jimbot/install/realsense2_camera_msgs:${AMENT_PREFIX_PATH} CMAKE_PREFIX_PATH=/home/antonio/Documents/GitHub/Jimbot/install/realsense2_camera_msgs:/opt/ros/humble LD_LIBRARY_PATH=/home/antonio/Documents/GitHub/Jimbot/install/realsense2_camera_msgs/lib:${LD_LIBRARY_PATH} PYTHONPATH=/home/antonio/Documents/GitHub/Jimbot/install/realsense2_camera_msgs/local/lib/python3.10/dist-packages:${PYTHONPATH} /usr/bin/cmake --build /home/antonio/Documents/GitHub/Jimbot/build/realsense2_description -- -j16 -l16
[3.151s] DEBUG:colcon.colcon_core.event_handler.log_command:Invoked command in '/home/antonio/Documents/GitHub/Jimbot/build/realsense2_description' returned '0': AMENT_PREFIX_PATH=/home/antonio/Documents/GitHub/Jimbot/install/realsense2_camera_msgs:${AMENT_PREFIX_PATH} CMAKE_PREFIX_PATH=/home/antonio/Documents/GitHub/Jimbot/install/realsense2_camera_msgs:/opt/ros/humble LD_LIBRARY_PATH=/home/antonio/Documents/GitHub/Jimbot/install/realsense2_camera_msgs/lib:${LD_LIBRARY_PATH} PYTHONPATH=/home/antonio/Documents/GitHub/Jimbot/install/realsense2_camera_msgs/local/lib/python3.10/dist-packages:${PYTHONPATH} /usr/bin/cmake --build /home/antonio/Documents/GitHub/Jimbot/build/realsense2_description -- -j16 -l16
[3.160s] DEBUG:colcon.colcon_core.event_handler.log_command:Invoking command in '/home/antonio/Documents/GitHub/Jimbot/build/realsense2_description': AMENT_PREFIX_PATH=/home/antonio/Documents/GitHub/Jimbot/install/realsense2_camera_msgs:${AMENT_PREFIX_PATH} CMAKE_PREFIX_PATH=/home/antonio/Documents/GitHub/Jimbot/install/realsense2_camera_msgs:/opt/ros/humble LD_LIBRARY_PATH=/home/antonio/Documents/GitHub/Jimbot/install/realsense2_camera_msgs/lib:${LD_LIBRARY_PATH} PYTHONPATH=/home/antonio/Documents/GitHub/Jimbot/install/realsense2_camera_msgs/local/lib/python3.10/dist-packages:${PYTHONPATH} /usr/bin/cmake --install /home/antonio/Documents/GitHub/Jimbot/build/realsense2_description
[3.214s] Level 1:colcon.colcon_core.environment:create_environment_scripts_only(realsense2_description)
[3.215s] Level 1:colcon.colcon_core.environment:checking '/home/antonio/Documents/GitHub/Jimbot/install/realsense2_description' for CMake module files
[3.215s] DEBUG:colcon.colcon_core.event_handler.log_command:Invoked command in '/home/antonio/Documents/GitHub/Jimbot/build/realsense2_description' returned '0': AMENT_PREFIX_PATH=/home/antonio/Documents/GitHub/Jimbot/install/realsense2_camera_msgs:${AMENT_PREFIX_PATH} CMAKE_PREFIX_PATH=/home/antonio/Documents/GitHub/Jimbot/install/realsense2_camera_msgs:/opt/ros/humble LD_LIBRARY_PATH=/home/antonio/Documents/GitHub/Jimbot/install/realsense2_camera_msgs/lib:${LD_LIBRARY_PATH} PYTHONPATH=/home/antonio/Documents/GitHub/Jimbot/install/realsense2_camera_msgs/local/lib/python3.10/dist-packages:${PYTHONPATH} /usr/bin/cmake --install /home/antonio/Documents/GitHub/Jimbot/build/realsense2_description
[3.215s] Level 1:colcon.colcon_core.environment:checking '/home/antonio/Documents/GitHub/Jimbot/install/realsense2_description' for CMake config files
[3.215s] Level 1:colcon.colcon_core.shell:create_environment_hook('realsense2_description', 'cmake_prefix_path')
[3.216s] INFO:colcon.colcon_core.shell:Creating environment hook '/home/antonio/Documents/GitHub/Jimbot/install/realsense2_description/share/realsense2_description/hook/cmake_prefix_path.ps1'
[3.216s] INFO:colcon.colcon_core.shell:Creating environment descriptor '/home/antonio/Documents/GitHub/Jimbot/install/realsense2_description/share/realsense2_description/hook/cmake_prefix_path.dsv'
[3.216s] INFO:colcon.colcon_core.shell:Creating environment hook '/home/antonio/Documents/GitHub/Jimbot/install/realsense2_description/share/realsense2_description/hook/cmake_prefix_path.sh'
[3.216s] Level 1:colcon.colcon_core.environment:checking '/home/antonio/Documents/GitHub/Jimbot/install/realsense2_description/bin'
[3.216s] Level 1:colcon.colcon_core.environment:checking '/home/antonio/Documents/GitHub/Jimbot/install/realsense2_description/lib/pkgconfig/realsense2_description.pc'
[3.216s] Level 1:colcon.colcon_core.environment:checking '/home/antonio/Documents/GitHub/Jimbot/install/realsense2_description/lib/python3.10/site-packages'
[3.216s] Level 1:colcon.colcon_core.environment:checking '/home/antonio/Documents/GitHub/Jimbot/install/realsense2_description/bin'
[3.217s] INFO:colcon.colcon_core.shell:Creating package script '/home/antonio/Documents/GitHub/Jimbot/install/realsense2_description/share/realsense2_description/package.ps1'
[3.217s] INFO:colcon.colcon_core.shell:Creating package descriptor '/home/antonio/Documents/GitHub/Jimbot/install/realsense2_description/share/realsense2_description/package.dsv'
[3.217s] INFO:colcon.colcon_core.shell:Creating package script '/home/antonio/Documents/GitHub/Jimbot/install/realsense2_description/share/realsense2_description/package.sh'
[3.218s] INFO:colcon.colcon_core.shell:Creating package script '/home/antonio/Documents/GitHub/Jimbot/install/realsense2_description/share/realsense2_description/package.bash'
[3.218s] INFO:colcon.colcon_core.shell:Creating package script '/home/antonio/Documents/GitHub/Jimbot/install/realsense2_description/share/realsense2_description/package.zsh'
[3.218s] Level 1:colcon.colcon_core.environment:create_file_with_runtime_dependencies(/home/antonio/Documents/GitHub/Jimbot/install/realsense2_description/share/colcon-core/packages/realsense2_description)
[3.228s] Level 1:colcon.colcon_core.environment:create_environment_scripts_only(realsense2_description)
[3.229s] Level 1:colcon.colcon_core.environment:checking '/home/antonio/Documents/GitHub/Jimbot/install/realsense2_description' for CMake module files
[3.230s] Level 1:colcon.colcon_core.environment:checking '/home/antonio/Documents/GitHub/Jimbot/install/realsense2_description' for CMake config files
[3.230s] Level 1:colcon.colcon_core.shell:create_environment_hook('realsense2_description', 'cmake_prefix_path')
[3.230s] INFO:colcon.colcon_core.shell:Creating environment hook '/home/antonio/Documents/GitHub/Jimbot/install/realsense2_description/share/realsense2_description/hook/cmake_prefix_path.ps1'
[3.231s] INFO:colcon.colcon_core.shell:Creating environment descriptor '/home/antonio/Documents/GitHub/Jimbot/install/realsense2_description/share/realsense2_description/hook/cmake_prefix_path.dsv'
[3.231s] INFO:colcon.colcon_core.shell:Creating environment hook '/home/antonio/Documents/GitHub/Jimbot/install/realsense2_description/share/realsense2_description/hook/cmake_prefix_path.sh'
[3.231s] Level 1:colcon.colcon_core.environment:checking '/home/antonio/Documents/GitHub/Jimbot/install/realsense2_description/bin'
[3.231s] Level 1:colcon.colcon_core.environment:checking '/home/antonio/Documents/GitHub/Jimbot/install/realsense2_description/lib/pkgconfig/realsense2_description.pc'
[3.231s] Level 1:colcon.colcon_core.environment:checking '/home/antonio/Documents/GitHub/Jimbot/install/realsense2_description/lib/python3.10/site-packages'
[3.231s] Level 1:colcon.colcon_core.environment:checking '/home/antonio/Documents/GitHub/Jimbot/install/realsense2_description/bin'
[3.232s] INFO:colcon.colcon_core.shell:Creating package script '/home/antonio/Documents/GitHub/Jimbot/install/realsense2_description/share/realsense2_description/package.ps1'
[3.232s] INFO:colcon.colcon_core.shell:Creating package descriptor '/home/antonio/Documents/GitHub/Jimbot/install/realsense2_description/share/realsense2_description/package.dsv'
[3.232s] INFO:colcon.colcon_core.shell:Creating package script '/home/antonio/Documents/GitHub/Jimbot/install/realsense2_description/share/realsense2_description/package.sh'
[3.232s] INFO:colcon.colcon_core.shell:Creating package script '/home/antonio/Documents/GitHub/Jimbot/install/realsense2_description/share/realsense2_description/package.bash'
[3.233s] INFO:colcon.colcon_core.shell:Creating package script '/home/antonio/Documents/GitHub/Jimbot/install/realsense2_description/share/realsense2_description/package.zsh'
[3.233s] Level 1:colcon.colcon_core.environment:create_file_with_runtime_dependencies(/home/antonio/Documents/GitHub/Jimbot/install/realsense2_description/share/colcon-core/packages/realsense2_description)
[3.936s] DEBUG:colcon.colcon_core.event_handler.log_command:Invoked command in '/home/antonio/Documents/GitHub/Jimbot/build/realsense2_camera' returned '0': AMENT_PREFIX_PATH=/home/antonio/Documents/GitHub/Jimbot/install/realsense2_camera_msgs:${AMENT_PREFIX_PATH} CMAKE_PREFIX_PATH=/home/antonio/Documents/GitHub/Jimbot/install/realsense2_camera_msgs:/opt/ros/humble LD_LIBRARY_PATH=/home/antonio/Documents/GitHub/Jimbot/install/realsense2_camera_msgs/lib:${LD_LIBRARY_PATH} PYTHONPATH=/home/antonio/Documents/GitHub/Jimbot/install/realsense2_camera_msgs/local/lib/python3.10/dist-packages:${PYTHONPATH} /usr/bin/cmake /home/antonio/Documents/GitHub/Jimbot/src/realsense-ros/realsense2_camera -DCMAKE_INSTALL_PREFIX=/home/antonio/Documents/GitHub/Jimbot/install/realsense2_camera
[3.936s] DEBUG:colcon.colcon_core.event_handler.log_command:Invoking command in '/home/antonio/Documents/GitHub/Jimbot/build/realsense2_camera': AMENT_PREFIX_PATH=/home/antonio/Documents/GitHub/Jimbot/install/realsense2_camera_msgs:${AMENT_PREFIX_PATH} CMAKE_PREFIX_PATH=/home/antonio/Documents/GitHub/Jimbot/install/realsense2_camera_msgs:/opt/ros/humble LD_LIBRARY_PATH=/home/antonio/Documents/GitHub/Jimbot/install/realsense2_camera_msgs/lib:${LD_LIBRARY_PATH} PYTHONPATH=/home/antonio/Documents/GitHub/Jimbot/install/realsense2_camera_msgs/local/lib/python3.10/dist-packages:${PYTHONPATH} /usr/bin/cmake --build /home/antonio/Documents/GitHub/Jimbot/build/realsense2_camera -- -j16 -l16
[13.669s] DEBUG:colcon.colcon_core.event_handler.log_command:Invoked command in '/home/antonio/Documents/GitHub/Jimbot/build/realsense2_camera' returned '0': AMENT_PREFIX_PATH=/home/antonio/Documents/GitHub/Jimbot/install/realsense2_camera_msgs:${AMENT_PREFIX_PATH} CMAKE_PREFIX_PATH=/home/antonio/Documents/GitHub/Jimbot/install/realsense2_camera_msgs:/opt/ros/humble LD_LIBRARY_PATH=/home/antonio/Documents/GitHub/Jimbot/install/realsense2_camera_msgs/lib:${LD_LIBRARY_PATH} PYTHONPATH=/home/antonio/Documents/GitHub/Jimbot/install/realsense2_camera_msgs/local/lib/python3.10/dist-packages:${PYTHONPATH} /usr/bin/cmake --build /home/antonio/Documents/GitHub/Jimbot/build/realsense2_camera -- -j16 -l16
[13.706s] DEBUG:colcon.colcon_core.event_handler.log_command:Invoking command in '/home/antonio/Documents/GitHub/Jimbot/build/realsense2_camera': AMENT_PREFIX_PATH=/home/antonio/Documents/GitHub/Jimbot/install/realsense2_camera_msgs:${AMENT_PREFIX_PATH} CMAKE_PREFIX_PATH=/home/antonio/Documents/GitHub/Jimbot/install/realsense2_camera_msgs:/opt/ros/humble LD_LIBRARY_PATH=/home/antonio/Documents/GitHub/Jimbot/install/realsense2_camera_msgs/lib:${LD_LIBRARY_PATH} PYTHONPATH=/home/antonio/Documents/GitHub/Jimbot/install/realsense2_camera_msgs/local/lib/python3.10/dist-packages:${PYTHONPATH} /usr/bin/cmake --install /home/antonio/Documents/GitHub/Jimbot/build/realsense2_camera
[13.719s] Level 1:colcon.colcon_core.environment:create_environment_scripts_only(realsense2_camera)
[13.719s] DEBUG:colcon.colcon_core.event_handler.log_command:Invoked command in '/home/antonio/Documents/GitHub/Jimbot/build/realsense2_camera' returned '0': AMENT_PREFIX_PATH=/home/antonio/Documents/GitHub/Jimbot/install/realsense2_camera_msgs:${AMENT_PREFIX_PATH} CMAKE_PREFIX_PATH=/home/antonio/Documents/GitHub/Jimbot/install/realsense2_camera_msgs:/opt/ros/humble LD_LIBRARY_PATH=/home/antonio/Documents/GitHub/Jimbot/install/realsense2_camera_msgs/lib:${LD_LIBRARY_PATH} PYTHONPATH=/home/antonio/Documents/GitHub/Jimbot/install/realsense2_camera_msgs/local/lib/python3.10/dist-packages:${PYTHONPATH} /usr/bin/cmake --install /home/antonio/Documents/GitHub/Jimbot/build/realsense2_camera
[13.721s] Level 1:colcon.colcon_core.environment:checking '/home/antonio/Documents/GitHub/Jimbot/install/realsense2_camera' for CMake module files
[13.722s] Level 1:colcon.colcon_core.environment:checking '/home/antonio/Documents/GitHub/Jimbot/install/realsense2_camera' for CMake config files
[13.722s] Level 1:colcon.colcon_core.shell:create_environment_hook('realsense2_camera', 'cmake_prefix_path')
[13.723s] INFO:colcon.colcon_core.shell:Creating environment hook '/home/antonio/Documents/GitHub/Jimbot/install/realsense2_camera/share/realsense2_camera/hook/cmake_prefix_path.ps1'
[13.723s] INFO:colcon.colcon_core.shell:Creating environment descriptor '/home/antonio/Documents/GitHub/Jimbot/install/realsense2_camera/share/realsense2_camera/hook/cmake_prefix_path.dsv'
[13.723s] INFO:colcon.colcon_core.shell:Creating environment hook '/home/antonio/Documents/GitHub/Jimbot/install/realsense2_camera/share/realsense2_camera/hook/cmake_prefix_path.sh'
[13.723s] Level 1:colcon.colcon_core.environment:checking '/home/antonio/Documents/GitHub/Jimbot/install/realsense2_camera/lib'
[13.723s] Level 1:colcon.colcon_core.shell:create_environment_hook('realsense2_camera', 'ld_library_path_lib')
[13.724s] INFO:colcon.colcon_core.shell:Creating environment hook '/home/antonio/Documents/GitHub/Jimbot/install/realsense2_camera/share/realsense2_camera/hook/ld_library_path_lib.ps1'
[13.724s] INFO:colcon.colcon_core.shell:Creating environment descriptor '/home/antonio/Documents/GitHub/Jimbot/install/realsense2_camera/share/realsense2_camera/hook/ld_library_path_lib.dsv'
[13.724s] INFO:colcon.colcon_core.shell:Creating environment hook '/home/antonio/Documents/GitHub/Jimbot/install/realsense2_camera/share/realsense2_camera/hook/ld_library_path_lib.sh'
[13.724s] Level 1:colcon.colcon_core.environment:checking '/home/antonio/Documents/GitHub/Jimbot/install/realsense2_camera/bin'
[13.724s] Level 1:colcon.colcon_core.environment:checking '/home/antonio/Documents/GitHub/Jimbot/install/realsense2_camera/lib/pkgconfig/realsense2_camera.pc'
[13.724s] Level 1:colcon.colcon_core.environment:checking '/home/antonio/Documents/GitHub/Jimbot/install/realsense2_camera/lib/python3.10/site-packages'
[13.725s] Level 1:colcon.colcon_core.environment:checking '/home/antonio/Documents/GitHub/Jimbot/install/realsense2_camera/bin'
[13.725s] INFO:colcon.colcon_core.shell:Creating package script '/home/antonio/Documents/GitHub/Jimbot/install/realsense2_camera/share/realsense2_camera/package.ps1'
[13.726s] INFO:colcon.colcon_core.shell:Creating package descriptor '/home/antonio/Documents/GitHub/Jimbot/install/realsense2_camera/share/realsense2_camera/package.dsv'
[13.726s] INFO:colcon.colcon_core.shell:Creating package script '/home/antonio/Documents/GitHub/Jimbot/install/realsense2_camera/share/realsense2_camera/package.sh'
[13.726s] INFO:colcon.colcon_core.shell:Creating package script '/home/antonio/Documents/GitHub/Jimbot/install/realsense2_camera/share/realsense2_camera/package.bash'
[13.726s] INFO:colcon.colcon_core.shell:Creating package script '/home/antonio/Documents/GitHub/Jimbot/install/realsense2_camera/share/realsense2_camera/package.zsh'
[13.726s] Level 1:colcon.colcon_core.environment:create_file_with_runtime_dependencies(/home/antonio/Documents/GitHub/Jimbot/install/realsense2_camera/share/colcon-core/packages/realsense2_camera)
[13.749s] Level 1:colcon.colcon_core.environment:create_environment_scripts_only(realsense2_camera)
[13.750s] Level 1:colcon.colcon_core.environment:checking '/home/antonio/Documents/GitHub/Jimbot/install/realsense2_camera' for CMake module files
[13.750s] Level 1:colcon.colcon_core.environment:checking '/home/antonio/Documents/GitHub/Jimbot/install/realsense2_camera' for CMake config files
[13.750s] Level 1:colcon.colcon_core.shell:create_environment_hook('realsense2_camera', 'cmake_prefix_path')
[13.751s] INFO:colcon.colcon_core.shell:Creating environment hook '/home/antonio/Documents/GitHub/Jimbot/install/realsense2_camera/share/realsense2_camera/hook/cmake_prefix_path.ps1'
[13.751s] INFO:colcon.colcon_core.shell:Creating environment descriptor '/home/antonio/Documents/GitHub/Jimbot/install/realsense2_camera/share/realsense2_camera/hook/cmake_prefix_path.dsv'
[13.752s] INFO:colcon.colcon_core.shell:Creating environment hook '/home/antonio/Documents/GitHub/Jimbot/install/realsense2_camera/share/realsense2_camera/hook/cmake_prefix_path.sh'
[13.752s] Level 1:colcon.colcon_core.environment:checking '/home/antonio/Documents/GitHub/Jimbot/install/realsense2_camera/lib'
[13.752s] Level 1:colcon.colcon_core.shell:create_environment_hook('realsense2_camera', 'ld_library_path_lib')
[13.753s] INFO:colcon.colcon_core.shell:Creating environment hook '/home/antonio/Documents/GitHub/Jimbot/install/realsense2_camera/share/realsense2_camera/hook/ld_library_path_lib.ps1'
[13.753s] INFO:colcon.colcon_core.shell:Creating environment descriptor '/home/antonio/Documents/GitHub/Jimbot/install/realsense2_camera/share/realsense2_camera/hook/ld_library_path_lib.dsv'
[13.753s] INFO:colcon.colcon_core.shell:Creating environment hook '/home/antonio/Documents/GitHub/Jimbot/install/realsense2_camera/share/realsense2_camera/hook/ld_library_path_lib.sh'
[13.753s] Level 1:colcon.colcon_core.environment:checking '/home/antonio/Documents/GitHub/Jimbot/install/realsense2_camera/bin'
[13.753s] Level 1:colcon.colcon_core.environment:checking '/home/antonio/Documents/GitHub/Jimbot/install/realsense2_camera/lib/pkgconfig/realsense2_camera.pc'
[13.753s] Level 1:colcon.colcon_core.environment:checking '/home/antonio/Documents/GitHub/Jimbot/install/realsense2_camera/lib/python3.10/site-packages'
[13.753s] Level 1:colcon.colcon_core.environment:checking '/home/antonio/Documents/GitHub/Jimbot/install/realsense2_camera/bin'
[13.754s] INFO:colcon.colcon_core.shell:Creating package script '/home/antonio/Documents/GitHub/Jimbot/install/realsense2_camera/share/realsense2_camera/package.ps1'
[13.754s] INFO:colcon.colcon_core.shell:Creating package descriptor '/home/antonio/Documents/GitHub/Jimbot/install/realsense2_camera/share/realsense2_camera/package.dsv'
[13.755s] INFO:colcon.colcon_core.shell:Creating package script '/home/antonio/Documents/GitHub/Jimbot/install/realsense2_camera/share/realsense2_camera/package.sh'
[13.755s] INFO:colcon.colcon_core.shell:Creating package script '/home/antonio/Documents/GitHub/Jimbot/install/realsense2_camera/share/realsense2_camera/package.bash'
[13.755s] INFO:colcon.colcon_core.shell:Creating package script '/home/antonio/Documents/GitHub/Jimbot/install/realsense2_camera/share/realsense2_camera/package.zsh'
[13.755s] Level 1:colcon.colcon_core.environment:create_file_with_runtime_dependencies(/home/antonio/Documents/GitHub/Jimbot/install/realsense2_camera/share/colcon-core/packages/realsense2_camera)
[13.755s] DEBUG:colcon.colcon_parallel_executor.executor.parallel:closing loop
[13.755s] DEBUG:colcon.colcon_parallel_executor.executor.parallel:loop closed
[13.755s] DEBUG:colcon.colcon_parallel_executor.executor.parallel:run_until_complete finished with '0'
[13.755s] DEBUG:colcon.colcon_core.event_reactor:joining thread
[13.758s] INFO:colcon.colcon_core.plugin_system:Skipping extension 'colcon_notification.desktop_notification.notify_send': Could not find 'notify-send'
[13.758s] INFO:colcon.colcon_core.plugin_system:Skipping extension 'colcon_notification.desktop_notification.terminal_notifier': Not used on non-Darwin systems
[13.758s] INFO:colcon.colcon_core.plugin_system:Skipping extension 'colcon_notification.desktop_notification.win32': Not used on non-Windows systems
[13.758s] INFO:colcon.colcon_notification.desktop_notification:Sending desktop notification using 'notify2'
[13.765s] DEBUG:colcon.colcon_core.event_reactor:joined thread
[13.765s] INFO:colcon.colcon_core.shell:Creating prefix script '/home/antonio/Documents/GitHub/Jimbot/install/local_setup.ps1'
[13.766s] INFO:colcon.colcon_core.shell:Creating prefix util module '/home/antonio/Documents/GitHub/Jimbot/install/_local_setup_util_ps1.py'
[13.767s] INFO:colcon.colcon_core.shell:Creating prefix chain script '/home/antonio/Documents/GitHub/Jimbot/install/setup.ps1'
[13.767s] INFO:colcon.colcon_core.shell:Creating prefix script '/home/antonio/Documents/GitHub/Jimbot/install/local_setup.sh'
[13.767s] INFO:colcon.colcon_core.shell:Creating prefix util module '/home/antonio/Documents/GitHub/Jimbot/install/_local_setup_util_sh.py'
[13.768s] INFO:colcon.colcon_core.shell:Creating prefix chain script '/home/antonio/Documents/GitHub/Jimbot/install/setup.sh'
[13.768s] INFO:colcon.colcon_core.shell:Creating prefix script '/home/antonio/Documents/GitHub/Jimbot/install/local_setup.bash'
[13.768s] INFO:colcon.colcon_core.shell:Creating prefix chain script '/home/antonio/Documents/GitHub/Jimbot/install/setup.bash'
[13.769s] INFO:colcon.colcon_core.shell:Creating prefix script '/home/antonio/Documents/GitHub/Jimbot/install/local_setup.zsh'
[13.769s] INFO:colcon.colcon_core.shell:Creating prefix chain script '/home/antonio/Documents/GitHub/Jimbot/install/setup.zsh'
