-- Found ament_cmake: 1.3.3 (/opt/ros/humble/share/ament_cmake/cmake)
-- Found rclcpp: 16.0.2 (/opt/ros/humble/share/rclcpp/cmake)
-- Found rosidl_generator_c: 3.1.4 (/opt/ros/humble/share/rosidl_generator_c/cmake)
-- Found rosidl_adapter: 3.1.4 (/opt/ros/humble/share/rosidl_adapter/cmake)
-- Found rosidl_generator_cpp: 3.1.4 (/opt/ros/humble/share/rosidl_generator_cpp/cmake)
-- Using all available rosidl_typesupport_c: rosidl_typesupport_fastrtps_c;rosidl_typesupport_introspection_c
-- Using all available rosidl_typesupport_cpp: rosidl_typesupport_fastrtps_cpp;rosidl_typesupport_introspection_cpp
-- Found rmw_implementation_cmake: 6.1.1 (/opt/ros/humble/share/rmw_implementation_cmake/cmake)
-- Found rmw_fastrtps_cpp: 6.2.2 (/opt/ros/humble/share/rmw_fastrtps_cpp/cmake)
-- Using RMW implementation 'rmw_fastrtps_cpp' as default
-- Found sensor_msgs: 4.2.2 (/opt/ros/humble/share/sensor_msgs/cmake)
-- Found ament_lint_auto: 0.12.4 (/opt/ros/humble/share/ament_lint_auto/cmake)
-- Added test 'cppcheck' to perform static code analysis on C / C++ code
-- Configured cppcheck include dirs: $<BUILD_INTERFACE:/home/antonio/Documents/GitHub/Jimbot/src/robot/include>
-- Configured cppcheck exclude dirs and/or files: 
-- Added test 'lint_cmake' to check CMake code style
-- Added test 'uncrustify' to check C / C++ code style
-- Configured uncrustify additional arguments: 
-- Added test 'xmllint' to check XML markup files
-- Configuring done
-- Generating done
-- Build files have been written to: /home/antonio/Documents/GitHub/Jimbot/build/robot
[ 50%] [32mBuilding CXX object CMakeFiles/drive.dir/src/drive.cpp.o[0m
[100%] [32m[1mLinking CXX executable drive[0m
[100%] Built target drive
-- Install configuration: ""
-- Installing: /home/antonio/Documents/GitHub/Jimbot/install/robot/lib/robot/drive
-- Set runtime path of "/home/antonio/Documents/GitHub/Jimbot/install/robot/lib/robot/drive" to ""
-- Installing: /home/antonio/Documents/GitHub/Jimbot/install/robot/share/ament_index/resource_index/package_run_dependencies/robot
-- Installing: /home/antonio/Documents/GitHub/Jimbot/install/robot/share/ament_index/resource_index/parent_prefix_path/robot
-- Installing: /home/antonio/Documents/GitHub/Jimbot/install/robot/share/robot/environment/ament_prefix_path.sh
-- Installing: /home/antonio/Documents/GitHub/Jimbot/install/robot/share/robot/environment/ament_prefix_path.dsv
-- Installing: /home/antonio/Documents/GitHub/Jimbot/install/robot/share/robot/environment/path.sh
-- Installing: /home/antonio/Documents/GitHub/Jimbot/install/robot/share/robot/environment/path.dsv
-- Installing: /home/antonio/Documents/GitHub/Jimbot/install/robot/share/robot/local_setup.bash
-- Installing: /home/antonio/Documents/GitHub/Jimbot/install/robot/share/robot/local_setup.sh
-- Installing: /home/antonio/Documents/GitHub/Jimbot/install/robot/share/robot/local_setup.zsh
-- Installing: /home/antonio/Documents/GitHub/Jimbot/install/robot/share/robot/local_setup.dsv
-- Installing: /home/antonio/Documents/GitHub/Jimbot/install/robot/share/robot/package.dsv
-- Installing: /home/antonio/Documents/GitHub/Jimbot/install/robot/share/ament_index/resource_index/packages/robot
-- Installing: /home/antonio/Documents/GitHub/Jimbot/install/robot/share/robot/cmake/robotConfig.cmake
-- Installing: /home/antonio/Documents/GitHub/Jimbot/install/robot/share/robot/cmake/robotConfig-version.cmake
-- Installing: /home/antonio/Documents/GitHub/Jimbot/install/robot/share/robot/package.xml
