[0.010s] Invoking command in '/home/antonio/Documents/GitHub/Jimbot/build/robot': CMAKE_PREFIX_PATH=/opt/ros/humble /usr/bin/cmake --build /home/antonio/Documents/GitHub/Jimbot/build/robot -- -j16 -l16
[0.023s] -- Found ament_cmake: 1.3.3 (/opt/ros/humble/share/ament_cmake/cmake)
[0.102s] -- Found rclcpp: 16.0.2 (/opt/ros/humble/share/rclcpp/cmake)
[0.121s] -- Found rosidl_generator_c: 3.1.4 (/opt/ros/humble/share/rosidl_generator_c/cmake)
[0.122s] -- Found rosidl_adapter: 3.1.4 (/opt/ros/humble/share/rosidl_adapter/cmake)
[0.126s] -- Found rosidl_generator_cpp: 3.1.4 (/opt/ros/humble/share/rosidl_generator_cpp/cmake)
[0.132s] -- Using all available rosidl_typesupport_c: rosidl_typesupport_fastrtps_c;rosidl_typesupport_introspection_c
[0.140s] -- Using all available rosidl_typesupport_cpp: rosidl_typesupport_fastrtps_cpp;rosidl_typesupport_introspection_cpp
[0.173s] -- Found rmw_implementation_cmake: 6.1.1 (/opt/ros/humble/share/rmw_implementation_cmake/cmake)
[0.173s] -- Found rmw_fastrtps_cpp: 6.2.2 (/opt/ros/humble/share/rmw_fastrtps_cpp/cmake)
[0.238s] -- Using RMW implementation 'rmw_fastrtps_cpp' as default
[0.325s] -- Found sensor_msgs: 4.2.2 (/opt/ros/humble/share/sensor_msgs/cmake)
[0.396s] -- Found ament_lint_auto: 0.12.4 (/opt/ros/humble/share/ament_lint_auto/cmake)
[0.433s] -- Added test 'cppcheck' to perform static code analysis on C / C++ code
[0.433s] -- Configured cppcheck include dirs: $<BUILD_INTERFACE:/home/antonio/Documents/GitHub/Jimbot/src/robot/include>
[0.433s] -- Configured cppcheck exclude dirs and/or files: 
[0.434s] -- Added test 'lint_cmake' to check CMake code style
[0.434s] -- Added test 'uncrustify' to check C / C++ code style
[0.434s] -- Configured uncrustify additional arguments: 
[0.434s] -- Added test 'xmllint' to check XML markup files
[0.434s] -- Configuring done
[0.439s] -- Generating done
[0.440s] -- Build files have been written to: /home/antonio/Documents/GitHub/Jimbot/build/robot
[0.457s] [ 50%] [32mBuilding CXX object CMakeFiles/drive.dir/src/drive.cpp.o[0m
[4.608s] [100%] [32m[1mLinking CXX executable drive[0m
[4.813s] [100%] Built target drive
[4.823s] Invoked command in '/home/antonio/Documents/GitHub/Jimbot/build/robot' returned '0': CMAKE_PREFIX_PATH=/opt/ros/humble /usr/bin/cmake --build /home/antonio/Documents/GitHub/Jimbot/build/robot -- -j16 -l16
[4.836s] Invoking command in '/home/antonio/Documents/GitHub/Jimbot/build/robot': CMAKE_PREFIX_PATH=/opt/ros/humble /usr/bin/cmake --install /home/antonio/Documents/GitHub/Jimbot/build/robot
[4.841s] -- Install configuration: ""
[4.841s] -- Installing: /home/antonio/Documents/GitHub/Jimbot/install/robot/lib/robot/drive
[4.845s] -- Set runtime path of "/home/antonio/Documents/GitHub/Jimbot/install/robot/lib/robot/drive" to ""
[4.845s] -- Installing: /home/antonio/Documents/GitHub/Jimbot/install/robot/share/ament_index/resource_index/package_run_dependencies/robot
[4.845s] -- Installing: /home/antonio/Documents/GitHub/Jimbot/install/robot/share/ament_index/resource_index/parent_prefix_path/robot
[4.845s] -- Installing: /home/antonio/Documents/GitHub/Jimbot/install/robot/share/robot/environment/ament_prefix_path.sh
[4.845s] -- Installing: /home/antonio/Documents/GitHub/Jimbot/install/robot/share/robot/environment/ament_prefix_path.dsv
[4.845s] -- Installing: /home/antonio/Documents/GitHub/Jimbot/install/robot/share/robot/environment/path.sh
[4.845s] -- Installing: /home/antonio/Documents/GitHub/Jimbot/install/robot/share/robot/environment/path.dsv
[4.846s] -- Installing: /home/antonio/Documents/GitHub/Jimbot/install/robot/share/robot/local_setup.bash
[4.846s] -- Installing: /home/antonio/Documents/GitHub/Jimbot/install/robot/share/robot/local_setup.sh
[4.846s] -- Installing: /home/antonio/Documents/GitHub/Jimbot/install/robot/share/robot/local_setup.zsh
[4.846s] -- Installing: /home/antonio/Documents/GitHub/Jimbot/install/robot/share/robot/local_setup.dsv
[4.846s] -- Installing: /home/antonio/Documents/GitHub/Jimbot/install/robot/share/robot/package.dsv
[4.846s] -- Installing: /home/antonio/Documents/GitHub/Jimbot/install/robot/share/ament_index/resource_index/packages/robot
[4.846s] -- Installing: /home/antonio/Documents/GitHub/Jimbot/install/robot/share/robot/cmake/robotConfig.cmake
[4.846s] -- Installing: /home/antonio/Documents/GitHub/Jimbot/install/robot/share/robot/cmake/robotConfig-version.cmake
[4.846s] -- Installing: /home/antonio/Documents/GitHub/Jimbot/install/robot/share/robot/package.xml
[4.848s] Invoked command in '/home/antonio/Documents/GitHub/Jimbot/build/robot' returned '0': CMAKE_PREFIX_PATH=/opt/ros/humble /usr/bin/cmake --install /home/antonio/Documents/GitHub/Jimbot/build/robot
