[0.006s] Invoking command in '/home/antonio/Documents/GitHub/Jimbot/build/realsense2_description': AMENT_PREFIX_PATH=/home/antonio/Documents/GitHub/Jimbot/install/realsense2_camera_msgs:${AMENT_PREFIX_PATH} CMAKE_PREFIX_PATH=/home/antonio/Documents/GitHub/Jimbot/install/realsense2_camera_msgs:/opt/ros/humble LD_LIBRARY_PATH=/home/antonio/Documents/GitHub/Jimbot/install/realsense2_camera_msgs/lib:${LD_LIBRARY_PATH} PYTHONPATH=/home/antonio/Documents/GitHub/Jimbot/install/realsense2_camera_msgs/local/lib/python3.10/dist-packages:${PYTHONPATH} /usr/bin/cmake /home/antonio/Documents/GitHub/Jimbot/src/realsense-ros/realsense2_description -DCMAKE_INSTALL_PREFIX=/home/antonio/Documents/GitHub/Jimbot/install/realsense2_description
[0.037s] -- The C compiler identification is GNU 11.3.0
[0.075s] -- The CXX compiler identification is GNU 11.3.0
[0.079s] -- Detecting C compiler ABI info
[0.109s] -- Detecting C compiler ABI info - done
[0.113s] -- Check for working C compiler: /usr/bin/cc - skipped
[0.113s] -- Detecting C compile features
[0.114s] -- Detecting C compile features - done
[0.115s] -- Detecting CXX compiler ABI info
[0.152s] -- Detecting CXX compiler ABI info - done
[0.156s] -- Check for working CXX compiler: /usr/bin/c++ - skipped
[0.156s] -- Detecting CXX compile features
[0.156s] -- Detecting CXX compile features - done
[0.157s] -- Found ament_cmake: 1.3.3 (/opt/ros/humble/share/ament_cmake/cmake)
[0.244s] -- Found Python3: /usr/bin/python3.10 (found version "3.10.6") found components: Interpreter 
[0.319s] -- Configuring done
[0.320s] -- Generating done
[0.320s] -- Build files have been written to: /home/antonio/Documents/GitHub/Jimbot/build/realsense2_description
[0.323s] Invoked command in '/home/antonio/Documents/GitHub/Jimbot/build/realsense2_description' returned '0': AMENT_PREFIX_PATH=/home/antonio/Documents/GitHub/Jimbot/install/realsense2_camera_msgs:${AMENT_PREFIX_PATH} CMAKE_PREFIX_PATH=/home/antonio/Documents/GitHub/Jimbot/install/realsense2_camera_msgs:/opt/ros/humble LD_LIBRARY_PATH=/home/antonio/Documents/GitHub/Jimbot/install/realsense2_camera_msgs/lib:${LD_LIBRARY_PATH} PYTHONPATH=/home/antonio/Documents/GitHub/Jimbot/install/realsense2_camera_msgs/local/lib/python3.10/dist-packages:${PYTHONPATH} /usr/bin/cmake /home/antonio/Documents/GitHub/Jimbot/src/realsense-ros/realsense2_description -DCMAKE_INSTALL_PREFIX=/home/antonio/Documents/GitHub/Jimbot/install/realsense2_description
[0.323s] Invoking command in '/home/antonio/Documents/GitHub/Jimbot/build/realsense2_description': AMENT_PREFIX_PATH=/home/antonio/Documents/GitHub/Jimbot/install/realsense2_camera_msgs:${AMENT_PREFIX_PATH} CMAKE_PREFIX_PATH=/home/antonio/Documents/GitHub/Jimbot/install/realsense2_camera_msgs:/opt/ros/humble LD_LIBRARY_PATH=/home/antonio/Documents/GitHub/Jimbot/install/realsense2_camera_msgs/lib:${LD_LIBRARY_PATH} PYTHONPATH=/home/antonio/Documents/GitHub/Jimbot/install/realsense2_camera_msgs/local/lib/python3.10/dist-packages:${PYTHONPATH} /usr/bin/cmake --build /home/antonio/Documents/GitHub/Jimbot/build/realsense2_description -- -j16 -l16
[0.340s] Invoked command in '/home/antonio/Documents/GitHub/Jimbot/build/realsense2_description' returned '0': AMENT_PREFIX_PATH=/home/antonio/Documents/GitHub/Jimbot/install/realsense2_camera_msgs:${AMENT_PREFIX_PATH} CMAKE_PREFIX_PATH=/home/antonio/Documents/GitHub/Jimbot/install/realsense2_camera_msgs:/opt/ros/humble LD_LIBRARY_PATH=/home/antonio/Documents/GitHub/Jimbot/install/realsense2_camera_msgs/lib:${LD_LIBRARY_PATH} PYTHONPATH=/home/antonio/Documents/GitHub/Jimbot/install/realsense2_camera_msgs/local/lib/python3.10/dist-packages:${PYTHONPATH} /usr/bin/cmake --build /home/antonio/Documents/GitHub/Jimbot/build/realsense2_description -- -j16 -l16
[0.349s] Invoking command in '/home/antonio/Documents/GitHub/Jimbot/build/realsense2_description': AMENT_PREFIX_PATH=/home/antonio/Documents/GitHub/Jimbot/install/realsense2_camera_msgs:${AMENT_PREFIX_PATH} CMAKE_PREFIX_PATH=/home/antonio/Documents/GitHub/Jimbot/install/realsense2_camera_msgs:/opt/ros/humble LD_LIBRARY_PATH=/home/antonio/Documents/GitHub/Jimbot/install/realsense2_camera_msgs/lib:${LD_LIBRARY_PATH} PYTHONPATH=/home/antonio/Documents/GitHub/Jimbot/install/realsense2_camera_msgs/local/lib/python3.10/dist-packages:${PYTHONPATH} /usr/bin/cmake --install /home/antonio/Documents/GitHub/Jimbot/build/realsense2_description
[0.352s] -- Install configuration: ""
[0.352s] -- Installing: /home/antonio/Documents/GitHub/Jimbot/install/realsense2_description/share/realsense2_description/launch
[0.352s] -- Installing: /home/antonio/Documents/GitHub/Jimbot/install/realsense2_description/share/realsense2_description/launch/launch_utils.py
[0.352s] -- Installing: /home/antonio/Documents/GitHub/Jimbot/install/realsense2_description/share/realsense2_description/launch/view_model.launch.py
[0.352s] -- Installing: /home/antonio/Documents/GitHub/Jimbot/install/realsense2_description/share/realsense2_description/meshes
[0.352s] -- Installing: /home/antonio/Documents/GitHub/Jimbot/install/realsense2_description/share/realsense2_description/meshes/d435.dae
[0.363s] -- Installing: /home/antonio/Documents/GitHub/Jimbot/install/realsense2_description/share/realsense2_description/meshes/plug.stl
[0.363s] -- Installing: /home/antonio/Documents/GitHub/Jimbot/install/realsense2_description/share/realsense2_description/meshes/plug_collision.stl
[0.363s] -- Installing: /home/antonio/Documents/GitHub/Jimbot/install/realsense2_description/share/realsense2_description/meshes/l515.dae
[0.385s] -- Installing: /home/antonio/Documents/GitHub/Jimbot/install/realsense2_description/share/realsense2_description/meshes/d415.stl
[0.399s] -- Installing: /home/antonio/Documents/GitHub/Jimbot/install/realsense2_description/share/realsense2_description/meshes/d455.stl
[0.400s] -- Installing: /home/antonio/Documents/GitHub/Jimbot/install/realsense2_description/share/realsense2_description/rviz
[0.400s] -- Installing: /home/antonio/Documents/GitHub/Jimbot/install/realsense2_description/share/realsense2_description/rviz/urdf.rviz
[0.400s] -- Installing: /home/antonio/Documents/GitHub/Jimbot/install/realsense2_description/share/realsense2_description/urdf
[0.400s] -- Installing: /home/antonio/Documents/GitHub/Jimbot/install/realsense2_description/share/realsense2_description/urdf/test_d435_multiple_cameras.urdf.xacro
[0.400s] -- Installing: /home/antonio/Documents/GitHub/Jimbot/install/realsense2_description/share/realsense2_description/urdf/test_d415_camera.urdf.xacro
[0.401s] -- Installing: /home/antonio/Documents/GitHub/Jimbot/install/realsense2_description/share/realsense2_description/urdf/test_r410_camera.urdf.xacro
[0.401s] -- Installing: /home/antonio/Documents/GitHub/Jimbot/install/realsense2_description/share/realsense2_description/urdf/_d435i.urdf.xacro
[0.401s] -- Installing: /home/antonio/Documents/GitHub/Jimbot/install/realsense2_description/share/realsense2_description/urdf/test_d435i_camera.urdf.xacro
[0.401s] -- Installing: /home/antonio/Documents/GitHub/Jimbot/install/realsense2_description/share/realsense2_description/urdf/_d435i_imu_modules.urdf.xacro
[0.401s] -- Installing: /home/antonio/Documents/GitHub/Jimbot/install/realsense2_description/share/realsense2_description/urdf/_usb_plug.urdf.xacro
[0.401s] -- Installing: /home/antonio/Documents/GitHub/Jimbot/install/realsense2_description/share/realsense2_description/urdf/_r410.urdf.xacro
[0.401s] -- Installing: /home/antonio/Documents/GitHub/Jimbot/install/realsense2_description/share/realsense2_description/urdf/_d415.urdf.xacro
[0.401s] -- Installing: /home/antonio/Documents/GitHub/Jimbot/install/realsense2_description/share/realsense2_description/urdf/_materials.urdf.xacro
[0.401s] -- Installing: /home/antonio/Documents/GitHub/Jimbot/install/realsense2_description/share/realsense2_description/urdf/test_d435_camera.urdf.xacro
[0.401s] -- Installing: /home/antonio/Documents/GitHub/Jimbot/install/realsense2_description/share/realsense2_description/urdf/_d455.urdf.xacro
[0.401s] -- Installing: /home/antonio/Documents/GitHub/Jimbot/install/realsense2_description/share/realsense2_description/urdf/test_r430_camera.urdf.xacro
[0.401s] -- Installing: /home/antonio/Documents/GitHub/Jimbot/install/realsense2_description/share/realsense2_description/urdf/test_l515_camera.urdf.xacro
[0.401s] -- Installing: /home/antonio/Documents/GitHub/Jimbot/install/realsense2_description/share/realsense2_description/urdf/_d435.urdf.xacro
[0.401s] -- Installing: /home/antonio/Documents/GitHub/Jimbot/install/realsense2_description/share/realsense2_description/urdf/test_d455_camera.urdf.xacro
[0.401s] -- Installing: /home/antonio/Documents/GitHub/Jimbot/install/realsense2_description/share/realsense2_description/urdf/_r430.urdf.xacro
[0.401s] -- Installing: /home/antonio/Documents/GitHub/Jimbot/install/realsense2_description/share/realsense2_description/urdf/_l515.urdf.xacro
[0.401s] -- Installing: /home/antonio/Documents/GitHub/Jimbot/install/realsense2_description/share/ament_index/resource_index/package_run_dependencies/realsense2_description
[0.401s] -- Installing: /home/antonio/Documents/GitHub/Jimbot/install/realsense2_description/share/ament_index/resource_index/parent_prefix_path/realsense2_description
[0.401s] -- Installing: /home/antonio/Documents/GitHub/Jimbot/install/realsense2_description/share/realsense2_description/environment/ament_prefix_path.sh
[0.401s] -- Installing: /home/antonio/Documents/GitHub/Jimbot/install/realsense2_description/share/realsense2_description/environment/ament_prefix_path.dsv
[0.401s] -- Installing: /home/antonio/Documents/GitHub/Jimbot/install/realsense2_description/share/realsense2_description/environment/path.sh
[0.401s] -- Installing: /home/antonio/Documents/GitHub/Jimbot/install/realsense2_description/share/realsense2_description/environment/path.dsv
[0.401s] -- Installing: /home/antonio/Documents/GitHub/Jimbot/install/realsense2_description/share/realsense2_description/local_setup.bash
[0.401s] -- Installing: /home/antonio/Documents/GitHub/Jimbot/install/realsense2_description/share/realsense2_description/local_setup.sh
[0.401s] -- Installing: /home/antonio/Documents/GitHub/Jimbot/install/realsense2_description/share/realsense2_description/local_setup.zsh
[0.401s] -- Installing: /home/antonio/Documents/GitHub/Jimbot/install/realsense2_description/share/realsense2_description/local_setup.dsv
[0.402s] -- Installing: /home/antonio/Documents/GitHub/Jimbot/install/realsense2_description/share/realsense2_description/package.dsv
[0.402s] -- Installing: /home/antonio/Documents/GitHub/Jimbot/install/realsense2_description/share/ament_index/resource_index/packages/realsense2_description
[0.402s] -- Installing: /home/antonio/Documents/GitHub/Jimbot/install/realsense2_description/share/realsense2_description/cmake/realsense2_descriptionConfig.cmake
[0.402s] -- Installing: /home/antonio/Documents/GitHub/Jimbot/install/realsense2_description/share/realsense2_description/cmake/realsense2_descriptionConfig-version.cmake
[0.402s] -- Installing: /home/antonio/Documents/GitHub/Jimbot/install/realsense2_description/share/realsense2_description/package.xml
[0.403s] Invoked command in '/home/antonio/Documents/GitHub/Jimbot/build/realsense2_description' returned '0': AMENT_PREFIX_PATH=/home/antonio/Documents/GitHub/Jimbot/install/realsense2_camera_msgs:${AMENT_PREFIX_PATH} CMAKE_PREFIX_PATH=/home/antonio/Documents/GitHub/Jimbot/install/realsense2_camera_msgs:/opt/ros/humble LD_LIBRARY_PATH=/home/antonio/Documents/GitHub/Jimbot/install/realsense2_camera_msgs/lib:${LD_LIBRARY_PATH} PYTHONPATH=/home/antonio/Documents/GitHub/Jimbot/install/realsense2_camera_msgs/local/lib/python3.10/dist-packages:${PYTHONPATH} /usr/bin/cmake --install /home/antonio/Documents/GitHub/Jimbot/build/realsense2_description
