[0.133s] DEBUG:colcon:Command line arguments: ['/usr/bin/colcon', 'build']
[0.133s] DEBUG:colcon:Parsed command line arguments: Namespace(log_base=None, log_level=None, verb_name='build', build_base='build', install_base='install', merge_install=False, symlink_install=False, test_result_base=None, continue_on_error=False, executor='parallel', parallel_workers=16, event_handlers=None, ignore_user_meta=False, metas=['./colcon.meta'], base_paths=['.'], packages_ignore=None, packages_ignore_regex=None, paths=None, packages_up_to=None, packages_up_to_regex=None, packages_above=None, packages_above_and_dependencies=None, packages_above_depth=None, packages_select_by_dep=None, packages_skip_by_dep=None, packages_skip_up_to=None, packages_select_build_failed=False, packages_skip_build_finished=False, packages_select_test_failures=False, packages_skip_test_passed=False, packages_select=None, packages_skip=None, packages_select_regex=None, packages_skip_regex=None, packages_start=None, packages_end=None, allow_overriding=[], cmake_args=None, cmake_target=None, cmake_target_skip_unavailable=False, cmake_clean_cache=False, cmake_clean_first=False, cmake_force_configure=False, ament_cmake_args=None, catkin_cmake_args=None, catkin_skip_building_tests=False, verb_parser=<colcon_defaults.argument_parser.defaults.DefaultArgumentsDecorator object at 0x7f6d99a232b0>, verb_extension=<colcon_core.verb.build.BuildVerb object at 0x7f6d9a4431c0>, main=<bound method BuildVerb.main of <colcon_core.verb.build.BuildVerb object at 0x7f6d9a4431c0>>)
[0.143s] Level 1:colcon.colcon_core.package_discovery:discover_packages(colcon_meta) check parameters
[0.143s] Level 1:colcon.colcon_core.package_discovery:discover_packages(recursive) check parameters
[0.143s] Level 1:colcon.colcon_core.package_discovery:discover_packages(ignore) check parameters
[0.143s] Level 1:colcon.colcon_core.package_discovery:discover_packages(path) check parameters
[0.143s] Level 1:colcon.colcon_core.package_discovery:discover_packages(colcon_meta) discover
[0.143s] Level 1:colcon.colcon_core.package_discovery:discover_packages(recursive) discover
[0.143s] INFO:colcon.colcon_core.package_discovery:Crawling recursively for packages in '/home/antonio/Documents/GitHub/Jimbot'
[0.143s] Level 1:colcon.colcon_core.package_identification:_identify(.) by extensions ['ignore', 'ignore_ament_install']
[0.143s] Level 1:colcon.colcon_core.package_identification:_identify(.) by extension 'ignore'
[0.143s] Level 1:colcon.colcon_core.package_identification:_identify(.) by extension 'ignore_ament_install'
[0.143s] Level 1:colcon.colcon_core.package_identification:_identify(.) by extensions ['colcon_pkg']
[0.143s] Level 1:colcon.colcon_core.package_identification:_identify(.) by extension 'colcon_pkg'
[0.143s] Level 1:colcon.colcon_core.package_identification:_identify(.) by extensions ['colcon_meta']
[0.143s] Level 1:colcon.colcon_core.package_identification:_identify(.) by extension 'colcon_meta'
[0.143s] Level 1:colcon.colcon_core.package_identification:_identify(.) by extensions ['ros']
[0.143s] Level 1:colcon.colcon_core.package_identification:_identify(.) by extension 'ros'
[0.153s] Level 1:colcon.colcon_core.package_identification:_identify(.) by extensions ['cmake', 'python']
[0.153s] Level 1:colcon.colcon_core.package_identification:_identify(.) by extension 'cmake'
[0.153s] Level 1:colcon.colcon_core.package_identification:_identify(.) by extension 'python'
[0.153s] Level 1:colcon.colcon_core.package_identification:_identify(.) by extensions ['python_setup_py']
[0.153s] Level 1:colcon.colcon_core.package_identification:_identify(.) by extension 'python_setup_py'
[0.154s] Level 1:colcon.colcon_core.package_identification:_identify(build) by extensions ['ignore', 'ignore_ament_install']
[0.154s] Level 1:colcon.colcon_core.package_identification:_identify(build) by extension 'ignore'
[0.154s] Level 1:colcon.colcon_core.package_identification:_identify(build) ignored
[0.154s] Level 1:colcon.colcon_core.package_identification:_identify(install) by extensions ['ignore', 'ignore_ament_install']
[0.154s] Level 1:colcon.colcon_core.package_identification:_identify(install) by extension 'ignore'
[0.154s] Level 1:colcon.colcon_core.package_identification:_identify(install) ignored
[0.154s] Level 1:colcon.colcon_core.package_identification:_identify(log) by extensions ['ignore', 'ignore_ament_install']
[0.154s] Level 1:colcon.colcon_core.package_identification:_identify(log) by extension 'ignore'
[0.154s] Level 1:colcon.colcon_core.package_identification:_identify(log) ignored
[0.154s] Level 1:colcon.colcon_core.package_identification:_identify(src) by extensions ['ignore', 'ignore_ament_install']
[0.154s] Level 1:colcon.colcon_core.package_identification:_identify(src) by extension 'ignore'
[0.154s] Level 1:colcon.colcon_core.package_identification:_identify(src) by extension 'ignore_ament_install'
[0.154s] Level 1:colcon.colcon_core.package_identification:_identify(src) by extensions ['colcon_pkg']
[0.154s] Level 1:colcon.colcon_core.package_identification:_identify(src) by extension 'colcon_pkg'
[0.154s] Level 1:colcon.colcon_core.package_identification:_identify(src) by extensions ['colcon_meta']
[0.154s] Level 1:colcon.colcon_core.package_identification:_identify(src) by extension 'colcon_meta'
[0.154s] Level 1:colcon.colcon_core.package_identification:_identify(src) by extensions ['ros']
[0.154s] Level 1:colcon.colcon_core.package_identification:_identify(src) by extension 'ros'
[0.154s] Level 1:colcon.colcon_core.package_identification:_identify(src) by extensions ['cmake', 'python']
[0.154s] Level 1:colcon.colcon_core.package_identification:_identify(src) by extension 'cmake'
[0.154s] Level 1:colcon.colcon_core.package_identification:_identify(src) by extension 'python'
[0.154s] Level 1:colcon.colcon_core.package_identification:_identify(src) by extensions ['python_setup_py']
[0.154s] Level 1:colcon.colcon_core.package_identification:_identify(src) by extension 'python_setup_py'
[0.154s] Level 1:colcon.colcon_core.package_identification:_identify(src/realsense-ros) by extensions ['ignore', 'ignore_ament_install']
[0.154s] Level 1:colcon.colcon_core.package_identification:_identify(src/realsense-ros) by extension 'ignore'
[0.154s] Level 1:colcon.colcon_core.package_identification:_identify(src/realsense-ros) by extension 'ignore_ament_install'
[0.154s] Level 1:colcon.colcon_core.package_identification:_identify(src/realsense-ros) by extensions ['colcon_pkg']
[0.154s] Level 1:colcon.colcon_core.package_identification:_identify(src/realsense-ros) by extension 'colcon_pkg'
[0.154s] Level 1:colcon.colcon_core.package_identification:_identify(src/realsense-ros) by extensions ['colcon_meta']
[0.154s] Level 1:colcon.colcon_core.package_identification:_identify(src/realsense-ros) by extension 'colcon_meta'
[0.154s] Level 1:colcon.colcon_core.package_identification:_identify(src/realsense-ros) by extensions ['ros']
[0.154s] Level 1:colcon.colcon_core.package_identification:_identify(src/realsense-ros) by extension 'ros'
[0.154s] Level 1:colcon.colcon_core.package_identification:_identify(src/realsense-ros) by extensions ['cmake', 'python']
[0.154s] Level 1:colcon.colcon_core.package_identification:_identify(src/realsense-ros) by extension 'cmake'
[0.154s] Level 1:colcon.colcon_core.package_identification:_identify(src/realsense-ros) by extension 'python'
[0.154s] Level 1:colcon.colcon_core.package_identification:_identify(src/realsense-ros) by extensions ['python_setup_py']
[0.154s] Level 1:colcon.colcon_core.package_identification:_identify(src/realsense-ros) by extension 'python_setup_py'
[0.154s] Level 1:colcon.colcon_core.package_identification:_identify(src/realsense-ros/realsense2_camera) by extensions ['ignore', 'ignore_ament_install']
[0.154s] Level 1:colcon.colcon_core.package_identification:_identify(src/realsense-ros/realsense2_camera) by extension 'ignore'
[0.155s] Level 1:colcon.colcon_core.package_identification:_identify(src/realsense-ros/realsense2_camera) by extension 'ignore_ament_install'
[0.155s] Level 1:colcon.colcon_core.package_identification:_identify(src/realsense-ros/realsense2_camera) by extensions ['colcon_pkg']
[0.155s] Level 1:colcon.colcon_core.package_identification:_identify(src/realsense-ros/realsense2_camera) by extension 'colcon_pkg'
[0.155s] Level 1:colcon.colcon_core.package_identification:_identify(src/realsense-ros/realsense2_camera) by extensions ['colcon_meta']
[0.155s] Level 1:colcon.colcon_core.package_identification:_identify(src/realsense-ros/realsense2_camera) by extension 'colcon_meta'
[0.155s] Level 1:colcon.colcon_core.package_identification:_identify(src/realsense-ros/realsense2_camera) by extensions ['ros']
[0.155s] Level 1:colcon.colcon_core.package_identification:_identify(src/realsense-ros/realsense2_camera) by extension 'ros'
[0.156s] DEBUG:colcon.colcon_core.package_identification:Package 'src/realsense-ros/realsense2_camera' with type 'ros.ament_cmake' and name 'realsense2_camera'
[0.157s] Level 1:colcon.colcon_core.package_identification:_identify(src/realsense-ros/realsense2_camera_msgs) by extensions ['ignore', 'ignore_ament_install']
[0.157s] Level 1:colcon.colcon_core.package_identification:_identify(src/realsense-ros/realsense2_camera_msgs) by extension 'ignore'
[0.157s] Level 1:colcon.colcon_core.package_identification:_identify(src/realsense-ros/realsense2_camera_msgs) by extension 'ignore_ament_install'
[0.157s] Level 1:colcon.colcon_core.package_identification:_identify(src/realsense-ros/realsense2_camera_msgs) by extensions ['colcon_pkg']
[0.157s] Level 1:colcon.colcon_core.package_identification:_identify(src/realsense-ros/realsense2_camera_msgs) by extension 'colcon_pkg'
[0.157s] Level 1:colcon.colcon_core.package_identification:_identify(src/realsense-ros/realsense2_camera_msgs) by extensions ['colcon_meta']
[0.157s] Level 1:colcon.colcon_core.package_identification:_identify(src/realsense-ros/realsense2_camera_msgs) by extension 'colcon_meta'
[0.157s] Level 1:colcon.colcon_core.package_identification:_identify(src/realsense-ros/realsense2_camera_msgs) by extensions ['ros']
[0.157s] Level 1:colcon.colcon_core.package_identification:_identify(src/realsense-ros/realsense2_camera_msgs) by extension 'ros'
[0.157s] DEBUG:colcon.colcon_core.package_identification:Package 'src/realsense-ros/realsense2_camera_msgs' with type 'ros.ament_cmake' and name 'realsense2_camera_msgs'
[0.157s] Level 1:colcon.colcon_core.package_identification:_identify(src/realsense-ros/realsense2_description) by extensions ['ignore', 'ignore_ament_install']
[0.157s] Level 1:colcon.colcon_core.package_identification:_identify(src/realsense-ros/realsense2_description) by extension 'ignore'
[0.157s] Level 1:colcon.colcon_core.package_identification:_identify(src/realsense-ros/realsense2_description) by extension 'ignore_ament_install'
[0.157s] Level 1:colcon.colcon_core.package_identification:_identify(src/realsense-ros/realsense2_description) by extensions ['colcon_pkg']
[0.157s] Level 1:colcon.colcon_core.package_identification:_identify(src/realsense-ros/realsense2_description) by extension 'colcon_pkg'
[0.157s] Level 1:colcon.colcon_core.package_identification:_identify(src/realsense-ros/realsense2_description) by extensions ['colcon_meta']
[0.157s] Level 1:colcon.colcon_core.package_identification:_identify(src/realsense-ros/realsense2_description) by extension 'colcon_meta'
[0.157s] Level 1:colcon.colcon_core.package_identification:_identify(src/realsense-ros/realsense2_description) by extensions ['ros']
[0.157s] Level 1:colcon.colcon_core.package_identification:_identify(src/realsense-ros/realsense2_description) by extension 'ros'
[0.158s] DEBUG:colcon.colcon_core.package_identification:Package 'src/realsense-ros/realsense2_description' with type 'ros.ament_cmake' and name 'realsense2_description'
[0.158s] Level 1:colcon.colcon_core.package_identification:_identify(src/realsense-ros/scripts) by extensions ['ignore', 'ignore_ament_install']
[0.158s] Level 1:colcon.colcon_core.package_identification:_identify(src/realsense-ros/scripts) by extension 'ignore'
[0.158s] Level 1:colcon.colcon_core.package_identification:_identify(src/realsense-ros/scripts) by extension 'ignore_ament_install'
[0.158s] Level 1:colcon.colcon_core.package_identification:_identify(src/realsense-ros/scripts) by extensions ['colcon_pkg']
[0.158s] Level 1:colcon.colcon_core.package_identification:_identify(src/realsense-ros/scripts) by extension 'colcon_pkg'
[0.158s] Level 1:colcon.colcon_core.package_identification:_identify(src/realsense-ros/scripts) by extensions ['colcon_meta']
[0.158s] Level 1:colcon.colcon_core.package_identification:_identify(src/realsense-ros/scripts) by extension 'colcon_meta'
[0.158s] Level 1:colcon.colcon_core.package_identification:_identify(src/realsense-ros/scripts) by extensions ['ros']
[0.158s] Level 1:colcon.colcon_core.package_identification:_identify(src/realsense-ros/scripts) by extension 'ros'
[0.158s] Level 1:colcon.colcon_core.package_identification:_identify(src/realsense-ros/scripts) by extensions ['cmake', 'python']
[0.158s] Level 1:colcon.colcon_core.package_identification:_identify(src/realsense-ros/scripts) by extension 'cmake'
[0.158s] Level 1:colcon.colcon_core.package_identification:_identify(src/realsense-ros/scripts) by extension 'python'
[0.158s] Level 1:colcon.colcon_core.package_identification:_identify(src/realsense-ros/scripts) by extensions ['python_setup_py']
[0.158s] Level 1:colcon.colcon_core.package_identification:_identify(src/realsense-ros/scripts) by extension 'python_setup_py'
[0.158s] Level 1:colcon.colcon_core.package_identification:_identify(src/robot) by extensions ['ignore', 'ignore_ament_install']
[0.158s] Level 1:colcon.colcon_core.package_identification:_identify(src/robot) by extension 'ignore'
[0.158s] Level 1:colcon.colcon_core.package_identification:_identify(src/robot) by extension 'ignore_ament_install'
[0.158s] Level 1:colcon.colcon_core.package_identification:_identify(src/robot) by extensions ['colcon_pkg']
[0.158s] Level 1:colcon.colcon_core.package_identification:_identify(src/robot) by extension 'colcon_pkg'
[0.158s] Level 1:colcon.colcon_core.package_identification:_identify(src/robot) by extensions ['colcon_meta']
[0.158s] Level 1:colcon.colcon_core.package_identification:_identify(src/robot) by extension 'colcon_meta'
[0.158s] Level 1:colcon.colcon_core.package_identification:_identify(src/robot) by extensions ['ros']
[0.158s] Level 1:colcon.colcon_core.package_identification:_identify(src/robot) by extension 'ros'
[0.158s] DEBUG:colcon.colcon_core.package_identification:Package 'src/robot' with type 'ros.ament_cmake' and name 'robot'
[0.158s] Level 1:colcon.colcon_core.package_discovery:discover_packages(recursive) using defaults
[0.158s] Level 1:colcon.colcon_core.package_discovery:discover_packages(ignore) discover
[0.158s] Level 1:colcon.colcon_core.package_discovery:discover_packages(ignore) using defaults
[0.158s] Level 1:colcon.colcon_core.package_discovery:discover_packages(path) discover
[0.158s] Level 1:colcon.colcon_core.package_discovery:discover_packages(path) using defaults
[0.171s] Level 1:colcon.colcon_core.package_discovery:discover_packages(prefix_path) check parameters
[0.171s] Level 1:colcon.colcon_core.package_discovery:discover_packages(prefix_path) discover
[0.173s] DEBUG:colcon.colcon_installed_package_information.package_discovery:Found 4 installed packages in /home/antonio/Documents/GitHub/Jimbot/install
[0.173s] DEBUG:colcon.colcon_installed_package_information.package_discovery:Found 272 installed packages in /opt/ros/humble
[0.174s] Level 1:colcon.colcon_core.package_discovery:discover_packages(prefix_path) using defaults
[0.201s] Level 5:colcon.colcon_core.verb:set package 'realsense2_camera_msgs' build argument 'cmake_args' from command line to 'None'
[0.201s] Level 5:colcon.colcon_core.verb:set package 'realsense2_camera_msgs' build argument 'cmake_target' from command line to 'None'
[0.202s] Level 5:colcon.colcon_core.verb:set package 'realsense2_camera_msgs' build argument 'cmake_target_skip_unavailable' from command line to 'False'
[0.202s] Level 5:colcon.colcon_core.verb:set package 'realsense2_camera_msgs' build argument 'cmake_clean_cache' from command line to 'False'
[0.202s] Level 5:colcon.colcon_core.verb:set package 'realsense2_camera_msgs' build argument 'cmake_clean_first' from command line to 'False'
[0.202s] Level 5:colcon.colcon_core.verb:set package 'realsense2_camera_msgs' build argument 'cmake_force_configure' from command line to 'False'
[0.202s] Level 5:colcon.colcon_core.verb:set package 'realsense2_camera_msgs' build argument 'ament_cmake_args' from command line to 'None'
[0.202s] Level 5:colcon.colcon_core.verb:set package 'realsense2_camera_msgs' build argument 'catkin_cmake_args' from command line to 'None'
[0.202s] Level 5:colcon.colcon_core.verb:set package 'realsense2_camera_msgs' build argument 'catkin_skip_building_tests' from command line to 'False'
[0.202s] DEBUG:colcon.colcon_core.verb:Building package 'realsense2_camera_msgs' with the following arguments: {'ament_cmake_args': None, 'build_base': '/home/antonio/Documents/GitHub/Jimbot/build/realsense2_camera_msgs', 'catkin_cmake_args': None, 'catkin_skip_building_tests': False, 'cmake_args': None, 'cmake_clean_cache': False, 'cmake_clean_first': False, 'cmake_force_configure': False, 'cmake_target': None, 'cmake_target_skip_unavailable': False, 'install_base': '/home/antonio/Documents/GitHub/Jimbot/install/realsense2_camera_msgs', 'merge_install': False, 'path': '/home/antonio/Documents/GitHub/Jimbot/src/realsense-ros/realsense2_camera_msgs', 'symlink_install': False, 'test_result_base': None}
[0.202s] Level 5:colcon.colcon_core.verb:set package 'robot' build argument 'cmake_args' from command line to 'None'
[0.202s] Level 5:colcon.colcon_core.verb:set package 'robot' build argument 'cmake_target' from command line to 'None'
[0.202s] Level 5:colcon.colcon_core.verb:set package 'robot' build argument 'cmake_target_skip_unavailable' from command line to 'False'
[0.202s] Level 5:colcon.colcon_core.verb:set package 'robot' build argument 'cmake_clean_cache' from command line to 'False'
[0.202s] Level 5:colcon.colcon_core.verb:set package 'robot' build argument 'cmake_clean_first' from command line to 'False'
[0.202s] Level 5:colcon.colcon_core.verb:set package 'robot' build argument 'cmake_force_configure' from command line to 'False'
[0.202s] Level 5:colcon.colcon_core.verb:set package 'robot' build argument 'ament_cmake_args' from command line to 'None'
[0.202s] Level 5:colcon.colcon_core.verb:set package 'robot' build argument 'catkin_cmake_args' from command line to 'None'
[0.202s] Level 5:colcon.colcon_core.verb:set package 'robot' build argument 'catkin_skip_building_tests' from command line to 'False'
[0.202s] DEBUG:colcon.colcon_core.verb:Building package 'robot' with the following arguments: {'ament_cmake_args': None, 'build_base': '/home/antonio/Documents/GitHub/Jimbot/build/robot', 'catkin_cmake_args': None, 'catkin_skip_building_tests': False, 'cmake_args': None, 'cmake_clean_cache': False, 'cmake_clean_first': False, 'cmake_force_configure': False, 'cmake_target': None, 'cmake_target_skip_unavailable': False, 'install_base': '/home/antonio/Documents/GitHub/Jimbot/install/robot', 'merge_install': False, 'path': '/home/antonio/Documents/GitHub/Jimbot/src/robot', 'symlink_install': False, 'test_result_base': None}
[0.203s] Level 5:colcon.colcon_core.verb:set package 'realsense2_camera' build argument 'cmake_args' from command line to 'None'
[0.203s] Level 5:colcon.colcon_core.verb:set package 'realsense2_camera' build argument 'cmake_target' from command line to 'None'
[0.203s] Level 5:colcon.colcon_core.verb:set package 'realsense2_camera' build argument 'cmake_target_skip_unavailable' from command line to 'False'
[0.203s] Level 5:colcon.colcon_core.verb:set package 'realsense2_camera' build argument 'cmake_clean_cache' from command line to 'False'
[0.203s] Level 5:colcon.colcon_core.verb:set package 'realsense2_camera' build argument 'cmake_clean_first' from command line to 'False'
[0.203s] Level 5:colcon.colcon_core.verb:set package 'realsense2_camera' build argument 'cmake_force_configure' from command line to 'False'
[0.203s] Level 5:colcon.colcon_core.verb:set package 'realsense2_camera' build argument 'ament_cmake_args' from command line to 'None'
[0.203s] Level 5:colcon.colcon_core.verb:set package 'realsense2_camera' build argument 'catkin_cmake_args' from command line to 'None'
[0.203s] Level 5:colcon.colcon_core.verb:set package 'realsense2_camera' build argument 'catkin_skip_building_tests' from command line to 'False'
[0.203s] DEBUG:colcon.colcon_core.verb:Building package 'realsense2_camera' with the following arguments: {'ament_cmake_args': None, 'build_base': '/home/antonio/Documents/GitHub/Jimbot/build/realsense2_camera', 'catkin_cmake_args': None, 'catkin_skip_building_tests': False, 'cmake_args': None, 'cmake_clean_cache': False, 'cmake_clean_first': False, 'cmake_force_configure': False, 'cmake_target': None, 'cmake_target_skip_unavailable': False, 'install_base': '/home/antonio/Documents/GitHub/Jimbot/install/realsense2_camera', 'merge_install': False, 'path': '/home/antonio/Documents/GitHub/Jimbot/src/realsense-ros/realsense2_camera', 'symlink_install': False, 'test_result_base': None}
[0.203s] Level 5:colcon.colcon_core.verb:set package 'realsense2_description' build argument 'cmake_args' from command line to 'None'
[0.203s] Level 5:colcon.colcon_core.verb:set package 'realsense2_description' build argument 'cmake_target' from command line to 'None'
[0.204s] Level 5:colcon.colcon_core.verb:set package 'realsense2_description' build argument 'cmake_target_skip_unavailable' from command line to 'False'
[0.204s] Level 5:colcon.colcon_core.verb:set package 'realsense2_description' build argument 'cmake_clean_cache' from command line to 'False'
[0.204s] Level 5:colcon.colcon_core.verb:set package 'realsense2_description' build argument 'cmake_clean_first' from command line to 'False'
[0.204s] Level 5:colcon.colcon_core.verb:set package 'realsense2_description' build argument 'cmake_force_configure' from command line to 'False'
[0.204s] Level 5:colcon.colcon_core.verb:set package 'realsense2_description' build argument 'ament_cmake_args' from command line to 'None'
[0.204s] Level 5:colcon.colcon_core.verb:set package 'realsense2_description' build argument 'catkin_cmake_args' from command line to 'None'
[0.204s] Level 5:colcon.colcon_core.verb:set package 'realsense2_description' build argument 'catkin_skip_building_tests' from command line to 'False'
[0.204s] DEBUG:colcon.colcon_core.verb:Building package 'realsense2_description' with the following arguments: {'ament_cmake_args': None, 'build_base': '/home/antonio/Documents/GitHub/Jimbot/build/realsense2_description', 'catkin_cmake_args': None, 'catkin_skip_building_tests': False, 'cmake_args': None, 'cmake_clean_cache': False, 'cmake_clean_first': False, 'cmake_force_configure': False, 'cmake_target': None, 'cmake_target_skip_unavailable': False, 'install_base': '/home/antonio/Documents/GitHub/Jimbot/install/realsense2_description', 'merge_install': False, 'path': '/home/antonio/Documents/GitHub/Jimbot/src/realsense-ros/realsense2_description', 'symlink_install': False, 'test_result_base': None}
[0.204s] INFO:colcon.colcon_core.executor:Executing jobs using 'parallel' executor
[0.206s] DEBUG:colcon.colcon_parallel_executor.executor.parallel:run_until_complete
[0.206s] INFO:colcon.colcon_ros.task.ament_cmake.build:Building ROS package in '/home/antonio/Documents/GitHub/Jimbot/src/realsense-ros/realsense2_camera_msgs' with build type 'ament_cmake'
[0.206s] INFO:colcon.colcon_cmake.task.cmake.build:Building CMake package in '/home/antonio/Documents/GitHub/Jimbot/src/realsense-ros/realsense2_camera_msgs'
[0.208s] INFO:colcon.colcon_core.plugin_system:Skipping extension 'colcon_core.shell.bat': Not used on non-Windows systems
[0.208s] INFO:colcon.colcon_core.shell:Skip shell extension 'powershell' for command environment: Not usable outside of PowerShell
[0.209s] DEBUG:colcon.colcon_core.shell:Skip shell extension 'dsv' for command environment
[0.212s] INFO:colcon.colcon_ros.task.ament_cmake.build:Building ROS package in '/home/antonio/Documents/GitHub/Jimbot/src/robot' with build type 'ament_cmake'
[0.212s] INFO:colcon.colcon_cmake.task.cmake.build:Building CMake package in '/home/antonio/Documents/GitHub/Jimbot/src/robot'
[0.213s] INFO:colcon.colcon_core.shell:Skip shell extension 'powershell' for command environment: Not usable outside of PowerShell
[0.213s] DEBUG:colcon.colcon_core.shell:Skip shell extension 'dsv' for command environment
[0.218s] DEBUG:colcon.colcon_core.event_handler.log_command:Invoking command in '/home/antonio/Documents/GitHub/Jimbot/build/realsense2_camera_msgs': CMAKE_PREFIX_PATH=${CMAKE_PREFIX_PATH}:/opt/ros/humble /usr/bin/cmake --build /home/antonio/Documents/GitHub/Jimbot/build/realsense2_camera_msgs -- -j16 -l16
[0.220s] DEBUG:colcon.colcon_core.event_handler.log_command:Invoking command in '/home/antonio/Documents/GitHub/Jimbot/build/robot': CMAKE_PREFIX_PATH=${CMAKE_PREFIX_PATH}:/opt/ros/humble /usr/bin/cmake --build /home/antonio/Documents/GitHub/Jimbot/build/robot -- -j16 -l16
[0.382s] DEBUG:colcon.colcon_core.event_handler.log_command:Invoked command in '/home/antonio/Documents/GitHub/Jimbot/build/realsense2_camera_msgs' returned '0': CMAKE_PREFIX_PATH=${CMAKE_PREFIX_PATH}:/opt/ros/humble /usr/bin/cmake --build /home/antonio/Documents/GitHub/Jimbot/build/realsense2_camera_msgs -- -j16 -l16
[0.430s] DEBUG:colcon.colcon_core.event_handler.log_command:Invoking command in '/home/antonio/Documents/GitHub/Jimbot/build/realsense2_camera_msgs': CMAKE_PREFIX_PATH=${CMAKE_PREFIX_PATH}:/opt/ros/humble /usr/bin/cmake --install /home/antonio/Documents/GitHub/Jimbot/build/realsense2_camera_msgs
[0.459s] Level 1:colcon.colcon_core.environment:create_environment_scripts_only(realsense2_camera_msgs)
[0.459s] DEBUG:colcon.colcon_core.event_handler.log_command:Invoked command in '/home/antonio/Documents/GitHub/Jimbot/build/realsense2_camera_msgs' returned '0': CMAKE_PREFIX_PATH=${CMAKE_PREFIX_PATH}:/opt/ros/humble /usr/bin/cmake --install /home/antonio/Documents/GitHub/Jimbot/build/realsense2_camera_msgs
[0.461s] Level 1:colcon.colcon_core.environment:checking '/home/antonio/Documents/GitHub/Jimbot/install/realsense2_camera_msgs' for CMake module files
[0.461s] Level 1:colcon.colcon_core.environment:checking '/home/antonio/Documents/GitHub/Jimbot/install/realsense2_camera_msgs' for CMake config files
[0.462s] Level 1:colcon.colcon_core.shell:create_environment_hook('realsense2_camera_msgs', 'cmake_prefix_path')
[0.462s] INFO:colcon.colcon_core.shell:Creating environment hook '/home/antonio/Documents/GitHub/Jimbot/install/realsense2_camera_msgs/share/realsense2_camera_msgs/hook/cmake_prefix_path.ps1'
[0.463s] INFO:colcon.colcon_core.shell:Creating environment descriptor '/home/antonio/Documents/GitHub/Jimbot/install/realsense2_camera_msgs/share/realsense2_camera_msgs/hook/cmake_prefix_path.dsv'
[0.463s] INFO:colcon.colcon_core.shell:Creating environment hook '/home/antonio/Documents/GitHub/Jimbot/install/realsense2_camera_msgs/share/realsense2_camera_msgs/hook/cmake_prefix_path.sh'
[0.463s] Level 1:colcon.colcon_core.environment:checking '/home/antonio/Documents/GitHub/Jimbot/install/realsense2_camera_msgs/lib'
[0.463s] Level 1:colcon.colcon_core.shell:create_environment_hook('realsense2_camera_msgs', 'ld_library_path_lib')
[0.464s] INFO:colcon.colcon_core.shell:Creating environment hook '/home/antonio/Documents/GitHub/Jimbot/install/realsense2_camera_msgs/share/realsense2_camera_msgs/hook/ld_library_path_lib.ps1'
[0.464s] INFO:colcon.colcon_core.shell:Creating environment descriptor '/home/antonio/Documents/GitHub/Jimbot/install/realsense2_camera_msgs/share/realsense2_camera_msgs/hook/ld_library_path_lib.dsv'
[0.464s] INFO:colcon.colcon_core.shell:Creating environment hook '/home/antonio/Documents/GitHub/Jimbot/install/realsense2_camera_msgs/share/realsense2_camera_msgs/hook/ld_library_path_lib.sh'
[0.464s] Level 1:colcon.colcon_core.environment:checking '/home/antonio/Documents/GitHub/Jimbot/install/realsense2_camera_msgs/bin'
[0.464s] Level 1:colcon.colcon_core.environment:checking '/home/antonio/Documents/GitHub/Jimbot/install/realsense2_camera_msgs/lib/pkgconfig/realsense2_camera_msgs.pc'
[0.465s] Level 1:colcon.colcon_core.environment:checking '/home/antonio/Documents/GitHub/Jimbot/install/realsense2_camera_msgs/lib/python3.10/site-packages'
[0.465s] Level 1:colcon.colcon_core.environment:checking '/home/antonio/Documents/GitHub/Jimbot/install/realsense2_camera_msgs/bin'
[0.465s] INFO:colcon.colcon_core.shell:Creating package script '/home/antonio/Documents/GitHub/Jimbot/install/realsense2_camera_msgs/share/realsense2_camera_msgs/package.ps1'
[0.466s] INFO:colcon.colcon_core.shell:Creating package descriptor '/home/antonio/Documents/GitHub/Jimbot/install/realsense2_camera_msgs/share/realsense2_camera_msgs/package.dsv'
[0.466s] INFO:colcon.colcon_core.shell:Creating package script '/home/antonio/Documents/GitHub/Jimbot/install/realsense2_camera_msgs/share/realsense2_camera_msgs/package.sh'
[0.466s] INFO:colcon.colcon_core.shell:Creating package script '/home/antonio/Documents/GitHub/Jimbot/install/realsense2_camera_msgs/share/realsense2_camera_msgs/package.bash'
[0.467s] INFO:colcon.colcon_core.shell:Creating package script '/home/antonio/Documents/GitHub/Jimbot/install/realsense2_camera_msgs/share/realsense2_camera_msgs/package.zsh'
[0.467s] Level 1:colcon.colcon_core.environment:create_file_with_runtime_dependencies(/home/antonio/Documents/GitHub/Jimbot/install/realsense2_camera_msgs/share/colcon-core/packages/realsense2_camera_msgs)
[0.510s] Level 1:colcon.colcon_core.environment:create_environment_scripts_only(realsense2_camera_msgs)
[0.511s] Level 1:colcon.colcon_core.environment:checking '/home/antonio/Documents/GitHub/Jimbot/install/realsense2_camera_msgs' for CMake module files
[0.511s] Level 1:colcon.colcon_core.environment:checking '/home/antonio/Documents/GitHub/Jimbot/install/realsense2_camera_msgs' for CMake config files
[0.511s] Level 1:colcon.colcon_core.shell:create_environment_hook('realsense2_camera_msgs', 'cmake_prefix_path')
[0.512s] INFO:colcon.colcon_core.shell:Creating environment hook '/home/antonio/Documents/GitHub/Jimbot/install/realsense2_camera_msgs/share/realsense2_camera_msgs/hook/cmake_prefix_path.ps1'
[0.512s] INFO:colcon.colcon_core.shell:Creating environment descriptor '/home/antonio/Documents/GitHub/Jimbot/install/realsense2_camera_msgs/share/realsense2_camera_msgs/hook/cmake_prefix_path.dsv'
[0.512s] INFO:colcon.colcon_core.shell:Creating environment hook '/home/antonio/Documents/GitHub/Jimbot/install/realsense2_camera_msgs/share/realsense2_camera_msgs/hook/cmake_prefix_path.sh'
[0.512s] Level 1:colcon.colcon_core.environment:checking '/home/antonio/Documents/GitHub/Jimbot/install/realsense2_camera_msgs/lib'
[0.512s] Level 1:colcon.colcon_core.shell:create_environment_hook('realsense2_camera_msgs', 'ld_library_path_lib')
[0.513s] INFO:colcon.colcon_core.shell:Creating environment hook '/home/antonio/Documents/GitHub/Jimbot/install/realsense2_camera_msgs/share/realsense2_camera_msgs/hook/ld_library_path_lib.ps1'
[0.513s] INFO:colcon.colcon_core.shell:Creating environment descriptor '/home/antonio/Documents/GitHub/Jimbot/install/realsense2_camera_msgs/share/realsense2_camera_msgs/hook/ld_library_path_lib.dsv'
[0.513s] INFO:colcon.colcon_core.shell:Creating environment hook '/home/antonio/Documents/GitHub/Jimbot/install/realsense2_camera_msgs/share/realsense2_camera_msgs/hook/ld_library_path_lib.sh'
[0.513s] Level 1:colcon.colcon_core.environment:checking '/home/antonio/Documents/GitHub/Jimbot/install/realsense2_camera_msgs/bin'
[0.513s] Level 1:colcon.colcon_core.environment:checking '/home/antonio/Documents/GitHub/Jimbot/install/realsense2_camera_msgs/lib/pkgconfig/realsense2_camera_msgs.pc'
[0.514s] Level 1:colcon.colcon_core.environment:checking '/home/antonio/Documents/GitHub/Jimbot/install/realsense2_camera_msgs/lib/python3.10/site-packages'
[0.514s] Level 1:colcon.colcon_core.environment:checking '/home/antonio/Documents/GitHub/Jimbot/install/realsense2_camera_msgs/bin'
[0.514s] INFO:colcon.colcon_core.shell:Creating package script '/home/antonio/Documents/GitHub/Jimbot/install/realsense2_camera_msgs/share/realsense2_camera_msgs/package.ps1'
[0.515s] INFO:colcon.colcon_core.shell:Creating package descriptor '/home/antonio/Documents/GitHub/Jimbot/install/realsense2_camera_msgs/share/realsense2_camera_msgs/package.dsv'
[0.515s] INFO:colcon.colcon_core.shell:Creating package script '/home/antonio/Documents/GitHub/Jimbot/install/realsense2_camera_msgs/share/realsense2_camera_msgs/package.sh'
[0.515s] INFO:colcon.colcon_core.shell:Creating package script '/home/antonio/Documents/GitHub/Jimbot/install/realsense2_camera_msgs/share/realsense2_camera_msgs/package.bash'
[0.515s] INFO:colcon.colcon_core.shell:Creating package script '/home/antonio/Documents/GitHub/Jimbot/install/realsense2_camera_msgs/share/realsense2_camera_msgs/package.zsh'
[0.515s] Level 1:colcon.colcon_core.environment:create_file_with_runtime_dependencies(/home/antonio/Documents/GitHub/Jimbot/install/realsense2_camera_msgs/share/colcon-core/packages/realsense2_camera_msgs)
[0.516s] INFO:colcon.colcon_ros.task.ament_cmake.build:Building ROS package in '/home/antonio/Documents/GitHub/Jimbot/src/realsense-ros/realsense2_camera' with build type 'ament_cmake'
[0.516s] INFO:colcon.colcon_cmake.task.cmake.build:Building CMake package in '/home/antonio/Documents/GitHub/Jimbot/src/realsense-ros/realsense2_camera'
[0.516s] INFO:colcon.colcon_core.shell:Skip shell extension 'powershell' for command environment: Not usable outside of PowerShell
[0.516s] DEBUG:colcon.colcon_core.shell:Skip shell extension 'dsv' for command environment
[0.518s] INFO:colcon.colcon_ros.task.ament_cmake.build:Building ROS package in '/home/antonio/Documents/GitHub/Jimbot/src/realsense-ros/realsense2_description' with build type 'ament_cmake'
[0.519s] INFO:colcon.colcon_cmake.task.cmake.build:Building CMake package in '/home/antonio/Documents/GitHub/Jimbot/src/realsense-ros/realsense2_description'
[0.519s] INFO:colcon.colcon_core.shell:Skip shell extension 'powershell' for command environment: Not usable outside of PowerShell
[0.519s] DEBUG:colcon.colcon_core.shell:Skip shell extension 'dsv' for command environment
[0.523s] DEBUG:colcon.colcon_core.event_handler.log_command:Invoking command in '/home/antonio/Documents/GitHub/Jimbot/build/realsense2_camera': CMAKE_PREFIX_PATH=/home/antonio/Documents/GitHub/Jimbot/install/realsense2_camera_msgs:/home/antonio/Documents/GitHub/Jimbot/install/robot:/home/antonio/Documents/GitHub/Jimbot/install/realsense2_description:/home/antonio/Documents/GitHub/Jimbot/install/realsense2_camera:/opt/ros/humble LD_LIBRARY_PATH=/home/antonio/Documents/GitHub/Jimbot/install/realsense2_camera_msgs/lib:/home/antonio/Documents/GitHub/Jimbot/install/realsense2_camera/lib:/opt/ros/humble/opt/rviz_ogre_vendor/lib:/opt/ros/humble/lib/x86_64-linux-gnu:/opt/ros/humble/lib /usr/bin/cmake --build /home/antonio/Documents/GitHub/Jimbot/build/realsense2_camera -- -j16 -l16
[0.525s] DEBUG:colcon.colcon_core.event_handler.log_command:Invoking command in '/home/antonio/Documents/GitHub/Jimbot/build/realsense2_description': CMAKE_PREFIX_PATH=/home/antonio/Documents/GitHub/Jimbot/install/realsense2_camera_msgs:/home/antonio/Documents/GitHub/Jimbot/install/robot:/home/antonio/Documents/GitHub/Jimbot/install/realsense2_description:/home/antonio/Documents/GitHub/Jimbot/install/realsense2_camera:/opt/ros/humble LD_LIBRARY_PATH=/home/antonio/Documents/GitHub/Jimbot/install/realsense2_camera_msgs/lib:/home/antonio/Documents/GitHub/Jimbot/install/realsense2_camera/lib:/opt/ros/humble/opt/rviz_ogre_vendor/lib:/opt/ros/humble/lib/x86_64-linux-gnu:/opt/ros/humble/lib /usr/bin/cmake --build /home/antonio/Documents/GitHub/Jimbot/build/realsense2_description -- -j16 -l16
[0.541s] DEBUG:colcon.colcon_core.event_handler.log_command:Invoked command in '/home/antonio/Documents/GitHub/Jimbot/build/realsense2_description' returned '0': CMAKE_PREFIX_PATH=/home/antonio/Documents/GitHub/Jimbot/install/realsense2_camera_msgs:/home/antonio/Documents/GitHub/Jimbot/install/robot:/home/antonio/Documents/GitHub/Jimbot/install/realsense2_description:/home/antonio/Documents/GitHub/Jimbot/install/realsense2_camera:/opt/ros/humble LD_LIBRARY_PATH=/home/antonio/Documents/GitHub/Jimbot/install/realsense2_camera_msgs/lib:/home/antonio/Documents/GitHub/Jimbot/install/realsense2_camera/lib:/opt/ros/humble/opt/rviz_ogre_vendor/lib:/opt/ros/humble/lib/x86_64-linux-gnu:/opt/ros/humble/lib /usr/bin/cmake --build /home/antonio/Documents/GitHub/Jimbot/build/realsense2_description -- -j16 -l16
[0.550s] DEBUG:colcon.colcon_core.event_handler.log_command:Invoking command in '/home/antonio/Documents/GitHub/Jimbot/build/realsense2_description': CMAKE_PREFIX_PATH=/home/antonio/Documents/GitHub/Jimbot/install/realsense2_camera_msgs:/home/antonio/Documents/GitHub/Jimbot/install/robot:/home/antonio/Documents/GitHub/Jimbot/install/realsense2_description:/home/antonio/Documents/GitHub/Jimbot/install/realsense2_camera:/opt/ros/humble LD_LIBRARY_PATH=/home/antonio/Documents/GitHub/Jimbot/install/realsense2_camera_msgs/lib:/home/antonio/Documents/GitHub/Jimbot/install/realsense2_camera/lib:/opt/ros/humble/opt/rviz_ogre_vendor/lib:/opt/ros/humble/lib/x86_64-linux-gnu:/opt/ros/humble/lib /usr/bin/cmake --install /home/antonio/Documents/GitHub/Jimbot/build/realsense2_description
[0.554s] Level 1:colcon.colcon_core.environment:create_environment_scripts_only(realsense2_description)
[0.556s] Level 1:colcon.colcon_core.environment:checking '/home/antonio/Documents/GitHub/Jimbot/install/realsense2_description' for CMake module files
[0.556s] Level 1:colcon.colcon_core.environment:checking '/home/antonio/Documents/GitHub/Jimbot/install/realsense2_description' for CMake config files
[0.557s] DEBUG:colcon.colcon_core.event_handler.log_command:Invoked command in '/home/antonio/Documents/GitHub/Jimbot/build/realsense2_description' returned '0': CMAKE_PREFIX_PATH=/home/antonio/Documents/GitHub/Jimbot/install/realsense2_camera_msgs:/home/antonio/Documents/GitHub/Jimbot/install/robot:/home/antonio/Documents/GitHub/Jimbot/install/realsense2_description:/home/antonio/Documents/GitHub/Jimbot/install/realsense2_camera:/opt/ros/humble LD_LIBRARY_PATH=/home/antonio/Documents/GitHub/Jimbot/install/realsense2_camera_msgs/lib:/home/antonio/Documents/GitHub/Jimbot/install/realsense2_camera/lib:/opt/ros/humble/opt/rviz_ogre_vendor/lib:/opt/ros/humble/lib/x86_64-linux-gnu:/opt/ros/humble/lib /usr/bin/cmake --install /home/antonio/Documents/GitHub/Jimbot/build/realsense2_description
[0.557s] Level 1:colcon.colcon_core.shell:create_environment_hook('realsense2_description', 'cmake_prefix_path')
[0.558s] INFO:colcon.colcon_core.shell:Creating environment hook '/home/antonio/Documents/GitHub/Jimbot/install/realsense2_description/share/realsense2_description/hook/cmake_prefix_path.ps1'
[0.558s] INFO:colcon.colcon_core.shell:Creating environment descriptor '/home/antonio/Documents/GitHub/Jimbot/install/realsense2_description/share/realsense2_description/hook/cmake_prefix_path.dsv'
[0.558s] INFO:colcon.colcon_core.shell:Creating environment hook '/home/antonio/Documents/GitHub/Jimbot/install/realsense2_description/share/realsense2_description/hook/cmake_prefix_path.sh'
[0.558s] Level 1:colcon.colcon_core.environment:checking '/home/antonio/Documents/GitHub/Jimbot/install/realsense2_description/bin'
[0.558s] Level 1:colcon.colcon_core.environment:checking '/home/antonio/Documents/GitHub/Jimbot/install/realsense2_description/lib/pkgconfig/realsense2_description.pc'
[0.558s] Level 1:colcon.colcon_core.environment:checking '/home/antonio/Documents/GitHub/Jimbot/install/realsense2_description/lib/python3.10/site-packages'
[0.558s] Level 1:colcon.colcon_core.environment:checking '/home/antonio/Documents/GitHub/Jimbot/install/realsense2_description/bin'
[0.559s] INFO:colcon.colcon_core.shell:Creating package script '/home/antonio/Documents/GitHub/Jimbot/install/realsense2_description/share/realsense2_description/package.ps1'
[0.559s] INFO:colcon.colcon_core.shell:Creating package descriptor '/home/antonio/Documents/GitHub/Jimbot/install/realsense2_description/share/realsense2_description/package.dsv'
[0.560s] INFO:colcon.colcon_core.shell:Creating package script '/home/antonio/Documents/GitHub/Jimbot/install/realsense2_description/share/realsense2_description/package.sh'
[0.560s] INFO:colcon.colcon_core.shell:Creating package script '/home/antonio/Documents/GitHub/Jimbot/install/realsense2_description/share/realsense2_description/package.bash'
[0.560s] INFO:colcon.colcon_core.shell:Creating package script '/home/antonio/Documents/GitHub/Jimbot/install/realsense2_description/share/realsense2_description/package.zsh'
[0.560s] Level 1:colcon.colcon_core.environment:create_file_with_runtime_dependencies(/home/antonio/Documents/GitHub/Jimbot/install/realsense2_description/share/colcon-core/packages/realsense2_description)
[0.563s] DEBUG:colcon.colcon_core.event_handler.log_command:Invoked command in '/home/antonio/Documents/GitHub/Jimbot/build/realsense2_camera' returned '0': CMAKE_PREFIX_PATH=/home/antonio/Documents/GitHub/Jimbot/install/realsense2_camera_msgs:/home/antonio/Documents/GitHub/Jimbot/install/robot:/home/antonio/Documents/GitHub/Jimbot/install/realsense2_description:/home/antonio/Documents/GitHub/Jimbot/install/realsense2_camera:/opt/ros/humble LD_LIBRARY_PATH=/home/antonio/Documents/GitHub/Jimbot/install/realsense2_camera_msgs/lib:/home/antonio/Documents/GitHub/Jimbot/install/realsense2_camera/lib:/opt/ros/humble/opt/rviz_ogre_vendor/lib:/opt/ros/humble/lib/x86_64-linux-gnu:/opt/ros/humble/lib /usr/bin/cmake --build /home/antonio/Documents/GitHub/Jimbot/build/realsense2_camera -- -j16 -l16
[0.570s] Level 1:colcon.colcon_core.environment:create_environment_scripts_only(realsense2_description)
[0.572s] Level 1:colcon.colcon_core.environment:checking '/home/antonio/Documents/GitHub/Jimbot/install/realsense2_description' for CMake module files
[0.572s] Level 1:colcon.colcon_core.environment:checking '/home/antonio/Documents/GitHub/Jimbot/install/realsense2_description' for CMake config files
[0.572s] Level 1:colcon.colcon_core.shell:create_environment_hook('realsense2_description', 'cmake_prefix_path')
[0.572s] INFO:colcon.colcon_core.shell:Creating environment hook '/home/antonio/Documents/GitHub/Jimbot/install/realsense2_description/share/realsense2_description/hook/cmake_prefix_path.ps1'
[0.573s] INFO:colcon.colcon_core.shell:Creating environment descriptor '/home/antonio/Documents/GitHub/Jimbot/install/realsense2_description/share/realsense2_description/hook/cmake_prefix_path.dsv'
[0.573s] INFO:colcon.colcon_core.shell:Creating environment hook '/home/antonio/Documents/GitHub/Jimbot/install/realsense2_description/share/realsense2_description/hook/cmake_prefix_path.sh'
[0.573s] Level 1:colcon.colcon_core.environment:checking '/home/antonio/Documents/GitHub/Jimbot/install/realsense2_description/bin'
[0.573s] Level 1:colcon.colcon_core.environment:checking '/home/antonio/Documents/GitHub/Jimbot/install/realsense2_description/lib/pkgconfig/realsense2_description.pc'
[0.573s] Level 1:colcon.colcon_core.environment:checking '/home/antonio/Documents/GitHub/Jimbot/install/realsense2_description/lib/python3.10/site-packages'
[0.573s] Level 1:colcon.colcon_core.environment:checking '/home/antonio/Documents/GitHub/Jimbot/install/realsense2_description/bin'
[0.574s] INFO:colcon.colcon_core.shell:Creating package script '/home/antonio/Documents/GitHub/Jimbot/install/realsense2_description/share/realsense2_description/package.ps1'
[0.574s] INFO:colcon.colcon_core.shell:Creating package descriptor '/home/antonio/Documents/GitHub/Jimbot/install/realsense2_description/share/realsense2_description/package.dsv'
[0.574s] INFO:colcon.colcon_core.shell:Creating package script '/home/antonio/Documents/GitHub/Jimbot/install/realsense2_description/share/realsense2_description/package.sh'
[0.575s] INFO:colcon.colcon_core.shell:Creating package script '/home/antonio/Documents/GitHub/Jimbot/install/realsense2_description/share/realsense2_description/package.bash'
[0.575s] INFO:colcon.colcon_core.shell:Creating package script '/home/antonio/Documents/GitHub/Jimbot/install/realsense2_description/share/realsense2_description/package.zsh'
[0.575s] Level 1:colcon.colcon_core.environment:create_file_with_runtime_dependencies(/home/antonio/Documents/GitHub/Jimbot/install/realsense2_description/share/colcon-core/packages/realsense2_description)
[0.585s] DEBUG:colcon.colcon_core.event_handler.log_command:Invoking command in '/home/antonio/Documents/GitHub/Jimbot/build/realsense2_camera': CMAKE_PREFIX_PATH=/home/antonio/Documents/GitHub/Jimbot/install/realsense2_camera_msgs:/home/antonio/Documents/GitHub/Jimbot/install/robot:/home/antonio/Documents/GitHub/Jimbot/install/realsense2_description:/home/antonio/Documents/GitHub/Jimbot/install/realsense2_camera:/opt/ros/humble LD_LIBRARY_PATH=/home/antonio/Documents/GitHub/Jimbot/install/realsense2_camera_msgs/lib:/home/antonio/Documents/GitHub/Jimbot/install/realsense2_camera/lib:/opt/ros/humble/opt/rviz_ogre_vendor/lib:/opt/ros/humble/lib/x86_64-linux-gnu:/opt/ros/humble/lib /usr/bin/cmake --install /home/antonio/Documents/GitHub/Jimbot/build/realsense2_camera
[0.590s] Level 1:colcon.colcon_core.environment:create_environment_scripts_only(realsense2_camera)
[0.591s] Level 1:colcon.colcon_core.environment:checking '/home/antonio/Documents/GitHub/Jimbot/install/realsense2_camera' for CMake module files
[0.592s] Level 1:colcon.colcon_core.environment:checking '/home/antonio/Documents/GitHub/Jimbot/install/realsense2_camera' for CMake config files
[0.593s] DEBUG:colcon.colcon_core.event_handler.log_command:Invoked command in '/home/antonio/Documents/GitHub/Jimbot/build/realsense2_camera' returned '0': CMAKE_PREFIX_PATH=/home/antonio/Documents/GitHub/Jimbot/install/realsense2_camera_msgs:/home/antonio/Documents/GitHub/Jimbot/install/robot:/home/antonio/Documents/GitHub/Jimbot/install/realsense2_description:/home/antonio/Documents/GitHub/Jimbot/install/realsense2_camera:/opt/ros/humble LD_LIBRARY_PATH=/home/antonio/Documents/GitHub/Jimbot/install/realsense2_camera_msgs/lib:/home/antonio/Documents/GitHub/Jimbot/install/realsense2_camera/lib:/opt/ros/humble/opt/rviz_ogre_vendor/lib:/opt/ros/humble/lib/x86_64-linux-gnu:/opt/ros/humble/lib /usr/bin/cmake --install /home/antonio/Documents/GitHub/Jimbot/build/realsense2_camera
[0.593s] Level 1:colcon.colcon_core.shell:create_environment_hook('realsense2_camera', 'cmake_prefix_path')
[0.593s] INFO:colcon.colcon_core.shell:Creating environment hook '/home/antonio/Documents/GitHub/Jimbot/install/realsense2_camera/share/realsense2_camera/hook/cmake_prefix_path.ps1'
[0.594s] INFO:colcon.colcon_core.shell:Creating environment descriptor '/home/antonio/Documents/GitHub/Jimbot/install/realsense2_camera/share/realsense2_camera/hook/cmake_prefix_path.dsv'
[0.594s] INFO:colcon.colcon_core.shell:Creating environment hook '/home/antonio/Documents/GitHub/Jimbot/install/realsense2_camera/share/realsense2_camera/hook/cmake_prefix_path.sh'
[0.594s] Level 1:colcon.colcon_core.environment:checking '/home/antonio/Documents/GitHub/Jimbot/install/realsense2_camera/lib'
[0.594s] Level 1:colcon.colcon_core.shell:create_environment_hook('realsense2_camera', 'ld_library_path_lib')
[0.595s] INFO:colcon.colcon_core.shell:Creating environment hook '/home/antonio/Documents/GitHub/Jimbot/install/realsense2_camera/share/realsense2_camera/hook/ld_library_path_lib.ps1'
[0.595s] INFO:colcon.colcon_core.shell:Creating environment descriptor '/home/antonio/Documents/GitHub/Jimbot/install/realsense2_camera/share/realsense2_camera/hook/ld_library_path_lib.dsv'
[0.595s] INFO:colcon.colcon_core.shell:Creating environment hook '/home/antonio/Documents/GitHub/Jimbot/install/realsense2_camera/share/realsense2_camera/hook/ld_library_path_lib.sh'
[0.595s] Level 1:colcon.colcon_core.environment:checking '/home/antonio/Documents/GitHub/Jimbot/install/realsense2_camera/bin'
[0.595s] Level 1:colcon.colcon_core.environment:checking '/home/antonio/Documents/GitHub/Jimbot/install/realsense2_camera/lib/pkgconfig/realsense2_camera.pc'
[0.595s] Level 1:colcon.colcon_core.environment:checking '/home/antonio/Documents/GitHub/Jimbot/install/realsense2_camera/lib/python3.10/site-packages'
[0.595s] Level 1:colcon.colcon_core.environment:checking '/home/antonio/Documents/GitHub/Jimbot/install/realsense2_camera/bin'
[0.596s] INFO:colcon.colcon_core.shell:Creating package script '/home/antonio/Documents/GitHub/Jimbot/install/realsense2_camera/share/realsense2_camera/package.ps1'
[0.596s] INFO:colcon.colcon_core.shell:Creating package descriptor '/home/antonio/Documents/GitHub/Jimbot/install/realsense2_camera/share/realsense2_camera/package.dsv'
[0.596s] INFO:colcon.colcon_core.shell:Creating package script '/home/antonio/Documents/GitHub/Jimbot/install/realsense2_camera/share/realsense2_camera/package.sh'
[0.597s] INFO:colcon.colcon_core.shell:Creating package script '/home/antonio/Documents/GitHub/Jimbot/install/realsense2_camera/share/realsense2_camera/package.bash'
[0.597s] INFO:colcon.colcon_core.shell:Creating package script '/home/antonio/Documents/GitHub/Jimbot/install/realsense2_camera/share/realsense2_camera/package.zsh'
[0.597s] Level 1:colcon.colcon_core.environment:create_file_with_runtime_dependencies(/home/antonio/Documents/GitHub/Jimbot/install/realsense2_camera/share/colcon-core/packages/realsense2_camera)
[0.619s] Level 1:colcon.colcon_core.environment:create_environment_scripts_only(realsense2_camera)
[0.619s] Level 1:colcon.colcon_core.environment:checking '/home/antonio/Documents/GitHub/Jimbot/install/realsense2_camera' for CMake module files
[0.620s] Level 1:colcon.colcon_core.environment:checking '/home/antonio/Documents/GitHub/Jimbot/install/realsense2_camera' for CMake config files
[0.620s] Level 1:colcon.colcon_core.shell:create_environment_hook('realsense2_camera', 'cmake_prefix_path')
[0.620s] INFO:colcon.colcon_core.shell:Creating environment hook '/home/antonio/Documents/GitHub/Jimbot/install/realsense2_camera/share/realsense2_camera/hook/cmake_prefix_path.ps1'
[0.621s] INFO:colcon.colcon_core.shell:Creating environment descriptor '/home/antonio/Documents/GitHub/Jimbot/install/realsense2_camera/share/realsense2_camera/hook/cmake_prefix_path.dsv'
[0.621s] INFO:colcon.colcon_core.shell:Creating environment hook '/home/antonio/Documents/GitHub/Jimbot/install/realsense2_camera/share/realsense2_camera/hook/cmake_prefix_path.sh'
[0.621s] Level 1:colcon.colcon_core.environment:checking '/home/antonio/Documents/GitHub/Jimbot/install/realsense2_camera/lib'
[0.621s] Level 1:colcon.colcon_core.shell:create_environment_hook('realsense2_camera', 'ld_library_path_lib')
[0.622s] INFO:colcon.colcon_core.shell:Creating environment hook '/home/antonio/Documents/GitHub/Jimbot/install/realsense2_camera/share/realsense2_camera/hook/ld_library_path_lib.ps1'
[0.622s] INFO:colcon.colcon_core.shell:Creating environment descriptor '/home/antonio/Documents/GitHub/Jimbot/install/realsense2_camera/share/realsense2_camera/hook/ld_library_path_lib.dsv'
[0.622s] INFO:colcon.colcon_core.shell:Creating environment hook '/home/antonio/Documents/GitHub/Jimbot/install/realsense2_camera/share/realsense2_camera/hook/ld_library_path_lib.sh'
[0.622s] Level 1:colcon.colcon_core.environment:checking '/home/antonio/Documents/GitHub/Jimbot/install/realsense2_camera/bin'
[0.622s] Level 1:colcon.colcon_core.environment:checking '/home/antonio/Documents/GitHub/Jimbot/install/realsense2_camera/lib/pkgconfig/realsense2_camera.pc'
[0.623s] Level 1:colcon.colcon_core.environment:checking '/home/antonio/Documents/GitHub/Jimbot/install/realsense2_camera/lib/python3.10/site-packages'
[0.623s] Level 1:colcon.colcon_core.environment:checking '/home/antonio/Documents/GitHub/Jimbot/install/realsense2_camera/bin'
[0.623s] INFO:colcon.colcon_core.shell:Creating package script '/home/antonio/Documents/GitHub/Jimbot/install/realsense2_camera/share/realsense2_camera/package.ps1'
[0.624s] INFO:colcon.colcon_core.shell:Creating package descriptor '/home/antonio/Documents/GitHub/Jimbot/install/realsense2_camera/share/realsense2_camera/package.dsv'
[0.624s] INFO:colcon.colcon_core.shell:Creating package script '/home/antonio/Documents/GitHub/Jimbot/install/realsense2_camera/share/realsense2_camera/package.sh'
[0.624s] INFO:colcon.colcon_core.shell:Creating package script '/home/antonio/Documents/GitHub/Jimbot/install/realsense2_camera/share/realsense2_camera/package.bash'
[0.624s] INFO:colcon.colcon_core.shell:Creating package script '/home/antonio/Documents/GitHub/Jimbot/install/realsense2_camera/share/realsense2_camera/package.zsh'
[0.624s] Level 1:colcon.colcon_core.environment:create_file_with_runtime_dependencies(/home/antonio/Documents/GitHub/Jimbot/install/realsense2_camera/share/colcon-core/packages/realsense2_camera)
[4.452s] DEBUG:colcon.colcon_core.event_handler.log_command:Invoked command in '/home/antonio/Documents/GitHub/Jimbot/build/robot' returned '0': CMAKE_PREFIX_PATH=${CMAKE_PREFIX_PATH}:/opt/ros/humble /usr/bin/cmake --build /home/antonio/Documents/GitHub/Jimbot/build/robot -- -j16 -l16
[4.463s] DEBUG:colcon.colcon_core.event_handler.log_command:Invoking command in '/home/antonio/Documents/GitHub/Jimbot/build/robot': CMAKE_PREFIX_PATH=${CMAKE_PREFIX_PATH}:/opt/ros/humble /usr/bin/cmake --install /home/antonio/Documents/GitHub/Jimbot/build/robot
[4.473s] Level 1:colcon.colcon_core.environment:create_environment_scripts_only(robot)
[4.474s] Level 1:colcon.colcon_core.environment:checking '/home/antonio/Documents/GitHub/Jimbot/install/robot' for CMake module files
[4.474s] DEBUG:colcon.colcon_core.event_handler.log_command:Invoked command in '/home/antonio/Documents/GitHub/Jimbot/build/robot' returned '0': CMAKE_PREFIX_PATH=${CMAKE_PREFIX_PATH}:/opt/ros/humble /usr/bin/cmake --install /home/antonio/Documents/GitHub/Jimbot/build/robot
[4.475s] Level 1:colcon.colcon_core.environment:checking '/home/antonio/Documents/GitHub/Jimbot/install/robot' for CMake config files
[4.475s] Level 1:colcon.colcon_core.shell:create_environment_hook('robot', 'cmake_prefix_path')
[4.475s] INFO:colcon.colcon_core.shell:Creating environment hook '/home/antonio/Documents/GitHub/Jimbot/install/robot/share/robot/hook/cmake_prefix_path.ps1'
[4.476s] INFO:colcon.colcon_core.shell:Creating environment descriptor '/home/antonio/Documents/GitHub/Jimbot/install/robot/share/robot/hook/cmake_prefix_path.dsv'
[4.476s] INFO:colcon.colcon_core.shell:Creating environment hook '/home/antonio/Documents/GitHub/Jimbot/install/robot/share/robot/hook/cmake_prefix_path.sh'
[4.476s] Level 1:colcon.colcon_core.environment:checking '/home/antonio/Documents/GitHub/Jimbot/install/robot/lib'
[4.476s] Level 1:colcon.colcon_core.environment:checking '/home/antonio/Documents/GitHub/Jimbot/install/robot/bin'
[4.476s] Level 1:colcon.colcon_core.environment:checking '/home/antonio/Documents/GitHub/Jimbot/install/robot/lib/pkgconfig/robot.pc'
[4.477s] Level 1:colcon.colcon_core.environment:checking '/home/antonio/Documents/GitHub/Jimbot/install/robot/lib/python3.10/site-packages'
[4.477s] Level 1:colcon.colcon_core.environment:checking '/home/antonio/Documents/GitHub/Jimbot/install/robot/bin'
[4.478s] INFO:colcon.colcon_core.shell:Creating package script '/home/antonio/Documents/GitHub/Jimbot/install/robot/share/robot/package.ps1'
[4.478s] INFO:colcon.colcon_core.shell:Creating package descriptor '/home/antonio/Documents/GitHub/Jimbot/install/robot/share/robot/package.dsv'
[4.478s] INFO:colcon.colcon_core.shell:Creating package script '/home/antonio/Documents/GitHub/Jimbot/install/robot/share/robot/package.sh'
[4.479s] INFO:colcon.colcon_core.shell:Creating package script '/home/antonio/Documents/GitHub/Jimbot/install/robot/share/robot/package.bash'
[4.479s] INFO:colcon.colcon_core.shell:Creating package script '/home/antonio/Documents/GitHub/Jimbot/install/robot/share/robot/package.zsh'
[4.479s] Level 1:colcon.colcon_core.environment:create_file_with_runtime_dependencies(/home/antonio/Documents/GitHub/Jimbot/install/robot/share/colcon-core/packages/robot)
[4.517s] Level 1:colcon.colcon_core.environment:create_environment_scripts_only(robot)
[4.522s] Level 1:colcon.colcon_core.environment:checking '/home/antonio/Documents/GitHub/Jimbot/install/robot' for CMake module files
[4.523s] Level 1:colcon.colcon_core.environment:checking '/home/antonio/Documents/GitHub/Jimbot/install/robot' for CMake config files
[4.523s] Level 1:colcon.colcon_core.shell:create_environment_hook('robot', 'cmake_prefix_path')
[4.526s] INFO:colcon.colcon_core.shell:Creating environment hook '/home/antonio/Documents/GitHub/Jimbot/install/robot/share/robot/hook/cmake_prefix_path.ps1'
[4.526s] INFO:colcon.colcon_core.shell:Creating environment descriptor '/home/antonio/Documents/GitHub/Jimbot/install/robot/share/robot/hook/cmake_prefix_path.dsv'
[4.527s] INFO:colcon.colcon_core.shell:Creating environment hook '/home/antonio/Documents/GitHub/Jimbot/install/robot/share/robot/hook/cmake_prefix_path.sh'
[4.528s] Level 1:colcon.colcon_core.environment:checking '/home/antonio/Documents/GitHub/Jimbot/install/robot/lib'
[4.528s] Level 1:colcon.colcon_core.environment:checking '/home/antonio/Documents/GitHub/Jimbot/install/robot/bin'
[4.528s] Level 1:colcon.colcon_core.environment:checking '/home/antonio/Documents/GitHub/Jimbot/install/robot/lib/pkgconfig/robot.pc'
[4.529s] Level 1:colcon.colcon_core.environment:checking '/home/antonio/Documents/GitHub/Jimbot/install/robot/lib/python3.10/site-packages'
[4.529s] Level 1:colcon.colcon_core.environment:checking '/home/antonio/Documents/GitHub/Jimbot/install/robot/bin'
[4.530s] INFO:colcon.colcon_core.shell:Creating package script '/home/antonio/Documents/GitHub/Jimbot/install/robot/share/robot/package.ps1'
[4.531s] INFO:colcon.colcon_core.shell:Creating package descriptor '/home/antonio/Documents/GitHub/Jimbot/install/robot/share/robot/package.dsv'
[4.531s] INFO:colcon.colcon_core.shell:Creating package script '/home/antonio/Documents/GitHub/Jimbot/install/robot/share/robot/package.sh'
[4.531s] INFO:colcon.colcon_core.shell:Creating package script '/home/antonio/Documents/GitHub/Jimbot/install/robot/share/robot/package.bash'
[4.532s] INFO:colcon.colcon_core.shell:Creating package script '/home/antonio/Documents/GitHub/Jimbot/install/robot/share/robot/package.zsh'
[4.532s] Level 1:colcon.colcon_core.environment:create_file_with_runtime_dependencies(/home/antonio/Documents/GitHub/Jimbot/install/robot/share/colcon-core/packages/robot)
[4.532s] DEBUG:colcon.colcon_parallel_executor.executor.parallel:closing loop
[4.532s] DEBUG:colcon.colcon_parallel_executor.executor.parallel:loop closed
[4.532s] DEBUG:colcon.colcon_parallel_executor.executor.parallel:run_until_complete finished with '0'
[4.532s] DEBUG:colcon.colcon_core.event_reactor:joining thread
[4.537s] INFO:colcon.colcon_core.plugin_system:Skipping extension 'colcon_notification.desktop_notification.notify_send': Could not find 'notify-send'
[4.537s] INFO:colcon.colcon_core.plugin_system:Skipping extension 'colcon_notification.desktop_notification.terminal_notifier': Not used on non-Darwin systems
[4.537s] INFO:colcon.colcon_core.plugin_system:Skipping extension 'colcon_notification.desktop_notification.win32': Not used on non-Windows systems
[4.537s] INFO:colcon.colcon_notification.desktop_notification:Sending desktop notification using 'notify2'
[4.554s] DEBUG:colcon.colcon_core.event_reactor:joined thread
[4.556s] INFO:colcon.colcon_core.shell:Creating prefix script '/home/antonio/Documents/GitHub/Jimbot/install/local_setup.ps1'
[4.557s] INFO:colcon.colcon_core.shell:Creating prefix util module '/home/antonio/Documents/GitHub/Jimbot/install/_local_setup_util_ps1.py'
[4.559s] INFO:colcon.colcon_core.shell:Creating prefix chain script '/home/antonio/Documents/GitHub/Jimbot/install/setup.ps1'
[4.561s] INFO:colcon.colcon_core.shell:Creating prefix script '/home/antonio/Documents/GitHub/Jimbot/install/local_setup.sh'
[4.562s] INFO:colcon.colcon_core.shell:Creating prefix util module '/home/antonio/Documents/GitHub/Jimbot/install/_local_setup_util_sh.py'
[4.562s] INFO:colcon.colcon_core.shell:Creating prefix chain script '/home/antonio/Documents/GitHub/Jimbot/install/setup.sh'
[4.564s] INFO:colcon.colcon_core.shell:Creating prefix script '/home/antonio/Documents/GitHub/Jimbot/install/local_setup.bash'
[4.565s] INFO:colcon.colcon_core.shell:Creating prefix chain script '/home/antonio/Documents/GitHub/Jimbot/install/setup.bash'
[4.566s] INFO:colcon.colcon_core.shell:Creating prefix script '/home/antonio/Documents/GitHub/Jimbot/install/local_setup.zsh'
[4.566s] INFO:colcon.colcon_core.shell:Creating prefix chain script '/home/antonio/Documents/GitHub/Jimbot/install/setup.zsh'
