[35m[1mConsolidate compiler generated dependencies of target drive[0m
[ 50%] [32mBuilding CXX object CMakeFiles/drive.dir/src/drive.cpp.o[0m
[100%] [32m[1mLinking CXX executable drive[0m
[100%] Built target drive
-- Install configuration: ""
-- Installing: /home/antonio/Documents/GitHub/Jimbot/install/robot/lib/robot/drive
-- Set runtime path of "/home/antonio/Documents/GitHub/Jimbot/install/robot/lib/robot/drive" to ""
-- Up-to-date: /home/antonio/Documents/GitHub/Jimbot/install/robot/share/ament_index/resource_index/package_run_dependencies/robot
-- Up-to-date: /home/antonio/Documents/GitHub/Jimbot/install/robot/share/ament_index/resource_index/parent_prefix_path/robot
-- Up-to-date: /home/antonio/Documents/GitHub/Jimbot/install/robot/share/robot/environment/ament_prefix_path.sh
-- Up-to-date: /home/antonio/Documents/GitHub/Jimbot/install/robot/share/robot/environment/ament_prefix_path.dsv
-- Up-to-date: /home/antonio/Documents/GitHub/Jimbot/install/robot/share/robot/environment/path.sh
-- Up-to-date: /home/antonio/Documents/GitHub/Jimbot/install/robot/share/robot/environment/path.dsv
-- Up-to-date: /home/antonio/Documents/GitHub/Jimbot/install/robot/share/robot/local_setup.bash
-- Up-to-date: /home/antonio/Documents/GitHub/Jimbot/install/robot/share/robot/local_setup.sh
-- Up-to-date: /home/antonio/Documents/GitHub/Jimbot/install/robot/share/robot/local_setup.zsh
-- Up-to-date: /home/antonio/Documents/GitHub/Jimbot/install/robot/share/robot/local_setup.dsv
-- Installing: /home/antonio/Documents/GitHub/Jimbot/install/robot/share/robot/package.dsv
-- Up-to-date: /home/antonio/Documents/GitHub/Jimbot/install/robot/share/ament_index/resource_index/packages/robot
-- Up-to-date: /home/antonio/Documents/GitHub/Jimbot/install/robot/share/robot/cmake/robotConfig.cmake
-- Up-to-date: /home/antonio/Documents/GitHub/Jimbot/install/robot/share/robot/cmake/robotConfig-version.cmake
-- Up-to-date: /home/antonio/Documents/GitHub/Jimbot/install/robot/share/robot/package.xml
