[0.135s] DEBUG:colcon:Command line arguments: ['/usr/bin/colcon', 'build']
[0.135s] DEBUG:colcon:Parsed command line arguments: Namespace(log_base=None, log_level=None, verb_name='build', build_base='build', install_base='install', merge_install=False, symlink_install=False, test_result_base=None, continue_on_error=False, executor='parallel', parallel_workers=16, event_handlers=None, ignore_user_meta=False, metas=['./colcon.meta'], base_paths=['.'], packages_ignore=None, packages_ignore_regex=None, paths=None, packages_up_to=None, packages_up_to_regex=None, packages_above=None, packages_above_and_dependencies=None, packages_above_depth=None, packages_select_by_dep=None, packages_skip_by_dep=None, packages_skip_up_to=None, packages_select_build_failed=False, packages_skip_build_finished=False, packages_select_test_failures=False, packages_skip_test_passed=False, packages_select=None, packages_skip=None, packages_select_regex=None, packages_skip_regex=None, packages_start=None, packages_end=None, allow_overriding=[], cmake_args=None, cmake_target=None, cmake_target_skip_unavailable=False, cmake_clean_cache=False, cmake_clean_first=False, cmake_force_configure=False, ament_cmake_args=None, catkin_cmake_args=None, catkin_skip_building_tests=False, verb_parser=<colcon_defaults.argument_parser.defaults.DefaultArgumentsDecorator object at 0x7f026aa234f0>, verb_extension=<colcon_core.verb.build.BuildVerb object at 0x7f026b3df190>, main=<bound method BuildVerb.main of <colcon_core.verb.build.BuildVerb object at 0x7f026b3df190>>)
[0.147s] Level 1:colcon.colcon_core.package_discovery:discover_packages(colcon_meta) check parameters
[0.147s] Level 1:colcon.colcon_core.package_discovery:discover_packages(recursive) check parameters
[0.147s] Level 1:colcon.colcon_core.package_discovery:discover_packages(ignore) check parameters
[0.147s] Level 1:colcon.colcon_core.package_discovery:discover_packages(path) check parameters
[0.147s] Level 1:colcon.colcon_core.package_discovery:discover_packages(colcon_meta) discover
[0.147s] Level 1:colcon.colcon_core.package_discovery:discover_packages(recursive) discover
[0.147s] INFO:colcon.colcon_core.package_discovery:Crawling recursively for packages in '/home/antonio/Documents/GitHub/Jimbot'
[0.147s] Level 1:colcon.colcon_core.package_identification:_identify(.) by extensions ['ignore', 'ignore_ament_install']
[0.147s] Level 1:colcon.colcon_core.package_identification:_identify(.) by extension 'ignore'
[0.147s] Level 1:colcon.colcon_core.package_identification:_identify(.) by extension 'ignore_ament_install'
[0.147s] Level 1:colcon.colcon_core.package_identification:_identify(.) by extensions ['colcon_pkg']
[0.147s] Level 1:colcon.colcon_core.package_identification:_identify(.) by extension 'colcon_pkg'
[0.147s] Level 1:colcon.colcon_core.package_identification:_identify(.) by extensions ['colcon_meta']
[0.147s] Level 1:colcon.colcon_core.package_identification:_identify(.) by extension 'colcon_meta'
[0.147s] Level 1:colcon.colcon_core.package_identification:_identify(.) by extensions ['ros']
[0.147s] Level 1:colcon.colcon_core.package_identification:_identify(.) by extension 'ros'
[0.157s] Level 1:colcon.colcon_core.package_identification:_identify(.) by extensions ['cmake', 'python']
[0.157s] Level 1:colcon.colcon_core.package_identification:_identify(.) by extension 'cmake'
[0.157s] Level 1:colcon.colcon_core.package_identification:_identify(.) by extension 'python'
[0.157s] Level 1:colcon.colcon_core.package_identification:_identify(.) by extensions ['python_setup_py']
[0.157s] Level 1:colcon.colcon_core.package_identification:_identify(.) by extension 'python_setup_py'
[0.157s] Level 1:colcon.colcon_core.package_identification:_identify(build) by extensions ['ignore', 'ignore_ament_install']
[0.158s] Level 1:colcon.colcon_core.package_identification:_identify(build) by extension 'ignore'
[0.158s] Level 1:colcon.colcon_core.package_identification:_identify(build) ignored
[0.158s] Level 1:colcon.colcon_core.package_identification:_identify(install) by extensions ['ignore', 'ignore_ament_install']
[0.158s] Level 1:colcon.colcon_core.package_identification:_identify(install) by extension 'ignore'
[0.158s] Level 1:colcon.colcon_core.package_identification:_identify(install) ignored
[0.158s] Level 1:colcon.colcon_core.package_identification:_identify(log) by extensions ['ignore', 'ignore_ament_install']
[0.158s] Level 1:colcon.colcon_core.package_identification:_identify(log) by extension 'ignore'
[0.158s] Level 1:colcon.colcon_core.package_identification:_identify(log) ignored
[0.158s] Level 1:colcon.colcon_core.package_identification:_identify(src) by extensions ['ignore', 'ignore_ament_install']
[0.158s] Level 1:colcon.colcon_core.package_identification:_identify(src) by extension 'ignore'
[0.158s] Level 1:colcon.colcon_core.package_identification:_identify(src) by extension 'ignore_ament_install'
[0.158s] Level 1:colcon.colcon_core.package_identification:_identify(src) by extensions ['colcon_pkg']
[0.158s] Level 1:colcon.colcon_core.package_identification:_identify(src) by extension 'colcon_pkg'
[0.158s] Level 1:colcon.colcon_core.package_identification:_identify(src) by extensions ['colcon_meta']
[0.158s] Level 1:colcon.colcon_core.package_identification:_identify(src) by extension 'colcon_meta'
[0.158s] Level 1:colcon.colcon_core.package_identification:_identify(src) by extensions ['ros']
[0.158s] Level 1:colcon.colcon_core.package_identification:_identify(src) by extension 'ros'
[0.158s] Level 1:colcon.colcon_core.package_identification:_identify(src) by extensions ['cmake', 'python']
[0.158s] Level 1:colcon.colcon_core.package_identification:_identify(src) by extension 'cmake'
[0.158s] Level 1:colcon.colcon_core.package_identification:_identify(src) by extension 'python'
[0.158s] Level 1:colcon.colcon_core.package_identification:_identify(src) by extensions ['python_setup_py']
[0.158s] Level 1:colcon.colcon_core.package_identification:_identify(src) by extension 'python_setup_py'
[0.158s] Level 1:colcon.colcon_core.package_identification:_identify(src/realsense-ros) by extensions ['ignore', 'ignore_ament_install']
[0.158s] Level 1:colcon.colcon_core.package_identification:_identify(src/realsense-ros) by extension 'ignore'
[0.158s] Level 1:colcon.colcon_core.package_identification:_identify(src/realsense-ros) by extension 'ignore_ament_install'
[0.158s] Level 1:colcon.colcon_core.package_identification:_identify(src/realsense-ros) by extensions ['colcon_pkg']
[0.158s] Level 1:colcon.colcon_core.package_identification:_identify(src/realsense-ros) by extension 'colcon_pkg'
[0.158s] Level 1:colcon.colcon_core.package_identification:_identify(src/realsense-ros) by extensions ['colcon_meta']
[0.158s] Level 1:colcon.colcon_core.package_identification:_identify(src/realsense-ros) by extension 'colcon_meta'
[0.158s] Level 1:colcon.colcon_core.package_identification:_identify(src/realsense-ros) by extensions ['ros']
[0.158s] Level 1:colcon.colcon_core.package_identification:_identify(src/realsense-ros) by extension 'ros'
[0.158s] Level 1:colcon.colcon_core.package_identification:_identify(src/realsense-ros) by extensions ['cmake', 'python']
[0.158s] Level 1:colcon.colcon_core.package_identification:_identify(src/realsense-ros) by extension 'cmake'
[0.158s] Level 1:colcon.colcon_core.package_identification:_identify(src/realsense-ros) by extension 'python'
[0.158s] Level 1:colcon.colcon_core.package_identification:_identify(src/realsense-ros) by extensions ['python_setup_py']
[0.158s] Level 1:colcon.colcon_core.package_identification:_identify(src/realsense-ros) by extension 'python_setup_py'
[0.158s] Level 1:colcon.colcon_core.package_identification:_identify(src/realsense-ros/realsense2_camera) by extensions ['ignore', 'ignore_ament_install']
[0.158s] Level 1:colcon.colcon_core.package_identification:_identify(src/realsense-ros/realsense2_camera) by extension 'ignore'
[0.158s] Level 1:colcon.colcon_core.package_identification:_identify(src/realsense-ros/realsense2_camera) by extension 'ignore_ament_install'
[0.158s] Level 1:colcon.colcon_core.package_identification:_identify(src/realsense-ros/realsense2_camera) by extensions ['colcon_pkg']
[0.158s] Level 1:colcon.colcon_core.package_identification:_identify(src/realsense-ros/realsense2_camera) by extension 'colcon_pkg'
[0.159s] Level 1:colcon.colcon_core.package_identification:_identify(src/realsense-ros/realsense2_camera) by extensions ['colcon_meta']
[0.159s] Level 1:colcon.colcon_core.package_identification:_identify(src/realsense-ros/realsense2_camera) by extension 'colcon_meta'
[0.159s] Level 1:colcon.colcon_core.package_identification:_identify(src/realsense-ros/realsense2_camera) by extensions ['ros']
[0.159s] Level 1:colcon.colcon_core.package_identification:_identify(src/realsense-ros/realsense2_camera) by extension 'ros'
[0.160s] DEBUG:colcon.colcon_core.package_identification:Package 'src/realsense-ros/realsense2_camera' with type 'ros.ament_cmake' and name 'realsense2_camera'
[0.160s] Level 1:colcon.colcon_core.package_identification:_identify(src/realsense-ros/realsense2_camera_msgs) by extensions ['ignore', 'ignore_ament_install']
[0.160s] Level 1:colcon.colcon_core.package_identification:_identify(src/realsense-ros/realsense2_camera_msgs) by extension 'ignore'
[0.161s] Level 1:colcon.colcon_core.package_identification:_identify(src/realsense-ros/realsense2_camera_msgs) by extension 'ignore_ament_install'
[0.161s] Level 1:colcon.colcon_core.package_identification:_identify(src/realsense-ros/realsense2_camera_msgs) by extensions ['colcon_pkg']
[0.161s] Level 1:colcon.colcon_core.package_identification:_identify(src/realsense-ros/realsense2_camera_msgs) by extension 'colcon_pkg'
[0.161s] Level 1:colcon.colcon_core.package_identification:_identify(src/realsense-ros/realsense2_camera_msgs) by extensions ['colcon_meta']
[0.161s] Level 1:colcon.colcon_core.package_identification:_identify(src/realsense-ros/realsense2_camera_msgs) by extension 'colcon_meta'
[0.161s] Level 1:colcon.colcon_core.package_identification:_identify(src/realsense-ros/realsense2_camera_msgs) by extensions ['ros']
[0.161s] Level 1:colcon.colcon_core.package_identification:_identify(src/realsense-ros/realsense2_camera_msgs) by extension 'ros'
[0.161s] DEBUG:colcon.colcon_core.package_identification:Package 'src/realsense-ros/realsense2_camera_msgs' with type 'ros.ament_cmake' and name 'realsense2_camera_msgs'
[0.161s] Level 1:colcon.colcon_core.package_identification:_identify(src/realsense-ros/realsense2_description) by extensions ['ignore', 'ignore_ament_install']
[0.161s] Level 1:colcon.colcon_core.package_identification:_identify(src/realsense-ros/realsense2_description) by extension 'ignore'
[0.161s] Level 1:colcon.colcon_core.package_identification:_identify(src/realsense-ros/realsense2_description) by extension 'ignore_ament_install'
[0.161s] Level 1:colcon.colcon_core.package_identification:_identify(src/realsense-ros/realsense2_description) by extensions ['colcon_pkg']
[0.161s] Level 1:colcon.colcon_core.package_identification:_identify(src/realsense-ros/realsense2_description) by extension 'colcon_pkg'
[0.161s] Level 1:colcon.colcon_core.package_identification:_identify(src/realsense-ros/realsense2_description) by extensions ['colcon_meta']
[0.161s] Level 1:colcon.colcon_core.package_identification:_identify(src/realsense-ros/realsense2_description) by extension 'colcon_meta'
[0.161s] Level 1:colcon.colcon_core.package_identification:_identify(src/realsense-ros/realsense2_description) by extensions ['ros']
[0.161s] Level 1:colcon.colcon_core.package_identification:_identify(src/realsense-ros/realsense2_description) by extension 'ros'
[0.162s] DEBUG:colcon.colcon_core.package_identification:Package 'src/realsense-ros/realsense2_description' with type 'ros.ament_cmake' and name 'realsense2_description'
[0.162s] Level 1:colcon.colcon_core.package_identification:_identify(src/realsense-ros/scripts) by extensions ['ignore', 'ignore_ament_install']
[0.162s] Level 1:colcon.colcon_core.package_identification:_identify(src/realsense-ros/scripts) by extension 'ignore'
[0.162s] Level 1:colcon.colcon_core.package_identification:_identify(src/realsense-ros/scripts) by extension 'ignore_ament_install'
[0.162s] Level 1:colcon.colcon_core.package_identification:_identify(src/realsense-ros/scripts) by extensions ['colcon_pkg']
[0.162s] Level 1:colcon.colcon_core.package_identification:_identify(src/realsense-ros/scripts) by extension 'colcon_pkg'
[0.162s] Level 1:colcon.colcon_core.package_identification:_identify(src/realsense-ros/scripts) by extensions ['colcon_meta']
[0.162s] Level 1:colcon.colcon_core.package_identification:_identify(src/realsense-ros/scripts) by extension 'colcon_meta'
[0.162s] Level 1:colcon.colcon_core.package_identification:_identify(src/realsense-ros/scripts) by extensions ['ros']
[0.162s] Level 1:colcon.colcon_core.package_identification:_identify(src/realsense-ros/scripts) by extension 'ros'
[0.162s] Level 1:colcon.colcon_core.package_identification:_identify(src/realsense-ros/scripts) by extensions ['cmake', 'python']
[0.162s] Level 1:colcon.colcon_core.package_identification:_identify(src/realsense-ros/scripts) by extension 'cmake'
[0.162s] Level 1:colcon.colcon_core.package_identification:_identify(src/realsense-ros/scripts) by extension 'python'
[0.162s] Level 1:colcon.colcon_core.package_identification:_identify(src/realsense-ros/scripts) by extensions ['python_setup_py']
[0.162s] Level 1:colcon.colcon_core.package_identification:_identify(src/realsense-ros/scripts) by extension 'python_setup_py'
[0.162s] Level 1:colcon.colcon_core.package_identification:_identify(src/robot) by extensions ['ignore', 'ignore_ament_install']
[0.162s] Level 1:colcon.colcon_core.package_identification:_identify(src/robot) by extension 'ignore'
[0.162s] Level 1:colcon.colcon_core.package_identification:_identify(src/robot) by extension 'ignore_ament_install'
[0.162s] Level 1:colcon.colcon_core.package_identification:_identify(src/robot) by extensions ['colcon_pkg']
[0.162s] Level 1:colcon.colcon_core.package_identification:_identify(src/robot) by extension 'colcon_pkg'
[0.162s] Level 1:colcon.colcon_core.package_identification:_identify(src/robot) by extensions ['colcon_meta']
[0.162s] Level 1:colcon.colcon_core.package_identification:_identify(src/robot) by extension 'colcon_meta'
[0.162s] Level 1:colcon.colcon_core.package_identification:_identify(src/robot) by extensions ['ros']
[0.162s] Level 1:colcon.colcon_core.package_identification:_identify(src/robot) by extension 'ros'
[0.162s] DEBUG:colcon.colcon_core.package_identification:Package 'src/robot' with type 'ros.ament_cmake' and name 'robot'
[0.162s] Level 1:colcon.colcon_core.package_discovery:discover_packages(recursive) using defaults
[0.162s] Level 1:colcon.colcon_core.package_discovery:discover_packages(ignore) discover
[0.162s] Level 1:colcon.colcon_core.package_discovery:discover_packages(ignore) using defaults
[0.162s] Level 1:colcon.colcon_core.package_discovery:discover_packages(path) discover
[0.162s] Level 1:colcon.colcon_core.package_discovery:discover_packages(path) using defaults
[0.175s] Level 1:colcon.colcon_core.package_discovery:discover_packages(prefix_path) check parameters
[0.175s] Level 1:colcon.colcon_core.package_discovery:discover_packages(prefix_path) discover
[0.177s] DEBUG:colcon.colcon_installed_package_information.package_discovery:Found 272 installed packages in /opt/ros/humble
[0.177s] Level 1:colcon.colcon_core.package_discovery:discover_packages(prefix_path) using defaults
[0.205s] Level 5:colcon.colcon_core.verb:set package 'realsense2_camera_msgs' build argument 'cmake_args' from command line to 'None'
[0.205s] Level 5:colcon.colcon_core.verb:set package 'realsense2_camera_msgs' build argument 'cmake_target' from command line to 'None'
[0.205s] Level 5:colcon.colcon_core.verb:set package 'realsense2_camera_msgs' build argument 'cmake_target_skip_unavailable' from command line to 'False'
[0.205s] Level 5:colcon.colcon_core.verb:set package 'realsense2_camera_msgs' build argument 'cmake_clean_cache' from command line to 'False'
[0.205s] Level 5:colcon.colcon_core.verb:set package 'realsense2_camera_msgs' build argument 'cmake_clean_first' from command line to 'False'
[0.205s] Level 5:colcon.colcon_core.verb:set package 'realsense2_camera_msgs' build argument 'cmake_force_configure' from command line to 'False'
[0.205s] Level 5:colcon.colcon_core.verb:set package 'realsense2_camera_msgs' build argument 'ament_cmake_args' from command line to 'None'
[0.205s] Level 5:colcon.colcon_core.verb:set package 'realsense2_camera_msgs' build argument 'catkin_cmake_args' from command line to 'None'
[0.205s] Level 5:colcon.colcon_core.verb:set package 'realsense2_camera_msgs' build argument 'catkin_skip_building_tests' from command line to 'False'
[0.205s] DEBUG:colcon.colcon_core.verb:Building package 'realsense2_camera_msgs' with the following arguments: {'ament_cmake_args': None, 'build_base': '/home/antonio/Documents/GitHub/Jimbot/build/realsense2_camera_msgs', 'catkin_cmake_args': None, 'catkin_skip_building_tests': False, 'cmake_args': None, 'cmake_clean_cache': False, 'cmake_clean_first': False, 'cmake_force_configure': False, 'cmake_target': None, 'cmake_target_skip_unavailable': False, 'install_base': '/home/antonio/Documents/GitHub/Jimbot/install/realsense2_camera_msgs', 'merge_install': False, 'path': '/home/antonio/Documents/GitHub/Jimbot/src/realsense-ros/realsense2_camera_msgs', 'symlink_install': False, 'test_result_base': None}
[0.205s] Level 5:colcon.colcon_core.verb:set package 'robot' build argument 'cmake_args' from command line to 'None'
[0.205s] Level 5:colcon.colcon_core.verb:set package 'robot' build argument 'cmake_target' from command line to 'None'
[0.205s] Level 5:colcon.colcon_core.verb:set package 'robot' build argument 'cmake_target_skip_unavailable' from command line to 'False'
[0.205s] Level 5:colcon.colcon_core.verb:set package 'robot' build argument 'cmake_clean_cache' from command line to 'False'
[0.205s] Level 5:colcon.colcon_core.verb:set package 'robot' build argument 'cmake_clean_first' from command line to 'False'
[0.206s] Level 5:colcon.colcon_core.verb:set package 'robot' build argument 'cmake_force_configure' from command line to 'False'
[0.206s] Level 5:colcon.colcon_core.verb:set package 'robot' build argument 'ament_cmake_args' from command line to 'None'
[0.206s] Level 5:colcon.colcon_core.verb:set package 'robot' build argument 'catkin_cmake_args' from command line to 'None'
[0.206s] Level 5:colcon.colcon_core.verb:set package 'robot' build argument 'catkin_skip_building_tests' from command line to 'False'
[0.206s] DEBUG:colcon.colcon_core.verb:Building package 'robot' with the following arguments: {'ament_cmake_args': None, 'build_base': '/home/antonio/Documents/GitHub/Jimbot/build/robot', 'catkin_cmake_args': None, 'catkin_skip_building_tests': False, 'cmake_args': None, 'cmake_clean_cache': False, 'cmake_clean_first': False, 'cmake_force_configure': False, 'cmake_target': None, 'cmake_target_skip_unavailable': False, 'install_base': '/home/antonio/Documents/GitHub/Jimbot/install/robot', 'merge_install': False, 'path': '/home/antonio/Documents/GitHub/Jimbot/src/robot', 'symlink_install': False, 'test_result_base': None}
[0.206s] Level 5:colcon.colcon_core.verb:set package 'realsense2_camera' build argument 'cmake_args' from command line to 'None'
[0.206s] Level 5:colcon.colcon_core.verb:set package 'realsense2_camera' build argument 'cmake_target' from command line to 'None'
[0.206s] Level 5:colcon.colcon_core.verb:set package 'realsense2_camera' build argument 'cmake_target_skip_unavailable' from command line to 'False'
[0.206s] Level 5:colcon.colcon_core.verb:set package 'realsense2_camera' build argument 'cmake_clean_cache' from command line to 'False'
[0.206s] Level 5:colcon.colcon_core.verb:set package 'realsense2_camera' build argument 'cmake_clean_first' from command line to 'False'
[0.206s] Level 5:colcon.colcon_core.verb:set package 'realsense2_camera' build argument 'cmake_force_configure' from command line to 'False'
[0.206s] Level 5:colcon.colcon_core.verb:set package 'realsense2_camera' build argument 'ament_cmake_args' from command line to 'None'
[0.206s] Level 5:colcon.colcon_core.verb:set package 'realsense2_camera' build argument 'catkin_cmake_args' from command line to 'None'
[0.206s] Level 5:colcon.colcon_core.verb:set package 'realsense2_camera' build argument 'catkin_skip_building_tests' from command line to 'False'
[0.206s] DEBUG:colcon.colcon_core.verb:Building package 'realsense2_camera' with the following arguments: {'ament_cmake_args': None, 'build_base': '/home/antonio/Documents/GitHub/Jimbot/build/realsense2_camera', 'catkin_cmake_args': None, 'catkin_skip_building_tests': False, 'cmake_args': None, 'cmake_clean_cache': False, 'cmake_clean_first': False, 'cmake_force_configure': False, 'cmake_target': None, 'cmake_target_skip_unavailable': False, 'install_base': '/home/antonio/Documents/GitHub/Jimbot/install/realsense2_camera', 'merge_install': False, 'path': '/home/antonio/Documents/GitHub/Jimbot/src/realsense-ros/realsense2_camera', 'symlink_install': False, 'test_result_base': None}
[0.207s] Level 5:colcon.colcon_core.verb:set package 'realsense2_description' build argument 'cmake_args' from command line to 'None'
[0.207s] Level 5:colcon.colcon_core.verb:set package 'realsense2_description' build argument 'cmake_target' from command line to 'None'
[0.207s] Level 5:colcon.colcon_core.verb:set package 'realsense2_description' build argument 'cmake_target_skip_unavailable' from command line to 'False'
[0.207s] Level 5:colcon.colcon_core.verb:set package 'realsense2_description' build argument 'cmake_clean_cache' from command line to 'False'
[0.207s] Level 5:colcon.colcon_core.verb:set package 'realsense2_description' build argument 'cmake_clean_first' from command line to 'False'
[0.207s] Level 5:colcon.colcon_core.verb:set package 'realsense2_description' build argument 'cmake_force_configure' from command line to 'False'
[0.207s] Level 5:colcon.colcon_core.verb:set package 'realsense2_description' build argument 'ament_cmake_args' from command line to 'None'
[0.207s] Level 5:colcon.colcon_core.verb:set package 'realsense2_description' build argument 'catkin_cmake_args' from command line to 'None'
[0.207s] Level 5:colcon.colcon_core.verb:set package 'realsense2_description' build argument 'catkin_skip_building_tests' from command line to 'False'
[0.207s] DEBUG:colcon.colcon_core.verb:Building package 'realsense2_description' with the following arguments: {'ament_cmake_args': None, 'build_base': '/home/antonio/Documents/GitHub/Jimbot/build/realsense2_description', 'catkin_cmake_args': None, 'catkin_skip_building_tests': False, 'cmake_args': None, 'cmake_clean_cache': False, 'cmake_clean_first': False, 'cmake_force_configure': False, 'cmake_target': None, 'cmake_target_skip_unavailable': False, 'install_base': '/home/antonio/Documents/GitHub/Jimbot/install/realsense2_description', 'merge_install': False, 'path': '/home/antonio/Documents/GitHub/Jimbot/src/realsense-ros/realsense2_description', 'symlink_install': False, 'test_result_base': None}
[0.207s] INFO:colcon.colcon_core.executor:Executing jobs using 'parallel' executor
[0.209s] DEBUG:colcon.colcon_parallel_executor.executor.parallel:run_until_complete
[0.209s] INFO:colcon.colcon_ros.task.ament_cmake.build:Building ROS package in '/home/antonio/Documents/GitHub/Jimbot/src/realsense-ros/realsense2_camera_msgs' with build type 'ament_cmake'
[0.209s] INFO:colcon.colcon_cmake.task.cmake.build:Building CMake package in '/home/antonio/Documents/GitHub/Jimbot/src/realsense-ros/realsense2_camera_msgs'
[0.211s] INFO:colcon.colcon_core.plugin_system:Skipping extension 'colcon_core.shell.bat': Not used on non-Windows systems
[0.211s] INFO:colcon.colcon_core.shell:Skip shell extension 'powershell' for command environment: Not usable outside of PowerShell
[0.211s] DEBUG:colcon.colcon_core.shell:Skip shell extension 'dsv' for command environment
[0.213s] INFO:colcon.colcon_ros.task.ament_cmake.build:Building ROS package in '/home/antonio/Documents/GitHub/Jimbot/src/robot' with build type 'ament_cmake'
[0.213s] INFO:colcon.colcon_cmake.task.cmake.build:Building CMake package in '/home/antonio/Documents/GitHub/Jimbot/src/robot'
[0.214s] INFO:colcon.colcon_core.shell:Skip shell extension 'powershell' for command environment: Not usable outside of PowerShell
[0.214s] DEBUG:colcon.colcon_core.shell:Skip shell extension 'dsv' for command environment
[0.220s] DEBUG:colcon.colcon_core.event_handler.log_command:Invoking command in '/home/antonio/Documents/GitHub/Jimbot/build/realsense2_camera_msgs': CMAKE_PREFIX_PATH=/opt/ros/humble /usr/bin/cmake --build /home/antonio/Documents/GitHub/Jimbot/build/realsense2_camera_msgs -- -j16 -l16
[0.222s] DEBUG:colcon.colcon_core.event_handler.log_command:Invoking command in '/home/antonio/Documents/GitHub/Jimbot/build/robot': CMAKE_PREFIX_PATH=/opt/ros/humble /usr/bin/cmake --build /home/antonio/Documents/GitHub/Jimbot/build/robot -- -j16 -l16
[0.388s] DEBUG:colcon.colcon_core.event_handler.log_command:Invoked command in '/home/antonio/Documents/GitHub/Jimbot/build/realsense2_camera_msgs' returned '0': CMAKE_PREFIX_PATH=/opt/ros/humble /usr/bin/cmake --build /home/antonio/Documents/GitHub/Jimbot/build/realsense2_camera_msgs -- -j16 -l16
[0.434s] DEBUG:colcon.colcon_core.event_handler.log_command:Invoking command in '/home/antonio/Documents/GitHub/Jimbot/build/realsense2_camera_msgs': CMAKE_PREFIX_PATH=/opt/ros/humble /usr/bin/cmake --install /home/antonio/Documents/GitHub/Jimbot/build/realsense2_camera_msgs
[0.461s] Level 1:colcon.colcon_core.environment:create_environment_scripts_only(realsense2_camera_msgs)
[0.461s] DEBUG:colcon.colcon_core.event_handler.log_command:Invoked command in '/home/antonio/Documents/GitHub/Jimbot/build/realsense2_camera_msgs' returned '0': CMAKE_PREFIX_PATH=/opt/ros/humble /usr/bin/cmake --install /home/antonio/Documents/GitHub/Jimbot/build/realsense2_camera_msgs
[0.463s] Level 1:colcon.colcon_core.environment:checking '/home/antonio/Documents/GitHub/Jimbot/install/realsense2_camera_msgs' for CMake module files
[0.464s] Level 1:colcon.colcon_core.environment:checking '/home/antonio/Documents/GitHub/Jimbot/install/realsense2_camera_msgs' for CMake config files
[0.464s] Level 1:colcon.colcon_core.shell:create_environment_hook('realsense2_camera_msgs', 'cmake_prefix_path')
[0.464s] INFO:colcon.colcon_core.shell:Creating environment hook '/home/antonio/Documents/GitHub/Jimbot/install/realsense2_camera_msgs/share/realsense2_camera_msgs/hook/cmake_prefix_path.ps1'
[0.465s] INFO:colcon.colcon_core.shell:Creating environment descriptor '/home/antonio/Documents/GitHub/Jimbot/install/realsense2_camera_msgs/share/realsense2_camera_msgs/hook/cmake_prefix_path.dsv'
[0.465s] INFO:colcon.colcon_core.shell:Creating environment hook '/home/antonio/Documents/GitHub/Jimbot/install/realsense2_camera_msgs/share/realsense2_camera_msgs/hook/cmake_prefix_path.sh'
[0.465s] Level 1:colcon.colcon_core.environment:checking '/home/antonio/Documents/GitHub/Jimbot/install/realsense2_camera_msgs/lib'
[0.465s] Level 1:colcon.colcon_core.shell:create_environment_hook('realsense2_camera_msgs', 'ld_library_path_lib')
[0.466s] INFO:colcon.colcon_core.shell:Creating environment hook '/home/antonio/Documents/GitHub/Jimbot/install/realsense2_camera_msgs/share/realsense2_camera_msgs/hook/ld_library_path_lib.ps1'
[0.466s] INFO:colcon.colcon_core.shell:Creating environment descriptor '/home/antonio/Documents/GitHub/Jimbot/install/realsense2_camera_msgs/share/realsense2_camera_msgs/hook/ld_library_path_lib.dsv'
[0.466s] INFO:colcon.colcon_core.shell:Creating environment hook '/home/antonio/Documents/GitHub/Jimbot/install/realsense2_camera_msgs/share/realsense2_camera_msgs/hook/ld_library_path_lib.sh'
[0.466s] Level 1:colcon.colcon_core.environment:checking '/home/antonio/Documents/GitHub/Jimbot/install/realsense2_camera_msgs/bin'
[0.466s] Level 1:colcon.colcon_core.environment:checking '/home/antonio/Documents/GitHub/Jimbot/install/realsense2_camera_msgs/lib/pkgconfig/realsense2_camera_msgs.pc'
[0.467s] Level 1:colcon.colcon_core.environment:checking '/home/antonio/Documents/GitHub/Jimbot/install/realsense2_camera_msgs/lib/python3.10/site-packages'
[0.467s] Level 1:colcon.colcon_core.environment:checking '/home/antonio/Documents/GitHub/Jimbot/install/realsense2_camera_msgs/bin'
[0.467s] INFO:colcon.colcon_core.shell:Creating package script '/home/antonio/Documents/GitHub/Jimbot/install/realsense2_camera_msgs/share/realsense2_camera_msgs/package.ps1'
[0.468s] INFO:colcon.colcon_core.shell:Creating package descriptor '/home/antonio/Documents/GitHub/Jimbot/install/realsense2_camera_msgs/share/realsense2_camera_msgs/package.dsv'
[0.468s] INFO:colcon.colcon_core.shell:Creating package script '/home/antonio/Documents/GitHub/Jimbot/install/realsense2_camera_msgs/share/realsense2_camera_msgs/package.sh'
[0.468s] INFO:colcon.colcon_core.shell:Creating package script '/home/antonio/Documents/GitHub/Jimbot/install/realsense2_camera_msgs/share/realsense2_camera_msgs/package.bash'
[0.469s] INFO:colcon.colcon_core.shell:Creating package script '/home/antonio/Documents/GitHub/Jimbot/install/realsense2_camera_msgs/share/realsense2_camera_msgs/package.zsh'
[0.469s] Level 1:colcon.colcon_core.environment:create_file_with_runtime_dependencies(/home/antonio/Documents/GitHub/Jimbot/install/realsense2_camera_msgs/share/colcon-core/packages/realsense2_camera_msgs)
[0.511s] Level 1:colcon.colcon_core.environment:create_environment_scripts_only(realsense2_camera_msgs)
[0.513s] Level 1:colcon.colcon_core.environment:checking '/home/antonio/Documents/GitHub/Jimbot/install/realsense2_camera_msgs' for CMake module files
[0.514s] Level 1:colcon.colcon_core.environment:checking '/home/antonio/Documents/GitHub/Jimbot/install/realsense2_camera_msgs' for CMake config files
[0.514s] Level 1:colcon.colcon_core.shell:create_environment_hook('realsense2_camera_msgs', 'cmake_prefix_path')
[0.514s] INFO:colcon.colcon_core.shell:Creating environment hook '/home/antonio/Documents/GitHub/Jimbot/install/realsense2_camera_msgs/share/realsense2_camera_msgs/hook/cmake_prefix_path.ps1'
[0.515s] INFO:colcon.colcon_core.shell:Creating environment descriptor '/home/antonio/Documents/GitHub/Jimbot/install/realsense2_camera_msgs/share/realsense2_camera_msgs/hook/cmake_prefix_path.dsv'
[0.515s] INFO:colcon.colcon_core.shell:Creating environment hook '/home/antonio/Documents/GitHub/Jimbot/install/realsense2_camera_msgs/share/realsense2_camera_msgs/hook/cmake_prefix_path.sh'
[0.515s] Level 1:colcon.colcon_core.environment:checking '/home/antonio/Documents/GitHub/Jimbot/install/realsense2_camera_msgs/lib'
[0.515s] Level 1:colcon.colcon_core.shell:create_environment_hook('realsense2_camera_msgs', 'ld_library_path_lib')
[0.516s] INFO:colcon.colcon_core.shell:Creating environment hook '/home/antonio/Documents/GitHub/Jimbot/install/realsense2_camera_msgs/share/realsense2_camera_msgs/hook/ld_library_path_lib.ps1'
[0.516s] INFO:colcon.colcon_core.shell:Creating environment descriptor '/home/antonio/Documents/GitHub/Jimbot/install/realsense2_camera_msgs/share/realsense2_camera_msgs/hook/ld_library_path_lib.dsv'
[0.516s] INFO:colcon.colcon_core.shell:Creating environment hook '/home/antonio/Documents/GitHub/Jimbot/install/realsense2_camera_msgs/share/realsense2_camera_msgs/hook/ld_library_path_lib.sh'
[0.516s] Level 1:colcon.colcon_core.environment:checking '/home/antonio/Documents/GitHub/Jimbot/install/realsense2_camera_msgs/bin'
[0.516s] Level 1:colcon.colcon_core.environment:checking '/home/antonio/Documents/GitHub/Jimbot/install/realsense2_camera_msgs/lib/pkgconfig/realsense2_camera_msgs.pc'
[0.517s] Level 1:colcon.colcon_core.environment:checking '/home/antonio/Documents/GitHub/Jimbot/install/realsense2_camera_msgs/lib/python3.10/site-packages'
[0.517s] Level 1:colcon.colcon_core.environment:checking '/home/antonio/Documents/GitHub/Jimbot/install/realsense2_camera_msgs/bin'
[0.517s] INFO:colcon.colcon_core.shell:Creating package script '/home/antonio/Documents/GitHub/Jimbot/install/realsense2_camera_msgs/share/realsense2_camera_msgs/package.ps1'
[0.518s] INFO:colcon.colcon_core.shell:Creating package descriptor '/home/antonio/Documents/GitHub/Jimbot/install/realsense2_camera_msgs/share/realsense2_camera_msgs/package.dsv'
[0.518s] INFO:colcon.colcon_core.shell:Creating package script '/home/antonio/Documents/GitHub/Jimbot/install/realsense2_camera_msgs/share/realsense2_camera_msgs/package.sh'
[0.518s] INFO:colcon.colcon_core.shell:Creating package script '/home/antonio/Documents/GitHub/Jimbot/install/realsense2_camera_msgs/share/realsense2_camera_msgs/package.bash'
[0.518s] INFO:colcon.colcon_core.shell:Creating package script '/home/antonio/Documents/GitHub/Jimbot/install/realsense2_camera_msgs/share/realsense2_camera_msgs/package.zsh'
[0.518s] Level 1:colcon.colcon_core.environment:create_file_with_runtime_dependencies(/home/antonio/Documents/GitHub/Jimbot/install/realsense2_camera_msgs/share/colcon-core/packages/realsense2_camera_msgs)
[0.518s] INFO:colcon.colcon_ros.task.ament_cmake.build:Building ROS package in '/home/antonio/Documents/GitHub/Jimbot/src/realsense-ros/realsense2_camera' with build type 'ament_cmake'
[0.519s] INFO:colcon.colcon_cmake.task.cmake.build:Building CMake package in '/home/antonio/Documents/GitHub/Jimbot/src/realsense-ros/realsense2_camera'
[0.519s] INFO:colcon.colcon_core.shell:Skip shell extension 'powershell' for command environment: Not usable outside of PowerShell
[0.519s] DEBUG:colcon.colcon_core.shell:Skip shell extension 'dsv' for command environment
[0.521s] INFO:colcon.colcon_ros.task.ament_cmake.build:Building ROS package in '/home/antonio/Documents/GitHub/Jimbot/src/realsense-ros/realsense2_description' with build type 'ament_cmake'
[0.521s] INFO:colcon.colcon_cmake.task.cmake.build:Building CMake package in '/home/antonio/Documents/GitHub/Jimbot/src/realsense-ros/realsense2_description'
[0.522s] INFO:colcon.colcon_core.shell:Skip shell extension 'powershell' for command environment: Not usable outside of PowerShell
[0.522s] DEBUG:colcon.colcon_core.shell:Skip shell extension 'dsv' for command environment
[0.526s] DEBUG:colcon.colcon_core.event_handler.log_command:Invoking command in '/home/antonio/Documents/GitHub/Jimbot/build/realsense2_camera': AMENT_PREFIX_PATH=/home/antonio/Documents/GitHub/Jimbot/install/realsense2_camera_msgs:${AMENT_PREFIX_PATH} CMAKE_PREFIX_PATH=/home/antonio/Documents/GitHub/Jimbot/install/realsense2_camera_msgs:/opt/ros/humble LD_LIBRARY_PATH=/home/antonio/Documents/GitHub/Jimbot/install/realsense2_camera_msgs/lib:${LD_LIBRARY_PATH} PYTHONPATH=/home/antonio/Documents/GitHub/Jimbot/install/realsense2_camera_msgs/local/lib/python3.10/dist-packages:${PYTHONPATH} /usr/bin/cmake --build /home/antonio/Documents/GitHub/Jimbot/build/realsense2_camera -- -j16 -l16
[0.528s] DEBUG:colcon.colcon_core.event_handler.log_command:Invoking command in '/home/antonio/Documents/GitHub/Jimbot/build/realsense2_description': AMENT_PREFIX_PATH=/home/antonio/Documents/GitHub/Jimbot/install/realsense2_camera_msgs:${AMENT_PREFIX_PATH} CMAKE_PREFIX_PATH=/home/antonio/Documents/GitHub/Jimbot/install/realsense2_camera_msgs:/opt/ros/humble LD_LIBRARY_PATH=/home/antonio/Documents/GitHub/Jimbot/install/realsense2_camera_msgs/lib:${LD_LIBRARY_PATH} PYTHONPATH=/home/antonio/Documents/GitHub/Jimbot/install/realsense2_camera_msgs/local/lib/python3.10/dist-packages:${PYTHONPATH} /usr/bin/cmake --build /home/antonio/Documents/GitHub/Jimbot/build/realsense2_description -- -j16 -l16
[0.545s] DEBUG:colcon.colcon_core.event_handler.log_command:Invoked command in '/home/antonio/Documents/GitHub/Jimbot/build/realsense2_description' returned '0': AMENT_PREFIX_PATH=/home/antonio/Documents/GitHub/Jimbot/install/realsense2_camera_msgs:${AMENT_PREFIX_PATH} CMAKE_PREFIX_PATH=/home/antonio/Documents/GitHub/Jimbot/install/realsense2_camera_msgs:/opt/ros/humble LD_LIBRARY_PATH=/home/antonio/Documents/GitHub/Jimbot/install/realsense2_camera_msgs/lib:${LD_LIBRARY_PATH} PYTHONPATH=/home/antonio/Documents/GitHub/Jimbot/install/realsense2_camera_msgs/local/lib/python3.10/dist-packages:${PYTHONPATH} /usr/bin/cmake --build /home/antonio/Documents/GitHub/Jimbot/build/realsense2_description -- -j16 -l16
[0.555s] DEBUG:colcon.colcon_core.event_handler.log_command:Invoking command in '/home/antonio/Documents/GitHub/Jimbot/build/realsense2_description': AMENT_PREFIX_PATH=/home/antonio/Documents/GitHub/Jimbot/install/realsense2_camera_msgs:${AMENT_PREFIX_PATH} CMAKE_PREFIX_PATH=/home/antonio/Documents/GitHub/Jimbot/install/realsense2_camera_msgs:/opt/ros/humble LD_LIBRARY_PATH=/home/antonio/Documents/GitHub/Jimbot/install/realsense2_camera_msgs/lib:${LD_LIBRARY_PATH} PYTHONPATH=/home/antonio/Documents/GitHub/Jimbot/install/realsense2_camera_msgs/local/lib/python3.10/dist-packages:${PYTHONPATH} /usr/bin/cmake --install /home/antonio/Documents/GitHub/Jimbot/build/realsense2_description
[0.560s] Level 1:colcon.colcon_core.environment:create_environment_scripts_only(realsense2_description)
[0.561s] Level 1:colcon.colcon_core.environment:checking '/home/antonio/Documents/GitHub/Jimbot/install/realsense2_description' for CMake module files
[0.562s] Level 1:colcon.colcon_core.environment:checking '/home/antonio/Documents/GitHub/Jimbot/install/realsense2_description' for CMake config files
[0.562s] Level 1:colcon.colcon_core.shell:create_environment_hook('realsense2_description', 'cmake_prefix_path')
[0.563s] INFO:colcon.colcon_core.shell:Creating environment hook '/home/antonio/Documents/GitHub/Jimbot/install/realsense2_description/share/realsense2_description/hook/cmake_prefix_path.ps1'
[0.563s] INFO:colcon.colcon_core.shell:Creating environment descriptor '/home/antonio/Documents/GitHub/Jimbot/install/realsense2_description/share/realsense2_description/hook/cmake_prefix_path.dsv'
[0.563s] DEBUG:colcon.colcon_core.event_handler.log_command:Invoked command in '/home/antonio/Documents/GitHub/Jimbot/build/realsense2_description' returned '0': AMENT_PREFIX_PATH=/home/antonio/Documents/GitHub/Jimbot/install/realsense2_camera_msgs:${AMENT_PREFIX_PATH} CMAKE_PREFIX_PATH=/home/antonio/Documents/GitHub/Jimbot/install/realsense2_camera_msgs:/opt/ros/humble LD_LIBRARY_PATH=/home/antonio/Documents/GitHub/Jimbot/install/realsense2_camera_msgs/lib:${LD_LIBRARY_PATH} PYTHONPATH=/home/antonio/Documents/GitHub/Jimbot/install/realsense2_camera_msgs/local/lib/python3.10/dist-packages:${PYTHONPATH} /usr/bin/cmake --install /home/antonio/Documents/GitHub/Jimbot/build/realsense2_description
[0.563s] INFO:colcon.colcon_core.shell:Creating environment hook '/home/antonio/Documents/GitHub/Jimbot/install/realsense2_description/share/realsense2_description/hook/cmake_prefix_path.sh'
[0.564s] Level 1:colcon.colcon_core.environment:checking '/home/antonio/Documents/GitHub/Jimbot/install/realsense2_description/bin'
[0.564s] Level 1:colcon.colcon_core.environment:checking '/home/antonio/Documents/GitHub/Jimbot/install/realsense2_description/lib/pkgconfig/realsense2_description.pc'
[0.564s] Level 1:colcon.colcon_core.environment:checking '/home/antonio/Documents/GitHub/Jimbot/install/realsense2_description/lib/python3.10/site-packages'
[0.564s] Level 1:colcon.colcon_core.environment:checking '/home/antonio/Documents/GitHub/Jimbot/install/realsense2_description/bin'
[0.565s] INFO:colcon.colcon_core.shell:Creating package script '/home/antonio/Documents/GitHub/Jimbot/install/realsense2_description/share/realsense2_description/package.ps1'
[0.565s] INFO:colcon.colcon_core.shell:Creating package descriptor '/home/antonio/Documents/GitHub/Jimbot/install/realsense2_description/share/realsense2_description/package.dsv'
[0.565s] INFO:colcon.colcon_core.shell:Creating package script '/home/antonio/Documents/GitHub/Jimbot/install/realsense2_description/share/realsense2_description/package.sh'
[0.565s] INFO:colcon.colcon_core.shell:Creating package script '/home/antonio/Documents/GitHub/Jimbot/install/realsense2_description/share/realsense2_description/package.bash'
[0.565s] INFO:colcon.colcon_core.shell:Creating package script '/home/antonio/Documents/GitHub/Jimbot/install/realsense2_description/share/realsense2_description/package.zsh'
[0.565s] Level 1:colcon.colcon_core.environment:create_file_with_runtime_dependencies(/home/antonio/Documents/GitHub/Jimbot/install/realsense2_description/share/colcon-core/packages/realsense2_description)
[0.567s] DEBUG:colcon.colcon_core.event_handler.log_command:Invoked command in '/home/antonio/Documents/GitHub/Jimbot/build/realsense2_camera' returned '0': AMENT_PREFIX_PATH=/home/antonio/Documents/GitHub/Jimbot/install/realsense2_camera_msgs:${AMENT_PREFIX_PATH} CMAKE_PREFIX_PATH=/home/antonio/Documents/GitHub/Jimbot/install/realsense2_camera_msgs:/opt/ros/humble LD_LIBRARY_PATH=/home/antonio/Documents/GitHub/Jimbot/install/realsense2_camera_msgs/lib:${LD_LIBRARY_PATH} PYTHONPATH=/home/antonio/Documents/GitHub/Jimbot/install/realsense2_camera_msgs/local/lib/python3.10/dist-packages:${PYTHONPATH} /usr/bin/cmake --build /home/antonio/Documents/GitHub/Jimbot/build/realsense2_camera -- -j16 -l16
[0.575s] Level 1:colcon.colcon_core.environment:create_environment_scripts_only(realsense2_description)
[0.576s] Level 1:colcon.colcon_core.environment:checking '/home/antonio/Documents/GitHub/Jimbot/install/realsense2_description' for CMake module files
[0.576s] Level 1:colcon.colcon_core.environment:checking '/home/antonio/Documents/GitHub/Jimbot/install/realsense2_description' for CMake config files
[0.576s] Level 1:colcon.colcon_core.shell:create_environment_hook('realsense2_description', 'cmake_prefix_path')
[0.577s] INFO:colcon.colcon_core.shell:Creating environment hook '/home/antonio/Documents/GitHub/Jimbot/install/realsense2_description/share/realsense2_description/hook/cmake_prefix_path.ps1'
[0.577s] INFO:colcon.colcon_core.shell:Creating environment descriptor '/home/antonio/Documents/GitHub/Jimbot/install/realsense2_description/share/realsense2_description/hook/cmake_prefix_path.dsv'
[0.577s] INFO:colcon.colcon_core.shell:Creating environment hook '/home/antonio/Documents/GitHub/Jimbot/install/realsense2_description/share/realsense2_description/hook/cmake_prefix_path.sh'
[0.578s] Level 1:colcon.colcon_core.environment:checking '/home/antonio/Documents/GitHub/Jimbot/install/realsense2_description/bin'
[0.578s] Level 1:colcon.colcon_core.environment:checking '/home/antonio/Documents/GitHub/Jimbot/install/realsense2_description/lib/pkgconfig/realsense2_description.pc'
[0.578s] Level 1:colcon.colcon_core.environment:checking '/home/antonio/Documents/GitHub/Jimbot/install/realsense2_description/lib/python3.10/site-packages'
[0.578s] Level 1:colcon.colcon_core.environment:checking '/home/antonio/Documents/GitHub/Jimbot/install/realsense2_description/bin'
[0.579s] INFO:colcon.colcon_core.shell:Creating package script '/home/antonio/Documents/GitHub/Jimbot/install/realsense2_description/share/realsense2_description/package.ps1'
[0.579s] INFO:colcon.colcon_core.shell:Creating package descriptor '/home/antonio/Documents/GitHub/Jimbot/install/realsense2_description/share/realsense2_description/package.dsv'
[0.579s] INFO:colcon.colcon_core.shell:Creating package script '/home/antonio/Documents/GitHub/Jimbot/install/realsense2_description/share/realsense2_description/package.sh'
[0.579s] INFO:colcon.colcon_core.shell:Creating package script '/home/antonio/Documents/GitHub/Jimbot/install/realsense2_description/share/realsense2_description/package.bash'
[0.579s] INFO:colcon.colcon_core.shell:Creating package script '/home/antonio/Documents/GitHub/Jimbot/install/realsense2_description/share/realsense2_description/package.zsh'
[0.580s] Level 1:colcon.colcon_core.environment:create_file_with_runtime_dependencies(/home/antonio/Documents/GitHub/Jimbot/install/realsense2_description/share/colcon-core/packages/realsense2_description)
[0.588s] DEBUG:colcon.colcon_core.event_handler.log_command:Invoking command in '/home/antonio/Documents/GitHub/Jimbot/build/realsense2_camera': AMENT_PREFIX_PATH=/home/antonio/Documents/GitHub/Jimbot/install/realsense2_camera_msgs:${AMENT_PREFIX_PATH} CMAKE_PREFIX_PATH=/home/antonio/Documents/GitHub/Jimbot/install/realsense2_camera_msgs:/opt/ros/humble LD_LIBRARY_PATH=/home/antonio/Documents/GitHub/Jimbot/install/realsense2_camera_msgs/lib:${LD_LIBRARY_PATH} PYTHONPATH=/home/antonio/Documents/GitHub/Jimbot/install/realsense2_camera_msgs/local/lib/python3.10/dist-packages:${PYTHONPATH} /usr/bin/cmake --install /home/antonio/Documents/GitHub/Jimbot/build/realsense2_camera
[0.593s] Level 1:colcon.colcon_core.environment:create_environment_scripts_only(realsense2_camera)
[0.594s] Level 1:colcon.colcon_core.environment:checking '/home/antonio/Documents/GitHub/Jimbot/install/realsense2_camera' for CMake module files
[0.595s] Level 1:colcon.colcon_core.environment:checking '/home/antonio/Documents/GitHub/Jimbot/install/realsense2_camera' for CMake config files
[0.595s] DEBUG:colcon.colcon_core.event_handler.log_command:Invoked command in '/home/antonio/Documents/GitHub/Jimbot/build/realsense2_camera' returned '0': AMENT_PREFIX_PATH=/home/antonio/Documents/GitHub/Jimbot/install/realsense2_camera_msgs:${AMENT_PREFIX_PATH} CMAKE_PREFIX_PATH=/home/antonio/Documents/GitHub/Jimbot/install/realsense2_camera_msgs:/opt/ros/humble LD_LIBRARY_PATH=/home/antonio/Documents/GitHub/Jimbot/install/realsense2_camera_msgs/lib:${LD_LIBRARY_PATH} PYTHONPATH=/home/antonio/Documents/GitHub/Jimbot/install/realsense2_camera_msgs/local/lib/python3.10/dist-packages:${PYTHONPATH} /usr/bin/cmake --install /home/antonio/Documents/GitHub/Jimbot/build/realsense2_camera
[0.595s] Level 1:colcon.colcon_core.shell:create_environment_hook('realsense2_camera', 'cmake_prefix_path')
[0.596s] INFO:colcon.colcon_core.shell:Creating environment hook '/home/antonio/Documents/GitHub/Jimbot/install/realsense2_camera/share/realsense2_camera/hook/cmake_prefix_path.ps1'
[0.596s] INFO:colcon.colcon_core.shell:Creating environment descriptor '/home/antonio/Documents/GitHub/Jimbot/install/realsense2_camera/share/realsense2_camera/hook/cmake_prefix_path.dsv'
[0.596s] INFO:colcon.colcon_core.shell:Creating environment hook '/home/antonio/Documents/GitHub/Jimbot/install/realsense2_camera/share/realsense2_camera/hook/cmake_prefix_path.sh'
[0.597s] Level 1:colcon.colcon_core.environment:checking '/home/antonio/Documents/GitHub/Jimbot/install/realsense2_camera/lib'
[0.597s] Level 1:colcon.colcon_core.shell:create_environment_hook('realsense2_camera', 'ld_library_path_lib')
[0.597s] INFO:colcon.colcon_core.shell:Creating environment hook '/home/antonio/Documents/GitHub/Jimbot/install/realsense2_camera/share/realsense2_camera/hook/ld_library_path_lib.ps1'
[0.598s] INFO:colcon.colcon_core.shell:Creating environment descriptor '/home/antonio/Documents/GitHub/Jimbot/install/realsense2_camera/share/realsense2_camera/hook/ld_library_path_lib.dsv'
[0.598s] INFO:colcon.colcon_core.shell:Creating environment hook '/home/antonio/Documents/GitHub/Jimbot/install/realsense2_camera/share/realsense2_camera/hook/ld_library_path_lib.sh'
[0.598s] Level 1:colcon.colcon_core.environment:checking '/home/antonio/Documents/GitHub/Jimbot/install/realsense2_camera/bin'
[0.598s] Level 1:colcon.colcon_core.environment:checking '/home/antonio/Documents/GitHub/Jimbot/install/realsense2_camera/lib/pkgconfig/realsense2_camera.pc'
[0.598s] Level 1:colcon.colcon_core.environment:checking '/home/antonio/Documents/GitHub/Jimbot/install/realsense2_camera/lib/python3.10/site-packages'
[0.598s] Level 1:colcon.colcon_core.environment:checking '/home/antonio/Documents/GitHub/Jimbot/install/realsense2_camera/bin'
[0.599s] INFO:colcon.colcon_core.shell:Creating package script '/home/antonio/Documents/GitHub/Jimbot/install/realsense2_camera/share/realsense2_camera/package.ps1'
[0.599s] INFO:colcon.colcon_core.shell:Creating package descriptor '/home/antonio/Documents/GitHub/Jimbot/install/realsense2_camera/share/realsense2_camera/package.dsv'
[0.599s] INFO:colcon.colcon_core.shell:Creating package script '/home/antonio/Documents/GitHub/Jimbot/install/realsense2_camera/share/realsense2_camera/package.sh'
[0.599s] INFO:colcon.colcon_core.shell:Creating package script '/home/antonio/Documents/GitHub/Jimbot/install/realsense2_camera/share/realsense2_camera/package.bash'
[0.600s] INFO:colcon.colcon_core.shell:Creating package script '/home/antonio/Documents/GitHub/Jimbot/install/realsense2_camera/share/realsense2_camera/package.zsh'
[0.600s] Level 1:colcon.colcon_core.environment:create_file_with_runtime_dependencies(/home/antonio/Documents/GitHub/Jimbot/install/realsense2_camera/share/colcon-core/packages/realsense2_camera)
[0.621s] Level 1:colcon.colcon_core.environment:create_environment_scripts_only(realsense2_camera)
[0.622s] Level 1:colcon.colcon_core.environment:checking '/home/antonio/Documents/GitHub/Jimbot/install/realsense2_camera' for CMake module files
[0.622s] Level 1:colcon.colcon_core.environment:checking '/home/antonio/Documents/GitHub/Jimbot/install/realsense2_camera' for CMake config files
[0.622s] Level 1:colcon.colcon_core.shell:create_environment_hook('realsense2_camera', 'cmake_prefix_path')
[0.623s] INFO:colcon.colcon_core.shell:Creating environment hook '/home/antonio/Documents/GitHub/Jimbot/install/realsense2_camera/share/realsense2_camera/hook/cmake_prefix_path.ps1'
[0.623s] INFO:colcon.colcon_core.shell:Creating environment descriptor '/home/antonio/Documents/GitHub/Jimbot/install/realsense2_camera/share/realsense2_camera/hook/cmake_prefix_path.dsv'
[0.623s] INFO:colcon.colcon_core.shell:Creating environment hook '/home/antonio/Documents/GitHub/Jimbot/install/realsense2_camera/share/realsense2_camera/hook/cmake_prefix_path.sh'
[0.624s] Level 1:colcon.colcon_core.environment:checking '/home/antonio/Documents/GitHub/Jimbot/install/realsense2_camera/lib'
[0.624s] Level 1:colcon.colcon_core.shell:create_environment_hook('realsense2_camera', 'ld_library_path_lib')
[0.624s] INFO:colcon.colcon_core.shell:Creating environment hook '/home/antonio/Documents/GitHub/Jimbot/install/realsense2_camera/share/realsense2_camera/hook/ld_library_path_lib.ps1'
[0.625s] INFO:colcon.colcon_core.shell:Creating environment descriptor '/home/antonio/Documents/GitHub/Jimbot/install/realsense2_camera/share/realsense2_camera/hook/ld_library_path_lib.dsv'
[0.625s] INFO:colcon.colcon_core.shell:Creating environment hook '/home/antonio/Documents/GitHub/Jimbot/install/realsense2_camera/share/realsense2_camera/hook/ld_library_path_lib.sh'
[0.625s] Level 1:colcon.colcon_core.environment:checking '/home/antonio/Documents/GitHub/Jimbot/install/realsense2_camera/bin'
[0.625s] Level 1:colcon.colcon_core.environment:checking '/home/antonio/Documents/GitHub/Jimbot/install/realsense2_camera/lib/pkgconfig/realsense2_camera.pc'
[0.625s] Level 1:colcon.colcon_core.environment:checking '/home/antonio/Documents/GitHub/Jimbot/install/realsense2_camera/lib/python3.10/site-packages'
[0.625s] Level 1:colcon.colcon_core.environment:checking '/home/antonio/Documents/GitHub/Jimbot/install/realsense2_camera/bin'
[0.626s] INFO:colcon.colcon_core.shell:Creating package script '/home/antonio/Documents/GitHub/Jimbot/install/realsense2_camera/share/realsense2_camera/package.ps1'
[0.626s] INFO:colcon.colcon_core.shell:Creating package descriptor '/home/antonio/Documents/GitHub/Jimbot/install/realsense2_camera/share/realsense2_camera/package.dsv'
[0.627s] INFO:colcon.colcon_core.shell:Creating package script '/home/antonio/Documents/GitHub/Jimbot/install/realsense2_camera/share/realsense2_camera/package.sh'
[0.627s] INFO:colcon.colcon_core.shell:Creating package script '/home/antonio/Documents/GitHub/Jimbot/install/realsense2_camera/share/realsense2_camera/package.bash'
[0.627s] INFO:colcon.colcon_core.shell:Creating package script '/home/antonio/Documents/GitHub/Jimbot/install/realsense2_camera/share/realsense2_camera/package.zsh'
[0.627s] Level 1:colcon.colcon_core.environment:create_file_with_runtime_dependencies(/home/antonio/Documents/GitHub/Jimbot/install/realsense2_camera/share/colcon-core/packages/realsense2_camera)
[4.638s] DEBUG:colcon.colcon_core.event_handler.log_command:Invoked command in '/home/antonio/Documents/GitHub/Jimbot/build/robot' returned '0': CMAKE_PREFIX_PATH=/opt/ros/humble /usr/bin/cmake --build /home/antonio/Documents/GitHub/Jimbot/build/robot -- -j16 -l16
[4.648s] DEBUG:colcon.colcon_core.event_handler.log_command:Invoking command in '/home/antonio/Documents/GitHub/Jimbot/build/robot': CMAKE_PREFIX_PATH=/opt/ros/humble /usr/bin/cmake --install /home/antonio/Documents/GitHub/Jimbot/build/robot
[4.655s] Level 1:colcon.colcon_core.environment:create_environment_scripts_only(robot)
[4.656s] Level 1:colcon.colcon_core.environment:checking '/home/antonio/Documents/GitHub/Jimbot/install/robot' for CMake module files
[4.656s] DEBUG:colcon.colcon_core.event_handler.log_command:Invoked command in '/home/antonio/Documents/GitHub/Jimbot/build/robot' returned '0': CMAKE_PREFIX_PATH=/opt/ros/humble /usr/bin/cmake --install /home/antonio/Documents/GitHub/Jimbot/build/robot
[4.656s] Level 1:colcon.colcon_core.environment:checking '/home/antonio/Documents/GitHub/Jimbot/install/robot' for CMake config files
[4.656s] Level 1:colcon.colcon_core.shell:create_environment_hook('robot', 'cmake_prefix_path')
[4.657s] INFO:colcon.colcon_core.shell:Creating environment hook '/home/antonio/Documents/GitHub/Jimbot/install/robot/share/robot/hook/cmake_prefix_path.ps1'
[4.657s] INFO:colcon.colcon_core.shell:Creating environment descriptor '/home/antonio/Documents/GitHub/Jimbot/install/robot/share/robot/hook/cmake_prefix_path.dsv'
[4.657s] INFO:colcon.colcon_core.shell:Creating environment hook '/home/antonio/Documents/GitHub/Jimbot/install/robot/share/robot/hook/cmake_prefix_path.sh'
[4.657s] Level 1:colcon.colcon_core.environment:checking '/home/antonio/Documents/GitHub/Jimbot/install/robot/lib'
[4.658s] Level 1:colcon.colcon_core.environment:checking '/home/antonio/Documents/GitHub/Jimbot/install/robot/bin'
[4.658s] Level 1:colcon.colcon_core.environment:checking '/home/antonio/Documents/GitHub/Jimbot/install/robot/lib/pkgconfig/robot.pc'
[4.658s] Level 1:colcon.colcon_core.environment:checking '/home/antonio/Documents/GitHub/Jimbot/install/robot/lib/python3.10/site-packages'
[4.658s] Level 1:colcon.colcon_core.environment:checking '/home/antonio/Documents/GitHub/Jimbot/install/robot/bin'
[4.659s] INFO:colcon.colcon_core.shell:Creating package script '/home/antonio/Documents/GitHub/Jimbot/install/robot/share/robot/package.ps1'
[4.659s] INFO:colcon.colcon_core.shell:Creating package descriptor '/home/antonio/Documents/GitHub/Jimbot/install/robot/share/robot/package.dsv'
[4.659s] INFO:colcon.colcon_core.shell:Creating package script '/home/antonio/Documents/GitHub/Jimbot/install/robot/share/robot/package.sh'
[4.659s] INFO:colcon.colcon_core.shell:Creating package script '/home/antonio/Documents/GitHub/Jimbot/install/robot/share/robot/package.bash'
[4.660s] INFO:colcon.colcon_core.shell:Creating package script '/home/antonio/Documents/GitHub/Jimbot/install/robot/share/robot/package.zsh'
[4.660s] Level 1:colcon.colcon_core.environment:create_file_with_runtime_dependencies(/home/antonio/Documents/GitHub/Jimbot/install/robot/share/colcon-core/packages/robot)
[4.676s] Level 1:colcon.colcon_core.environment:create_environment_scripts_only(robot)
[4.677s] Level 1:colcon.colcon_core.environment:checking '/home/antonio/Documents/GitHub/Jimbot/install/robot' for CMake module files
[4.678s] Level 1:colcon.colcon_core.environment:checking '/home/antonio/Documents/GitHub/Jimbot/install/robot' for CMake config files
[4.678s] Level 1:colcon.colcon_core.shell:create_environment_hook('robot', 'cmake_prefix_path')
[4.679s] INFO:colcon.colcon_core.shell:Creating environment hook '/home/antonio/Documents/GitHub/Jimbot/install/robot/share/robot/hook/cmake_prefix_path.ps1'
[4.680s] INFO:colcon.colcon_core.shell:Creating environment descriptor '/home/antonio/Documents/GitHub/Jimbot/install/robot/share/robot/hook/cmake_prefix_path.dsv'
[4.680s] INFO:colcon.colcon_core.shell:Creating environment hook '/home/antonio/Documents/GitHub/Jimbot/install/robot/share/robot/hook/cmake_prefix_path.sh'
[4.681s] Level 1:colcon.colcon_core.environment:checking '/home/antonio/Documents/GitHub/Jimbot/install/robot/lib'
[4.681s] Level 1:colcon.colcon_core.environment:checking '/home/antonio/Documents/GitHub/Jimbot/install/robot/bin'
[4.681s] Level 1:colcon.colcon_core.environment:checking '/home/antonio/Documents/GitHub/Jimbot/install/robot/lib/pkgconfig/robot.pc'
[4.681s] Level 1:colcon.colcon_core.environment:checking '/home/antonio/Documents/GitHub/Jimbot/install/robot/lib/python3.10/site-packages'
[4.681s] Level 1:colcon.colcon_core.environment:checking '/home/antonio/Documents/GitHub/Jimbot/install/robot/bin'
[4.683s] INFO:colcon.colcon_core.shell:Creating package script '/home/antonio/Documents/GitHub/Jimbot/install/robot/share/robot/package.ps1'
[4.684s] INFO:colcon.colcon_core.shell:Creating package descriptor '/home/antonio/Documents/GitHub/Jimbot/install/robot/share/robot/package.dsv'
[4.684s] INFO:colcon.colcon_core.shell:Creating package script '/home/antonio/Documents/GitHub/Jimbot/install/robot/share/robot/package.sh'
[4.684s] INFO:colcon.colcon_core.shell:Creating package script '/home/antonio/Documents/GitHub/Jimbot/install/robot/share/robot/package.bash'
[4.685s] INFO:colcon.colcon_core.shell:Creating package script '/home/antonio/Documents/GitHub/Jimbot/install/robot/share/robot/package.zsh'
[4.685s] Level 1:colcon.colcon_core.environment:create_file_with_runtime_dependencies(/home/antonio/Documents/GitHub/Jimbot/install/robot/share/colcon-core/packages/robot)
[4.685s] DEBUG:colcon.colcon_parallel_executor.executor.parallel:closing loop
[4.686s] DEBUG:colcon.colcon_parallel_executor.executor.parallel:loop closed
[4.686s] DEBUG:colcon.colcon_parallel_executor.executor.parallel:run_until_complete finished with '0'
[4.686s] DEBUG:colcon.colcon_core.event_reactor:joining thread
[4.692s] INFO:colcon.colcon_core.plugin_system:Skipping extension 'colcon_notification.desktop_notification.notify_send': Could not find 'notify-send'
[4.692s] INFO:colcon.colcon_core.plugin_system:Skipping extension 'colcon_notification.desktop_notification.terminal_notifier': Not used on non-Darwin systems
[4.693s] INFO:colcon.colcon_core.plugin_system:Skipping extension 'colcon_notification.desktop_notification.win32': Not used on non-Windows systems
[4.693s] INFO:colcon.colcon_notification.desktop_notification:Sending desktop notification using 'notify2'
[4.705s] DEBUG:colcon.colcon_core.event_reactor:joined thread
[4.706s] INFO:colcon.colcon_core.shell:Creating prefix script '/home/antonio/Documents/GitHub/Jimbot/install/local_setup.ps1'
[4.707s] INFO:colcon.colcon_core.shell:Creating prefix util module '/home/antonio/Documents/GitHub/Jimbot/install/_local_setup_util_ps1.py'
[4.707s] INFO:colcon.colcon_core.shell:Creating prefix chain script '/home/antonio/Documents/GitHub/Jimbot/install/setup.ps1'
[4.708s] INFO:colcon.colcon_core.shell:Creating prefix script '/home/antonio/Documents/GitHub/Jimbot/install/local_setup.sh'
[4.708s] INFO:colcon.colcon_core.shell:Creating prefix util module '/home/antonio/Documents/GitHub/Jimbot/install/_local_setup_util_sh.py'
[4.709s] INFO:colcon.colcon_core.shell:Creating prefix chain script '/home/antonio/Documents/GitHub/Jimbot/install/setup.sh'
[4.709s] INFO:colcon.colcon_core.shell:Creating prefix script '/home/antonio/Documents/GitHub/Jimbot/install/local_setup.bash'
[4.709s] INFO:colcon.colcon_core.shell:Creating prefix chain script '/home/antonio/Documents/GitHub/Jimbot/install/setup.bash'
[4.710s] INFO:colcon.colcon_core.shell:Creating prefix script '/home/antonio/Documents/GitHub/Jimbot/install/local_setup.zsh'
[4.710s] INFO:colcon.colcon_core.shell:Creating prefix chain script '/home/antonio/Documents/GitHub/Jimbot/install/setup.zsh'
